Copyright 1986-2017 Xilinx, Inc. All Rights Reserved.
---------------------------------------------------------------------------------------------------------------------------
| Tool Version : Vivado v.2017.4 (win64) Build 2086221 Fri Dec 15 20:55:39 MST 2017
| Date         : Thu Feb  8 15:24:28 2018
| Host         : Del_Alienware running 64-bit Service Pack 1  (build 7601)
| Command      : report_drc -file Top_wrapper_drc_routed.rpt -pb Top_wrapper_drc_routed.pb -rpx Top_wrapper_drc_routed.rpx
| Design       : Top_wrapper
| Device       : xc7z020clg484-1
| Speed File   : -1
| Design State : Routed
---------------------------------------------------------------------------------------------------------------------------

Report DRC

Table of Contents
-----------------
1. REPORT SUMMARY
2. REPORT DETAILS

1. REPORT SUMMARY
-----------------
            Netlist: netlist
          Floorplan: design_1
      Design limits: <entire design considered>
           Ruledeck: default
             Max violations: <unlimited>
             Violations found: 129
+-----------+----------+------------------------+------------+
| Rule      | Severity | Description            | Violations |
+-----------+----------+------------------------+------------+
| DPIP-1    | Warning  | Input pipelining       | 64         |
| DPOP-1    | Warning  | PREG Output pipelining | 32         |
| DPOP-2    | Warning  | MREG Output pipelining | 32         |
| RTSTAT-10 | Warning  | No routable loads      | 1          |
+-----------+----------+------------------------+------------+

2. REPORT DETAILS
-----------------
DPIP-1#1 Warning
Input pipelining  
DSP Top_i/eq_core_0/inst/eq_core_v1_0_S00_AXI_inst/Interim_L3 input Top_i/eq_core_0/inst/eq_core_v1_0_S00_AXI_inst/Interim_L3/A[29:0] is not pipelined. Pipelining DSP48 input will improve performance.
Related violations: <none>

DPIP-1#2 Warning
Input pipelining  
DSP Top_i/eq_core_0/inst/eq_core_v1_0_S00_AXI_inst/Interim_L3 input Top_i/eq_core_0/inst/eq_core_v1_0_S00_AXI_inst/Interim_L3/B[17:0] is not pipelined. Pipelining DSP48 input will improve performance.
Related violations: <none>

DPIP-1#3 Warning
Input pipelining  
DSP Top_i/eq_core_0/inst/eq_core_v1_0_S00_AXI_inst/Interim_L3__0 input Top_i/eq_core_0/inst/eq_core_v1_0_S00_AXI_inst/Interim_L3__0/A[29:0] is not pipelined. Pipelining DSP48 input will improve performance.
Related violations: <none>

DPIP-1#4 Warning
Input pipelining  
DSP Top_i/eq_core_0/inst/eq_core_v1_0_S00_AXI_inst/Interim_L3__0 input Top_i/eq_core_0/inst/eq_core_v1_0_S00_AXI_inst/Interim_L3__0/B[17:0] is not pipelined. Pipelining DSP48 input will improve performance.
Related violations: <none>

DPIP-1#5 Warning
Input pipelining  
DSP Top_i/eq_core_0/inst/eq_core_v1_0_S00_AXI_inst/Interim_L3__1 input Top_i/eq_core_0/inst/eq_core_v1_0_S00_AXI_inst/Interim_L3__1/A[29:0] is not pipelined. Pipelining DSP48 input will improve performance.
Related violations: <none>

DPIP-1#6 Warning
Input pipelining  
DSP Top_i/eq_core_0/inst/eq_core_v1_0_S00_AXI_inst/Interim_L3__1 input Top_i/eq_core_0/inst/eq_core_v1_0_S00_AXI_inst/Interim_L3__1/B[17:0] is not pipelined. Pipelining DSP48 input will improve performance.
Related violations: <none>

DPIP-1#7 Warning
Input pipelining  
DSP Top_i/eq_core_0/inst/eq_core_v1_0_S00_AXI_inst/Interim_L3__2 input Top_i/eq_core_0/inst/eq_core_v1_0_S00_AXI_inst/Interim_L3__2/A[29:0] is not pipelined. Pipelining DSP48 input will improve performance.
Related violations: <none>

DPIP-1#8 Warning
Input pipelining  
DSP Top_i/eq_core_0/inst/eq_core_v1_0_S00_AXI_inst/Interim_L3__2 input Top_i/eq_core_0/inst/eq_core_v1_0_S00_AXI_inst/Interim_L3__2/B[17:0] is not pipelined. Pipelining DSP48 input will improve performance.
Related violations: <none>

DPIP-1#9 Warning
Input pipelining  
DSP Top_i/eq_core_0/inst/eq_core_v1_0_S00_AXI_inst/Interim_L3__3 input Top_i/eq_core_0/inst/eq_core_v1_0_S00_AXI_inst/Interim_L3__3/A[29:0] is not pipelined. Pipelining DSP48 input will improve performance.
Related violations: <none>

DPIP-1#10 Warning
Input pipelining  
DSP Top_i/eq_core_0/inst/eq_core_v1_0_S00_AXI_inst/Interim_L3__3 input Top_i/eq_core_0/inst/eq_core_v1_0_S00_AXI_inst/Interim_L3__3/B[17:0] is not pipelined. Pipelining DSP48 input will improve performance.
Related violations: <none>

DPIP-1#11 Warning
Input pipelining  
DSP Top_i/eq_core_0/inst/eq_core_v1_0_S00_AXI_inst/Interim_L3__4 input Top_i/eq_core_0/inst/eq_core_v1_0_S00_AXI_inst/Interim_L3__4/A[29:0] is not pipelined. Pipelining DSP48 input will improve performance.
Related violations: <none>

DPIP-1#12 Warning
Input pipelining  
DSP Top_i/eq_core_0/inst/eq_core_v1_0_S00_AXI_inst/Interim_L3__4 input Top_i/eq_core_0/inst/eq_core_v1_0_S00_AXI_inst/Interim_L3__4/B[17:0] is not pipelined. Pipelining DSP48 input will improve performance.
Related violations: <none>

DPIP-1#13 Warning
Input pipelining  
DSP Top_i/eq_core_0/inst/eq_core_v1_0_S00_AXI_inst/Interim_L3__5 input Top_i/eq_core_0/inst/eq_core_v1_0_S00_AXI_inst/Interim_L3__5/A[29:0] is not pipelined. Pipelining DSP48 input will improve performance.
Related violations: <none>

DPIP-1#14 Warning
Input pipelining  
DSP Top_i/eq_core_0/inst/eq_core_v1_0_S00_AXI_inst/Interim_L3__5 input Top_i/eq_core_0/inst/eq_core_v1_0_S00_AXI_inst/Interim_L3__5/B[17:0] is not pipelined. Pipelining DSP48 input will improve performance.
Related violations: <none>

DPIP-1#15 Warning
Input pipelining  
DSP Top_i/eq_core_0/inst/eq_core_v1_0_S00_AXI_inst/Interim_L3__6 input Top_i/eq_core_0/inst/eq_core_v1_0_S00_AXI_inst/Interim_L3__6/A[29:0] is not pipelined. Pipelining DSP48 input will improve performance.
Related violations: <none>

DPIP-1#16 Warning
Input pipelining  
DSP Top_i/eq_core_0/inst/eq_core_v1_0_S00_AXI_inst/Interim_L3__6 input Top_i/eq_core_0/inst/eq_core_v1_0_S00_AXI_inst/Interim_L3__6/B[17:0] is not pipelined. Pipelining DSP48 input will improve performance.
Related violations: <none>

DPIP-1#17 Warning
Input pipelining  
DSP Top_i/eq_core_0/inst/eq_core_v1_0_S00_AXI_inst/Interim_L4 input Top_i/eq_core_0/inst/eq_core_v1_0_S00_AXI_inst/Interim_L4/A[29:0] is not pipelined. Pipelining DSP48 input will improve performance.
Related violations: <none>

DPIP-1#18 Warning
Input pipelining  
DSP Top_i/eq_core_0/inst/eq_core_v1_0_S00_AXI_inst/Interim_L4 input Top_i/eq_core_0/inst/eq_core_v1_0_S00_AXI_inst/Interim_L4/B[17:0] is not pipelined. Pipelining DSP48 input will improve performance.
Related violations: <none>

DPIP-1#19 Warning
Input pipelining  
DSP Top_i/eq_core_0/inst/eq_core_v1_0_S00_AXI_inst/Interim_L4__0 input Top_i/eq_core_0/inst/eq_core_v1_0_S00_AXI_inst/Interim_L4__0/A[29:0] is not pipelined. Pipelining DSP48 input will improve performance.
Related violations: <none>

DPIP-1#20 Warning
Input pipelining  
DSP Top_i/eq_core_0/inst/eq_core_v1_0_S00_AXI_inst/Interim_L4__0 input Top_i/eq_core_0/inst/eq_core_v1_0_S00_AXI_inst/Interim_L4__0/B[17:0] is not pipelined. Pipelining DSP48 input will improve performance.
Related violations: <none>

DPIP-1#21 Warning
Input pipelining  
DSP Top_i/eq_core_0/inst/eq_core_v1_0_S00_AXI_inst/Interim_L4__1 input Top_i/eq_core_0/inst/eq_core_v1_0_S00_AXI_inst/Interim_L4__1/A[29:0] is not pipelined. Pipelining DSP48 input will improve performance.
Related violations: <none>

DPIP-1#22 Warning
Input pipelining  
DSP Top_i/eq_core_0/inst/eq_core_v1_0_S00_AXI_inst/Interim_L4__1 input Top_i/eq_core_0/inst/eq_core_v1_0_S00_AXI_inst/Interim_L4__1/B[17:0] is not pipelined. Pipelining DSP48 input will improve performance.
Related violations: <none>

DPIP-1#23 Warning
Input pipelining  
DSP Top_i/eq_core_0/inst/eq_core_v1_0_S00_AXI_inst/Interim_L4__2 input Top_i/eq_core_0/inst/eq_core_v1_0_S00_AXI_inst/Interim_L4__2/A[29:0] is not pipelined. Pipelining DSP48 input will improve performance.
Related violations: <none>

DPIP-1#24 Warning
Input pipelining  
DSP Top_i/eq_core_0/inst/eq_core_v1_0_S00_AXI_inst/Interim_L4__2 input Top_i/eq_core_0/inst/eq_core_v1_0_S00_AXI_inst/Interim_L4__2/B[17:0] is not pipelined. Pipelining DSP48 input will improve performance.
Related violations: <none>

DPIP-1#25 Warning
Input pipelining  
DSP Top_i/eq_core_0/inst/eq_core_v1_0_S00_AXI_inst/Interim_L4__3 input Top_i/eq_core_0/inst/eq_core_v1_0_S00_AXI_inst/Interim_L4__3/A[29:0] is not pipelined. Pipelining DSP48 input will improve performance.
Related violations: <none>

DPIP-1#26 Warning
Input pipelining  
DSP Top_i/eq_core_0/inst/eq_core_v1_0_S00_AXI_inst/Interim_L4__3 input Top_i/eq_core_0/inst/eq_core_v1_0_S00_AXI_inst/Interim_L4__3/B[17:0] is not pipelined. Pipelining DSP48 input will improve performance.
Related violations: <none>

DPIP-1#27 Warning
Input pipelining  
DSP Top_i/eq_core_0/inst/eq_core_v1_0_S00_AXI_inst/Interim_L4__4 input Top_i/eq_core_0/inst/eq_core_v1_0_S00_AXI_inst/Interim_L4__4/A[29:0] is not pipelined. Pipelining DSP48 input will improve performance.
Related violations: <none>

DPIP-1#28 Warning
Input pipelining  
DSP Top_i/eq_core_0/inst/eq_core_v1_0_S00_AXI_inst/Interim_L4__4 input Top_i/eq_core_0/inst/eq_core_v1_0_S00_AXI_inst/Interim_L4__4/B[17:0] is not pipelined. Pipelining DSP48 input will improve performance.
Related violations: <none>

DPIP-1#29 Warning
Input pipelining  
DSP Top_i/eq_core_0/inst/eq_core_v1_0_S00_AXI_inst/Interim_L4__5 input Top_i/eq_core_0/inst/eq_core_v1_0_S00_AXI_inst/Interim_L4__5/A[29:0] is not pipelined. Pipelining DSP48 input will improve performance.
Related violations: <none>

DPIP-1#30 Warning
Input pipelining  
DSP Top_i/eq_core_0/inst/eq_core_v1_0_S00_AXI_inst/Interim_L4__5 input Top_i/eq_core_0/inst/eq_core_v1_0_S00_AXI_inst/Interim_L4__5/B[17:0] is not pipelined. Pipelining DSP48 input will improve performance.
Related violations: <none>

DPIP-1#31 Warning
Input pipelining  
DSP Top_i/eq_core_0/inst/eq_core_v1_0_S00_AXI_inst/Interim_L4__6 input Top_i/eq_core_0/inst/eq_core_v1_0_S00_AXI_inst/Interim_L4__6/A[29:0] is not pipelined. Pipelining DSP48 input will improve performance.
Related violations: <none>

DPIP-1#32 Warning
Input pipelining  
DSP Top_i/eq_core_0/inst/eq_core_v1_0_S00_AXI_inst/Interim_L4__6 input Top_i/eq_core_0/inst/eq_core_v1_0_S00_AXI_inst/Interim_L4__6/B[17:0] is not pipelined. Pipelining DSP48 input will improve performance.
Related violations: <none>

DPIP-1#33 Warning
Input pipelining  
DSP Top_i/eq_core_0/inst/eq_core_v1_0_S00_AXI_inst/Interim_R3 input Top_i/eq_core_0/inst/eq_core_v1_0_S00_AXI_inst/Interim_R3/A[29:0] is not pipelined. Pipelining DSP48 input will improve performance.
Related violations: <none>

DPIP-1#34 Warning
Input pipelining  
DSP Top_i/eq_core_0/inst/eq_core_v1_0_S00_AXI_inst/Interim_R3 input Top_i/eq_core_0/inst/eq_core_v1_0_S00_AXI_inst/Interim_R3/B[17:0] is not pipelined. Pipelining DSP48 input will improve performance.
Related violations: <none>

DPIP-1#35 Warning
Input pipelining  
DSP Top_i/eq_core_0/inst/eq_core_v1_0_S00_AXI_inst/Interim_R3__0 input Top_i/eq_core_0/inst/eq_core_v1_0_S00_AXI_inst/Interim_R3__0/A[29:0] is not pipelined. Pipelining DSP48 input will improve performance.
Related violations: <none>

DPIP-1#36 Warning
Input pipelining  
DSP Top_i/eq_core_0/inst/eq_core_v1_0_S00_AXI_inst/Interim_R3__0 input Top_i/eq_core_0/inst/eq_core_v1_0_S00_AXI_inst/Interim_R3__0/B[17:0] is not pipelined. Pipelining DSP48 input will improve performance.
Related violations: <none>

DPIP-1#37 Warning
Input pipelining  
DSP Top_i/eq_core_0/inst/eq_core_v1_0_S00_AXI_inst/Interim_R3__1 input Top_i/eq_core_0/inst/eq_core_v1_0_S00_AXI_inst/Interim_R3__1/A[29:0] is not pipelined. Pipelining DSP48 input will improve performance.
Related violations: <none>

DPIP-1#38 Warning
Input pipelining  
DSP Top_i/eq_core_0/inst/eq_core_v1_0_S00_AXI_inst/Interim_R3__1 input Top_i/eq_core_0/inst/eq_core_v1_0_S00_AXI_inst/Interim_R3__1/B[17:0] is not pipelined. Pipelining DSP48 input will improve performance.
Related violations: <none>

DPIP-1#39 Warning
Input pipelining  
DSP Top_i/eq_core_0/inst/eq_core_v1_0_S00_AXI_inst/Interim_R3__2 input Top_i/eq_core_0/inst/eq_core_v1_0_S00_AXI_inst/Interim_R3__2/A[29:0] is not pipelined. Pipelining DSP48 input will improve performance.
Related violations: <none>

DPIP-1#40 Warning
Input pipelining  
DSP Top_i/eq_core_0/inst/eq_core_v1_0_S00_AXI_inst/Interim_R3__2 input Top_i/eq_core_0/inst/eq_core_v1_0_S00_AXI_inst/Interim_R3__2/B[17:0] is not pipelined. Pipelining DSP48 input will improve performance.
Related violations: <none>

DPIP-1#41 Warning
Input pipelining  
DSP Top_i/eq_core_0/inst/eq_core_v1_0_S00_AXI_inst/Interim_R3__3 input Top_i/eq_core_0/inst/eq_core_v1_0_S00_AXI_inst/Interim_R3__3/A[29:0] is not pipelined. Pipelining DSP48 input will improve performance.
Related violations: <none>

DPIP-1#42 Warning
Input pipelining  
DSP Top_i/eq_core_0/inst/eq_core_v1_0_S00_AXI_inst/Interim_R3__3 input Top_i/eq_core_0/inst/eq_core_v1_0_S00_AXI_inst/Interim_R3__3/B[17:0] is not pipelined. Pipelining DSP48 input will improve performance.
Related violations: <none>

DPIP-1#43 Warning
Input pipelining  
DSP Top_i/eq_core_0/inst/eq_core_v1_0_S00_AXI_inst/Interim_R3__4 input Top_i/eq_core_0/inst/eq_core_v1_0_S00_AXI_inst/Interim_R3__4/A[29:0] is not pipelined. Pipelining DSP48 input will improve performance.
Related violations: <none>

DPIP-1#44 Warning
Input pipelining  
DSP Top_i/eq_core_0/inst/eq_core_v1_0_S00_AXI_inst/Interim_R3__4 input Top_i/eq_core_0/inst/eq_core_v1_0_S00_AXI_inst/Interim_R3__4/B[17:0] is not pipelined. Pipelining DSP48 input will improve performance.
Related violations: <none>

DPIP-1#45 Warning
Input pipelining  
DSP Top_i/eq_core_0/inst/eq_core_v1_0_S00_AXI_inst/Interim_R3__5 input Top_i/eq_core_0/inst/eq_core_v1_0_S00_AXI_inst/Interim_R3__5/A[29:0] is not pipelined. Pipelining DSP48 input will improve performance.
Related violations: <none>

DPIP-1#46 Warning
Input pipelining  
DSP Top_i/eq_core_0/inst/eq_core_v1_0_S00_AXI_inst/Interim_R3__5 input Top_i/eq_core_0/inst/eq_core_v1_0_S00_AXI_inst/Interim_R3__5/B[17:0] is not pipelined. Pipelining DSP48 input will improve performance.
Related violations: <none>

DPIP-1#47 Warning
Input pipelining  
DSP Top_i/eq_core_0/inst/eq_core_v1_0_S00_AXI_inst/Interim_R3__6 input Top_i/eq_core_0/inst/eq_core_v1_0_S00_AXI_inst/Interim_R3__6/A[29:0] is not pipelined. Pipelining DSP48 input will improve performance.
Related violations: <none>

DPIP-1#48 Warning
Input pipelining  
DSP Top_i/eq_core_0/inst/eq_core_v1_0_S00_AXI_inst/Interim_R3__6 input Top_i/eq_core_0/inst/eq_core_v1_0_S00_AXI_inst/Interim_R3__6/B[17:0] is not pipelined. Pipelining DSP48 input will improve performance.
Related violations: <none>

DPIP-1#49 Warning
Input pipelining  
DSP Top_i/eq_core_0/inst/eq_core_v1_0_S00_AXI_inst/Interim_R4 input Top_i/eq_core_0/inst/eq_core_v1_0_S00_AXI_inst/Interim_R4/A[29:0] is not pipelined. Pipelining DSP48 input will improve performance.
Related violations: <none>

DPIP-1#50 Warning
Input pipelining  
DSP Top_i/eq_core_0/inst/eq_core_v1_0_S00_AXI_inst/Interim_R4 input Top_i/eq_core_0/inst/eq_core_v1_0_S00_AXI_inst/Interim_R4/B[17:0] is not pipelined. Pipelining DSP48 input will improve performance.
Related violations: <none>

DPIP-1#51 Warning
Input pipelining  
DSP Top_i/eq_core_0/inst/eq_core_v1_0_S00_AXI_inst/Interim_R4__0 input Top_i/eq_core_0/inst/eq_core_v1_0_S00_AXI_inst/Interim_R4__0/A[29:0] is not pipelined. Pipelining DSP48 input will improve performance.
Related violations: <none>

DPIP-1#52 Warning
Input pipelining  
DSP Top_i/eq_core_0/inst/eq_core_v1_0_S00_AXI_inst/Interim_R4__0 input Top_i/eq_core_0/inst/eq_core_v1_0_S00_AXI_inst/Interim_R4__0/B[17:0] is not pipelined. Pipelining DSP48 input will improve performance.
Related violations: <none>

DPIP-1#53 Warning
Input pipelining  
DSP Top_i/eq_core_0/inst/eq_core_v1_0_S00_AXI_inst/Interim_R4__1 input Top_i/eq_core_0/inst/eq_core_v1_0_S00_AXI_inst/Interim_R4__1/A[29:0] is not pipelined. Pipelining DSP48 input will improve performance.
Related violations: <none>

DPIP-1#54 Warning
Input pipelining  
DSP Top_i/eq_core_0/inst/eq_core_v1_0_S00_AXI_inst/Interim_R4__1 input Top_i/eq_core_0/inst/eq_core_v1_0_S00_AXI_inst/Interim_R4__1/B[17:0] is not pipelined. Pipelining DSP48 input will improve performance.
Related violations: <none>

DPIP-1#55 Warning
Input pipelining  
DSP Top_i/eq_core_0/inst/eq_core_v1_0_S00_AXI_inst/Interim_R4__2 input Top_i/eq_core_0/inst/eq_core_v1_0_S00_AXI_inst/Interim_R4__2/A[29:0] is not pipelined. Pipelining DSP48 input will improve performance.
Related violations: <none>

DPIP-1#56 Warning
Input pipelining  
DSP Top_i/eq_core_0/inst/eq_core_v1_0_S00_AXI_inst/Interim_R4__2 input Top_i/eq_core_0/inst/eq_core_v1_0_S00_AXI_inst/Interim_R4__2/B[17:0] is not pipelined. Pipelining DSP48 input will improve performance.
Related violations: <none>

DPIP-1#57 Warning
Input pipelining  
DSP Top_i/eq_core_0/inst/eq_core_v1_0_S00_AXI_inst/Interim_R4__3 input Top_i/eq_core_0/inst/eq_core_v1_0_S00_AXI_inst/Interim_R4__3/A[29:0] is not pipelined. Pipelining DSP48 input will improve performance.
Related violations: <none>

DPIP-1#58 Warning
Input pipelining  
DSP Top_i/eq_core_0/inst/eq_core_v1_0_S00_AXI_inst/Interim_R4__3 input Top_i/eq_core_0/inst/eq_core_v1_0_S00_AXI_inst/Interim_R4__3/B[17:0] is not pipelined. Pipelining DSP48 input will improve performance.
Related violations: <none>

DPIP-1#59 Warning
Input pipelining  
DSP Top_i/eq_core_0/inst/eq_core_v1_0_S00_AXI_inst/Interim_R4__4 input Top_i/eq_core_0/inst/eq_core_v1_0_S00_AXI_inst/Interim_R4__4/A[29:0] is not pipelined. Pipelining DSP48 input will improve performance.
Related violations: <none>

DPIP-1#60 Warning
Input pipelining  
DSP Top_i/eq_core_0/inst/eq_core_v1_0_S00_AXI_inst/Interim_R4__4 input Top_i/eq_core_0/inst/eq_core_v1_0_S00_AXI_inst/Interim_R4__4/B[17:0] is not pipelined. Pipelining DSP48 input will improve performance.
Related violations: <none>

DPIP-1#61 Warning
Input pipelining  
DSP Top_i/eq_core_0/inst/eq_core_v1_0_S00_AXI_inst/Interim_R4__5 input Top_i/eq_core_0/inst/eq_core_v1_0_S00_AXI_inst/Interim_R4__5/A[29:0] is not pipelined. Pipelining DSP48 input will improve performance.
Related violations: <none>

DPIP-1#62 Warning
Input pipelining  
DSP Top_i/eq_core_0/inst/eq_core_v1_0_S00_AXI_inst/Interim_R4__5 input Top_i/eq_core_0/inst/eq_core_v1_0_S00_AXI_inst/Interim_R4__5/B[17:0] is not pipelined. Pipelining DSP48 input will improve performance.
Related violations: <none>

DPIP-1#63 Warning
Input pipelining  
DSP Top_i/eq_core_0/inst/eq_core_v1_0_S00_AXI_inst/Interim_R4__6 input Top_i/eq_core_0/inst/eq_core_v1_0_S00_AXI_inst/Interim_R4__6/A[29:0] is not pipelined. Pipelining DSP48 input will improve performance.
Related violations: <none>

DPIP-1#64 Warning
Input pipelining  
DSP Top_i/eq_core_0/inst/eq_core_v1_0_S00_AXI_inst/Interim_R4__6 input Top_i/eq_core_0/inst/eq_core_v1_0_S00_AXI_inst/Interim_R4__6/B[17:0] is not pipelined. Pipelining DSP48 input will improve performance.
Related violations: <none>

DPOP-1#1 Warning
PREG Output pipelining  
DSP Top_i/eq_core_0/inst/eq_core_v1_0_S00_AXI_inst/Interim_L3 output Top_i/eq_core_0/inst/eq_core_v1_0_S00_AXI_inst/Interim_L3/P[47:0] is not pipelined (PREG=0). Pipelining the DSP48 output will improve performance and often saves power so it is suggested whenever possible to fully pipeline this function.  If this DSP48 function was inferred, it is suggested to describe an additional register stage after this function.  If the DSP48 was instantiated in the design, it is suggested to set the PREG attribute to 1.
Related violations: <none>

DPOP-1#2 Warning
PREG Output pipelining  
DSP Top_i/eq_core_0/inst/eq_core_v1_0_S00_AXI_inst/Interim_L3__0 output Top_i/eq_core_0/inst/eq_core_v1_0_S00_AXI_inst/Interim_L3__0/P[47:0] is not pipelined (PREG=0). Pipelining the DSP48 output will improve performance and often saves power so it is suggested whenever possible to fully pipeline this function.  If this DSP48 function was inferred, it is suggested to describe an additional register stage after this function.  If the DSP48 was instantiated in the design, it is suggested to set the PREG attribute to 1.
Related violations: <none>

DPOP-1#3 Warning
PREG Output pipelining  
DSP Top_i/eq_core_0/inst/eq_core_v1_0_S00_AXI_inst/Interim_L3__1 output Top_i/eq_core_0/inst/eq_core_v1_0_S00_AXI_inst/Interim_L3__1/P[47:0] is not pipelined (PREG=0). Pipelining the DSP48 output will improve performance and often saves power so it is suggested whenever possible to fully pipeline this function.  If this DSP48 function was inferred, it is suggested to describe an additional register stage after this function.  If the DSP48 was instantiated in the design, it is suggested to set the PREG attribute to 1.
Related violations: <none>

DPOP-1#4 Warning
PREG Output pipelining  
DSP Top_i/eq_core_0/inst/eq_core_v1_0_S00_AXI_inst/Interim_L3__2 output Top_i/eq_core_0/inst/eq_core_v1_0_S00_AXI_inst/Interim_L3__2/P[47:0] is not pipelined (PREG=0). Pipelining the DSP48 output will improve performance and often saves power so it is suggested whenever possible to fully pipeline this function.  If this DSP48 function was inferred, it is suggested to describe an additional register stage after this function.  If the DSP48 was instantiated in the design, it is suggested to set the PREG attribute to 1.
Related violations: <none>

DPOP-1#5 Warning
PREG Output pipelining  
DSP Top_i/eq_core_0/inst/eq_core_v1_0_S00_AXI_inst/Interim_L3__3 output Top_i/eq_core_0/inst/eq_core_v1_0_S00_AXI_inst/Interim_L3__3/P[47:0] is not pipelined (PREG=0). Pipelining the DSP48 output will improve performance and often saves power so it is suggested whenever possible to fully pipeline this function.  If this DSP48 function was inferred, it is suggested to describe an additional register stage after this function.  If the DSP48 was instantiated in the design, it is suggested to set the PREG attribute to 1.
Related violations: <none>

DPOP-1#6 Warning
PREG Output pipelining  
DSP Top_i/eq_core_0/inst/eq_core_v1_0_S00_AXI_inst/Interim_L3__4 output Top_i/eq_core_0/inst/eq_core_v1_0_S00_AXI_inst/Interim_L3__4/P[47:0] is not pipelined (PREG=0). Pipelining the DSP48 output will improve performance and often saves power so it is suggested whenever possible to fully pipeline this function.  If this DSP48 function was inferred, it is suggested to describe an additional register stage after this function.  If the DSP48 was instantiated in the design, it is suggested to set the PREG attribute to 1.
Related violations: <none>

DPOP-1#7 Warning
PREG Output pipelining  
DSP Top_i/eq_core_0/inst/eq_core_v1_0_S00_AXI_inst/Interim_L3__5 output Top_i/eq_core_0/inst/eq_core_v1_0_S00_AXI_inst/Interim_L3__5/P[47:0] is not pipelined (PREG=0). Pipelining the DSP48 output will improve performance and often saves power so it is suggested whenever possible to fully pipeline this function.  If this DSP48 function was inferred, it is suggested to describe an additional register stage after this function.  If the DSP48 was instantiated in the design, it is suggested to set the PREG attribute to 1.
Related violations: <none>

DPOP-1#8 Warning
PREG Output pipelining  
DSP Top_i/eq_core_0/inst/eq_core_v1_0_S00_AXI_inst/Interim_L3__6 output Top_i/eq_core_0/inst/eq_core_v1_0_S00_AXI_inst/Interim_L3__6/P[47:0] is not pipelined (PREG=0). Pipelining the DSP48 output will improve performance and often saves power so it is suggested whenever possible to fully pipeline this function.  If this DSP48 function was inferred, it is suggested to describe an additional register stage after this function.  If the DSP48 was instantiated in the design, it is suggested to set the PREG attribute to 1.
Related violations: <none>

DPOP-1#9 Warning
PREG Output pipelining  
DSP Top_i/eq_core_0/inst/eq_core_v1_0_S00_AXI_inst/Interim_L4 output Top_i/eq_core_0/inst/eq_core_v1_0_S00_AXI_inst/Interim_L4/P[47:0] is not pipelined (PREG=0). Pipelining the DSP48 output will improve performance and often saves power so it is suggested whenever possible to fully pipeline this function.  If this DSP48 function was inferred, it is suggested to describe an additional register stage after this function.  If the DSP48 was instantiated in the design, it is suggested to set the PREG attribute to 1.
Related violations: <none>

DPOP-1#10 Warning
PREG Output pipelining  
DSP Top_i/eq_core_0/inst/eq_core_v1_0_S00_AXI_inst/Interim_L4__0 output Top_i/eq_core_0/inst/eq_core_v1_0_S00_AXI_inst/Interim_L4__0/P[47:0] is not pipelined (PREG=0). Pipelining the DSP48 output will improve performance and often saves power so it is suggested whenever possible to fully pipeline this function.  If this DSP48 function was inferred, it is suggested to describe an additional register stage after this function.  If the DSP48 was instantiated in the design, it is suggested to set the PREG attribute to 1.
Related violations: <none>

DPOP-1#11 Warning
PREG Output pipelining  
DSP Top_i/eq_core_0/inst/eq_core_v1_0_S00_AXI_inst/Interim_L4__1 output Top_i/eq_core_0/inst/eq_core_v1_0_S00_AXI_inst/Interim_L4__1/P[47:0] is not pipelined (PREG=0). Pipelining the DSP48 output will improve performance and often saves power so it is suggested whenever possible to fully pipeline this function.  If this DSP48 function was inferred, it is suggested to describe an additional register stage after this function.  If the DSP48 was instantiated in the design, it is suggested to set the PREG attribute to 1.
Related violations: <none>

DPOP-1#12 Warning
PREG Output pipelining  
DSP Top_i/eq_core_0/inst/eq_core_v1_0_S00_AXI_inst/Interim_L4__2 output Top_i/eq_core_0/inst/eq_core_v1_0_S00_AXI_inst/Interim_L4__2/P[47:0] is not pipelined (PREG=0). Pipelining the DSP48 output will improve performance and often saves power so it is suggested whenever possible to fully pipeline this function.  If this DSP48 function was inferred, it is suggested to describe an additional register stage after this function.  If the DSP48 was instantiated in the design, it is suggested to set the PREG attribute to 1.
Related violations: <none>

DPOP-1#13 Warning
PREG Output pipelining  
DSP Top_i/eq_core_0/inst/eq_core_v1_0_S00_AXI_inst/Interim_L4__3 output Top_i/eq_core_0/inst/eq_core_v1_0_S00_AXI_inst/Interim_L4__3/P[47:0] is not pipelined (PREG=0). Pipelining the DSP48 output will improve performance and often saves power so it is suggested whenever possible to fully pipeline this function.  If this DSP48 function was inferred, it is suggested to describe an additional register stage after this function.  If the DSP48 was instantiated in the design, it is suggested to set the PREG attribute to 1.
Related violations: <none>

DPOP-1#14 Warning
PREG Output pipelining  
DSP Top_i/eq_core_0/inst/eq_core_v1_0_S00_AXI_inst/Interim_L4__4 output Top_i/eq_core_0/inst/eq_core_v1_0_S00_AXI_inst/Interim_L4__4/P[47:0] is not pipelined (PREG=0). Pipelining the DSP48 output will improve performance and often saves power so it is suggested whenever possible to fully pipeline this function.  If this DSP48 function was inferred, it is suggested to describe an additional register stage after this function.  If the DSP48 was instantiated in the design, it is suggested to set the PREG attribute to 1.
Related violations: <none>

DPOP-1#15 Warning
PREG Output pipelining  
DSP Top_i/eq_core_0/inst/eq_core_v1_0_S00_AXI_inst/Interim_L4__5 output Top_i/eq_core_0/inst/eq_core_v1_0_S00_AXI_inst/Interim_L4__5/P[47:0] is not pipelined (PREG=0). Pipelining the DSP48 output will improve performance and often saves power so it is suggested whenever possible to fully pipeline this function.  If this DSP48 function was inferred, it is suggested to describe an additional register stage after this function.  If the DSP48 was instantiated in the design, it is suggested to set the PREG attribute to 1.
Related violations: <none>

DPOP-1#16 Warning
PREG Output pipelining  
DSP Top_i/eq_core_0/inst/eq_core_v1_0_S00_AXI_inst/Interim_L4__6 output Top_i/eq_core_0/inst/eq_core_v1_0_S00_AXI_inst/Interim_L4__6/P[47:0] is not pipelined (PREG=0). Pipelining the DSP48 output will improve performance and often saves power so it is suggested whenever possible to fully pipeline this function.  If this DSP48 function was inferred, it is suggested to describe an additional register stage after this function.  If the DSP48 was instantiated in the design, it is suggested to set the PREG attribute to 1.
Related violations: <none>

DPOP-1#17 Warning
PREG Output pipelining  
DSP Top_i/eq_core_0/inst/eq_core_v1_0_S00_AXI_inst/Interim_R3 output Top_i/eq_core_0/inst/eq_core_v1_0_S00_AXI_inst/Interim_R3/P[47:0] is not pipelined (PREG=0). Pipelining the DSP48 output will improve performance and often saves power so it is suggested whenever possible to fully pipeline this function.  If this DSP48 function was inferred, it is suggested to describe an additional register stage after this function.  If the DSP48 was instantiated in the design, it is suggested to set the PREG attribute to 1.
Related violations: <none>

DPOP-1#18 Warning
PREG Output pipelining  
DSP Top_i/eq_core_0/inst/eq_core_v1_0_S00_AXI_inst/Interim_R3__0 output Top_i/eq_core_0/inst/eq_core_v1_0_S00_AXI_inst/Interim_R3__0/P[47:0] is not pipelined (PREG=0). Pipelining the DSP48 output will improve performance and often saves power so it is suggested whenever possible to fully pipeline this function.  If this DSP48 function was inferred, it is suggested to describe an additional register stage after this function.  If the DSP48 was instantiated in the design, it is suggested to set the PREG attribute to 1.
Related violations: <none>

DPOP-1#19 Warning
PREG Output pipelining  
DSP Top_i/eq_core_0/inst/eq_core_v1_0_S00_AXI_inst/Interim_R3__1 output Top_i/eq_core_0/inst/eq_core_v1_0_S00_AXI_inst/Interim_R3__1/P[47:0] is not pipelined (PREG=0). Pipelining the DSP48 output will improve performance and often saves power so it is suggested whenever possible to fully pipeline this function.  If this DSP48 function was inferred, it is suggested to describe an additional register stage after this function.  If the DSP48 was instantiated in the design, it is suggested to set the PREG attribute to 1.
Related violations: <none>

DPOP-1#20 Warning
PREG Output pipelining  
DSP Top_i/eq_core_0/inst/eq_core_v1_0_S00_AXI_inst/Interim_R3__2 output Top_i/eq_core_0/inst/eq_core_v1_0_S00_AXI_inst/Interim_R3__2/P[47:0] is not pipelined (PREG=0). Pipelining the DSP48 output will improve performance and often saves power so it is suggested whenever possible to fully pipeline this function.  If this DSP48 function was inferred, it is suggested to describe an additional register stage after this function.  If the DSP48 was instantiated in the design, it is suggested to set the PREG attribute to 1.
Related violations: <none>

DPOP-1#21 Warning
PREG Output pipelining  
DSP Top_i/eq_core_0/inst/eq_core_v1_0_S00_AXI_inst/Interim_R3__3 output Top_i/eq_core_0/inst/eq_core_v1_0_S00_AXI_inst/Interim_R3__3/P[47:0] is not pipelined (PREG=0). Pipelining the DSP48 output will improve performance and often saves power so it is suggested whenever possible to fully pipeline this function.  If this DSP48 function was inferred, it is suggested to describe an additional register stage after this function.  If the DSP48 was instantiated in the design, it is suggested to set the PREG attribute to 1.
Related violations: <none>

DPOP-1#22 Warning
PREG Output pipelining  
DSP Top_i/eq_core_0/inst/eq_core_v1_0_S00_AXI_inst/Interim_R3__4 output Top_i/eq_core_0/inst/eq_core_v1_0_S00_AXI_inst/Interim_R3__4/P[47:0] is not pipelined (PREG=0). Pipelining the DSP48 output will improve performance and often saves power so it is suggested whenever possible to fully pipeline this function.  If this DSP48 function was inferred, it is suggested to describe an additional register stage after this function.  If the DSP48 was instantiated in the design, it is suggested to set the PREG attribute to 1.
Related violations: <none>

DPOP-1#23 Warning
PREG Output pipelining  
DSP Top_i/eq_core_0/inst/eq_core_v1_0_S00_AXI_inst/Interim_R3__5 output Top_i/eq_core_0/inst/eq_core_v1_0_S00_AXI_inst/Interim_R3__5/P[47:0] is not pipelined (PREG=0). Pipelining the DSP48 output will improve performance and often saves power so it is suggested whenever possible to fully pipeline this function.  If this DSP48 function was inferred, it is suggested to describe an additional register stage after this function.  If the DSP48 was instantiated in the design, it is suggested to set the PREG attribute to 1.
Related violations: <none>

DPOP-1#24 Warning
PREG Output pipelining  
DSP Top_i/eq_core_0/inst/eq_core_v1_0_S00_AXI_inst/Interim_R3__6 output Top_i/eq_core_0/inst/eq_core_v1_0_S00_AXI_inst/Interim_R3__6/P[47:0] is not pipelined (PREG=0). Pipelining the DSP48 output will improve performance and often saves power so it is suggested whenever possible to fully pipeline this function.  If this DSP48 function was inferred, it is suggested to describe an additional register stage after this function.  If the DSP48 was instantiated in the design, it is suggested to set the PREG attribute to 1.
Related violations: <none>

DPOP-1#25 Warning
PREG Output pipelining  
DSP Top_i/eq_core_0/inst/eq_core_v1_0_S00_AXI_inst/Interim_R4 output Top_i/eq_core_0/inst/eq_core_v1_0_S00_AXI_inst/Interim_R4/P[47:0] is not pipelined (PREG=0). Pipelining the DSP48 output will improve performance and often saves power so it is suggested whenever possible to fully pipeline this function.  If this DSP48 function was inferred, it is suggested to describe an additional register stage after this function.  If the DSP48 was instantiated in the design, it is suggested to set the PREG attribute to 1.
Related violations: <none>

DPOP-1#26 Warning
PREG Output pipelining  
DSP Top_i/eq_core_0/inst/eq_core_v1_0_S00_AXI_inst/Interim_R4__0 output Top_i/eq_core_0/inst/eq_core_v1_0_S00_AXI_inst/Interim_R4__0/P[47:0] is not pipelined (PREG=0). Pipelining the DSP48 output will improve performance and often saves power so it is suggested whenever possible to fully pipeline this function.  If this DSP48 function was inferred, it is suggested to describe an additional register stage after this function.  If the DSP48 was instantiated in the design, it is suggested to set the PREG attribute to 1.
Related violations: <none>

DPOP-1#27 Warning
PREG Output pipelining  
DSP Top_i/eq_core_0/inst/eq_core_v1_0_S00_AXI_inst/Interim_R4__1 output Top_i/eq_core_0/inst/eq_core_v1_0_S00_AXI_inst/Interim_R4__1/P[47:0] is not pipelined (PREG=0). Pipelining the DSP48 output will improve performance and often saves power so it is suggested whenever possible to fully pipeline this function.  If this DSP48 function was inferred, it is suggested to describe an additional register stage after this function.  If the DSP48 was instantiated in the design, it is suggested to set the PREG attribute to 1.
Related violations: <none>

DPOP-1#28 Warning
PREG Output pipelining  
DSP Top_i/eq_core_0/inst/eq_core_v1_0_S00_AXI_inst/Interim_R4__2 output Top_i/eq_core_0/inst/eq_core_v1_0_S00_AXI_inst/Interim_R4__2/P[47:0] is not pipelined (PREG=0). Pipelining the DSP48 output will improve performance and often saves power so it is suggested whenever possible to fully pipeline this function.  If this DSP48 function was inferred, it is suggested to describe an additional register stage after this function.  If the DSP48 was instantiated in the design, it is suggested to set the PREG attribute to 1.
Related violations: <none>

DPOP-1#29 Warning
PREG Output pipelining  
DSP Top_i/eq_core_0/inst/eq_core_v1_0_S00_AXI_inst/Interim_R4__3 output Top_i/eq_core_0/inst/eq_core_v1_0_S00_AXI_inst/Interim_R4__3/P[47:0] is not pipelined (PREG=0). Pipelining the DSP48 output will improve performance and often saves power so it is suggested whenever possible to fully pipeline this function.  If this DSP48 function was inferred, it is suggested to describe an additional register stage after this function.  If the DSP48 was instantiated in the design, it is suggested to set the PREG attribute to 1.
Related violations: <none>

DPOP-1#30 Warning
PREG Output pipelining  
DSP Top_i/eq_core_0/inst/eq_core_v1_0_S00_AXI_inst/Interim_R4__4 output Top_i/eq_core_0/inst/eq_core_v1_0_S00_AXI_inst/Interim_R4__4/P[47:0] is not pipelined (PREG=0). Pipelining the DSP48 output will improve performance and often saves power so it is suggested whenever possible to fully pipeline this function.  If this DSP48 function was inferred, it is suggested to describe an additional register stage after this function.  If the DSP48 was instantiated in the design, it is suggested to set the PREG attribute to 1.
Related violations: <none>

DPOP-1#31 Warning
PREG Output pipelining  
DSP Top_i/eq_core_0/inst/eq_core_v1_0_S00_AXI_inst/Interim_R4__5 output Top_i/eq_core_0/inst/eq_core_v1_0_S00_AXI_inst/Interim_R4__5/P[47:0] is not pipelined (PREG=0). Pipelining the DSP48 output will improve performance and often saves power so it is suggested whenever possible to fully pipeline this function.  If this DSP48 function was inferred, it is suggested to describe an additional register stage after this function.  If the DSP48 was instantiated in the design, it is suggested to set the PREG attribute to 1.
Related violations: <none>

DPOP-1#32 Warning
PREG Output pipelining  
DSP Top_i/eq_core_0/inst/eq_core_v1_0_S00_AXI_inst/Interim_R4__6 output Top_i/eq_core_0/inst/eq_core_v1_0_S00_AXI_inst/Interim_R4__6/P[47:0] is not pipelined (PREG=0). Pipelining the DSP48 output will improve performance and often saves power so it is suggested whenever possible to fully pipeline this function.  If this DSP48 function was inferred, it is suggested to describe an additional register stage after this function.  If the DSP48 was instantiated in the design, it is suggested to set the PREG attribute to 1.
Related violations: <none>

DPOP-2#1 Warning
MREG Output pipelining  
DSP Top_i/eq_core_0/inst/eq_core_v1_0_S00_AXI_inst/Interim_L3 multiplier stage Top_i/eq_core_0/inst/eq_core_v1_0_S00_AXI_inst/Interim_L3/P[47:0] is not pipelined (MREG=0). Pipelining the multiplier function will improve performance and will save significant power so it is suggested whenever possible to fully pipeline this function.  If this multiplier was inferred, it is suggested to describe an additional register stage after this function.  If there is no registered adder/accumulator following the multiply function, two pipeline stages are suggested to allow both the MREG and PREG registers to be used.  If the DSP48 was instantiated in the design, it is suggested to set both the MREG and PREG attributes to 1 when performing multiply functions.
Related violations: <none>

DPOP-2#2 Warning
MREG Output pipelining  
DSP Top_i/eq_core_0/inst/eq_core_v1_0_S00_AXI_inst/Interim_L3__0 multiplier stage Top_i/eq_core_0/inst/eq_core_v1_0_S00_AXI_inst/Interim_L3__0/P[47:0] is not pipelined (MREG=0). Pipelining the multiplier function will improve performance and will save significant power so it is suggested whenever possible to fully pipeline this function.  If this multiplier was inferred, it is suggested to describe an additional register stage after this function.  If there is no registered adder/accumulator following the multiply function, two pipeline stages are suggested to allow both the MREG and PREG registers to be used.  If the DSP48 was instantiated in the design, it is suggested to set both the MREG and PREG attributes to 1 when performing multiply functions.
Related violations: <none>

DPOP-2#3 Warning
MREG Output pipelining  
DSP Top_i/eq_core_0/inst/eq_core_v1_0_S00_AXI_inst/Interim_L3__1 multiplier stage Top_i/eq_core_0/inst/eq_core_v1_0_S00_AXI_inst/Interim_L3__1/P[47:0] is not pipelined (MREG=0). Pipelining the multiplier function will improve performance and will save significant power so it is suggested whenever possible to fully pipeline this function.  If this multiplier was inferred, it is suggested to describe an additional register stage after this function.  If there is no registered adder/accumulator following the multiply function, two pipeline stages are suggested to allow both the MREG and PREG registers to be used.  If the DSP48 was instantiated in the design, it is suggested to set both the MREG and PREG attributes to 1 when performing multiply functions.
Related violations: <none>

DPOP-2#4 Warning
MREG Output pipelining  
DSP Top_i/eq_core_0/inst/eq_core_v1_0_S00_AXI_inst/Interim_L3__2 multiplier stage Top_i/eq_core_0/inst/eq_core_v1_0_S00_AXI_inst/Interim_L3__2/P[47:0] is not pipelined (MREG=0). Pipelining the multiplier function will improve performance and will save significant power so it is suggested whenever possible to fully pipeline this function.  If this multiplier was inferred, it is suggested to describe an additional register stage after this function.  If there is no registered adder/accumulator following the multiply function, two pipeline stages are suggested to allow both the MREG and PREG registers to be used.  If the DSP48 was instantiated in the design, it is suggested to set both the MREG and PREG attributes to 1 when performing multiply functions.
Related violations: <none>

DPOP-2#5 Warning
MREG Output pipelining  
DSP Top_i/eq_core_0/inst/eq_core_v1_0_S00_AXI_inst/Interim_L3__3 multiplier stage Top_i/eq_core_0/inst/eq_core_v1_0_S00_AXI_inst/Interim_L3__3/P[47:0] is not pipelined (MREG=0). Pipelining the multiplier function will improve performance and will save significant power so it is suggested whenever possible to fully pipeline this function.  If this multiplier was inferred, it is suggested to describe an additional register stage after this function.  If there is no registered adder/accumulator following the multiply function, two pipeline stages are suggested to allow both the MREG and PREG registers to be used.  If the DSP48 was instantiated in the design, it is suggested to set both the MREG and PREG attributes to 1 when performing multiply functions.
Related violations: <none>

DPOP-2#6 Warning
MREG Output pipelining  
DSP Top_i/eq_core_0/inst/eq_core_v1_0_S00_AXI_inst/Interim_L3__4 multiplier stage Top_i/eq_core_0/inst/eq_core_v1_0_S00_AXI_inst/Interim_L3__4/P[47:0] is not pipelined (MREG=0). Pipelining the multiplier function will improve performance and will save significant power so it is suggested whenever possible to fully pipeline this function.  If this multiplier was inferred, it is suggested to describe an additional register stage after this function.  If there is no registered adder/accumulator following the multiply function, two pipeline stages are suggested to allow both the MREG and PREG registers to be used.  If the DSP48 was instantiated in the design, it is suggested to set both the MREG and PREG attributes to 1 when performing multiply functions.
Related violations: <none>

DPOP-2#7 Warning
MREG Output pipelining  
DSP Top_i/eq_core_0/inst/eq_core_v1_0_S00_AXI_inst/Interim_L3__5 multiplier stage Top_i/eq_core_0/inst/eq_core_v1_0_S00_AXI_inst/Interim_L3__5/P[47:0] is not pipelined (MREG=0). Pipelining the multiplier function will improve performance and will save significant power so it is suggested whenever possible to fully pipeline this function.  If this multiplier was inferred, it is suggested to describe an additional register stage after this function.  If there is no registered adder/accumulator following the multiply function, two pipeline stages are suggested to allow both the MREG and PREG registers to be used.  If the DSP48 was instantiated in the design, it is suggested to set both the MREG and PREG attributes to 1 when performing multiply functions.
Related violations: <none>

DPOP-2#8 Warning
MREG Output pipelining  
DSP Top_i/eq_core_0/inst/eq_core_v1_0_S00_AXI_inst/Interim_L3__6 multiplier stage Top_i/eq_core_0/inst/eq_core_v1_0_S00_AXI_inst/Interim_L3__6/P[47:0] is not pipelined (MREG=0). Pipelining the multiplier function will improve performance and will save significant power so it is suggested whenever possible to fully pipeline this function.  If this multiplier was inferred, it is suggested to describe an additional register stage after this function.  If there is no registered adder/accumulator following the multiply function, two pipeline stages are suggested to allow both the MREG and PREG registers to be used.  If the DSP48 was instantiated in the design, it is suggested to set both the MREG and PREG attributes to 1 when performing multiply functions.
Related violations: <none>

DPOP-2#9 Warning
MREG Output pipelining  
DSP Top_i/eq_core_0/inst/eq_core_v1_0_S00_AXI_inst/Interim_L4 multiplier stage Top_i/eq_core_0/inst/eq_core_v1_0_S00_AXI_inst/Interim_L4/P[47:0] is not pipelined (MREG=0). Pipelining the multiplier function will improve performance and will save significant power so it is suggested whenever possible to fully pipeline this function.  If this multiplier was inferred, it is suggested to describe an additional register stage after this function.  If there is no registered adder/accumulator following the multiply function, two pipeline stages are suggested to allow both the MREG and PREG registers to be used.  If the DSP48 was instantiated in the design, it is suggested to set both the MREG and PREG attributes to 1 when performing multiply functions.
Related violations: <none>

DPOP-2#10 Warning
MREG Output pipelining  
DSP Top_i/eq_core_0/inst/eq_core_v1_0_S00_AXI_inst/Interim_L4__0 multiplier stage Top_i/eq_core_0/inst/eq_core_v1_0_S00_AXI_inst/Interim_L4__0/P[47:0] is not pipelined (MREG=0). Pipelining the multiplier function will improve performance and will save significant power so it is suggested whenever possible to fully pipeline this function.  If this multiplier was inferred, it is suggested to describe an additional register stage after this function.  If there is no registered adder/accumulator following the multiply function, two pipeline stages are suggested to allow both the MREG and PREG registers to be used.  If the DSP48 was instantiated in the design, it is suggested to set both the MREG and PREG attributes to 1 when performing multiply functions.
Related violations: <none>

DPOP-2#11 Warning
MREG Output pipelining  
DSP Top_i/eq_core_0/inst/eq_core_v1_0_S00_AXI_inst/Interim_L4__1 multiplier stage Top_i/eq_core_0/inst/eq_core_v1_0_S00_AXI_inst/Interim_L4__1/P[47:0] is not pipelined (MREG=0). Pipelining the multiplier function will improve performance and will save significant power so it is suggested whenever possible to fully pipeline this function.  If this multiplier was inferred, it is suggested to describe an additional register stage after this function.  If there is no registered adder/accumulator following the multiply function, two pipeline stages are suggested to allow both the MREG and PREG registers to be used.  If the DSP48 was instantiated in the design, it is suggested to set both the MREG and PREG attributes to 1 when performing multiply functions.
Related violations: <none>

DPOP-2#12 Warning
MREG Output pipelining  
DSP Top_i/eq_core_0/inst/eq_core_v1_0_S00_AXI_inst/Interim_L4__2 multiplier stage Top_i/eq_core_0/inst/eq_core_v1_0_S00_AXI_inst/Interim_L4__2/P[47:0] is not pipelined (MREG=0). Pipelining the multiplier function will improve performance and will save significant power so it is suggested whenever possible to fully pipeline this function.  If this multiplier was inferred, it is suggested to describe an additional register stage after this function.  If there is no registered adder/accumulator following the multiply function, two pipeline stages are suggested to allow both the MREG and PREG registers to be used.  If the DSP48 was instantiated in the design, it is suggested to set both the MREG and PREG attributes to 1 when performing multiply functions.
Related violations: <none>

DPOP-2#13 Warning
MREG Output pipelining  
DSP Top_i/eq_core_0/inst/eq_core_v1_0_S00_AXI_inst/Interim_L4__3 multiplier stage Top_i/eq_core_0/inst/eq_core_v1_0_S00_AXI_inst/Interim_L4__3/P[47:0] is not pipelined (MREG=0). Pipelining the multiplier function will improve performance and will save significant power so it is suggested whenever possible to fully pipeline this function.  If this multiplier was inferred, it is suggested to describe an additional register stage after this function.  If there is no registered adder/accumulator following the multiply function, two pipeline stages are suggested to allow both the MREG and PREG registers to be used.  If the DSP48 was instantiated in the design, it is suggested to set both the MREG and PREG attributes to 1 when performing multiply functions.
Related violations: <none>

DPOP-2#14 Warning
MREG Output pipelining  
DSP Top_i/eq_core_0/inst/eq_core_v1_0_S00_AXI_inst/Interim_L4__4 multiplier stage Top_i/eq_core_0/inst/eq_core_v1_0_S00_AXI_inst/Interim_L4__4/P[47:0] is not pipelined (MREG=0). Pipelining the multiplier function will improve performance and will save significant power so it is suggested whenever possible to fully pipeline this function.  If this multiplier was inferred, it is suggested to describe an additional register stage after this function.  If there is no registered adder/accumulator following the multiply function, two pipeline stages are suggested to allow both the MREG and PREG registers to be used.  If the DSP48 was instantiated in the design, it is suggested to set both the MREG and PREG attributes to 1 when performing multiply functions.
Related violations: <none>

DPOP-2#15 Warning
MREG Output pipelining  
DSP Top_i/eq_core_0/inst/eq_core_v1_0_S00_AXI_inst/Interim_L4__5 multiplier stage Top_i/eq_core_0/inst/eq_core_v1_0_S00_AXI_inst/Interim_L4__5/P[47:0] is not pipelined (MREG=0). Pipelining the multiplier function will improve performance and will save significant power so it is suggested whenever possible to fully pipeline this function.  If this multiplier was inferred, it is suggested to describe an additional register stage after this function.  If there is no registered adder/accumulator following the multiply function, two pipeline stages are suggested to allow both the MREG and PREG registers to be used.  If the DSP48 was instantiated in the design, it is suggested to set both the MREG and PREG attributes to 1 when performing multiply functions.
Related violations: <none>

DPOP-2#16 Warning
MREG Output pipelining  
DSP Top_i/eq_core_0/inst/eq_core_v1_0_S00_AXI_inst/Interim_L4__6 multiplier stage Top_i/eq_core_0/inst/eq_core_v1_0_S00_AXI_inst/Interim_L4__6/P[47:0] is not pipelined (MREG=0). Pipelining the multiplier function will improve performance and will save significant power so it is suggested whenever possible to fully pipeline this function.  If this multiplier was inferred, it is suggested to describe an additional register stage after this function.  If there is no registered adder/accumulator following the multiply function, two pipeline stages are suggested to allow both the MREG and PREG registers to be used.  If the DSP48 was instantiated in the design, it is suggested to set both the MREG and PREG attributes to 1 when performing multiply functions.
Related violations: <none>

DPOP-2#17 Warning
MREG Output pipelining  
DSP Top_i/eq_core_0/inst/eq_core_v1_0_S00_AXI_inst/Interim_R3 multiplier stage Top_i/eq_core_0/inst/eq_core_v1_0_S00_AXI_inst/Interim_R3/P[47:0] is not pipelined (MREG=0). Pipelining the multiplier function will improve performance and will save significant power so it is suggested whenever possible to fully pipeline this function.  If this multiplier was inferred, it is suggested to describe an additional register stage after this function.  If there is no registered adder/accumulator following the multiply function, two pipeline stages are suggested to allow both the MREG and PREG registers to be used.  If the DSP48 was instantiated in the design, it is suggested to set both the MREG and PREG attributes to 1 when performing multiply functions.
Related violations: <none>

DPOP-2#18 Warning
MREG Output pipelining  
DSP Top_i/eq_core_0/inst/eq_core_v1_0_S00_AXI_inst/Interim_R3__0 multiplier stage Top_i/eq_core_0/inst/eq_core_v1_0_S00_AXI_inst/Interim_R3__0/P[47:0] is not pipelined (MREG=0). Pipelining the multiplier function will improve performance and will save significant power so it is suggested whenever possible to fully pipeline this function.  If this multiplier was inferred, it is suggested to describe an additional register stage after this function.  If there is no registered adder/accumulator following the multiply function, two pipeline stages are suggested to allow both the MREG and PREG registers to be used.  If the DSP48 was instantiated in the design, it is suggested to set both the MREG and PREG attributes to 1 when performing multiply functions.
Related violations: <none>

DPOP-2#19 Warning
MREG Output pipelining  
DSP Top_i/eq_core_0/inst/eq_core_v1_0_S00_AXI_inst/Interim_R3__1 multiplier stage Top_i/eq_core_0/inst/eq_core_v1_0_S00_AXI_inst/Interim_R3__1/P[47:0] is not pipelined (MREG=0). Pipelining the multiplier function will improve performance and will save significant power so it is suggested whenever possible to fully pipeline this function.  If this multiplier was inferred, it is suggested to describe an additional register stage after this function.  If there is no registered adder/accumulator following the multiply function, two pipeline stages are suggested to allow both the MREG and PREG registers to be used.  If the DSP48 was instantiated in the design, it is suggested to set both the MREG and PREG attributes to 1 when performing multiply functions.
Related violations: <none>

DPOP-2#20 Warning
MREG Output pipelining  
DSP Top_i/eq_core_0/inst/eq_core_v1_0_S00_AXI_inst/Interim_R3__2 multiplier stage Top_i/eq_core_0/inst/eq_core_v1_0_S00_AXI_inst/Interim_R3__2/P[47:0] is not pipelined (MREG=0). Pipelining the multiplier function will improve performance and will save significant power so it is suggested whenever possible to fully pipeline this function.  If this multiplier was inferred, it is suggested to describe an additional register stage after this function.  If there is no registered adder/accumulator following the multiply function, two pipeline stages are suggested to allow both the MREG and PREG registers to be used.  If the DSP48 was instantiated in the design, it is suggested to set both the MREG and PREG attributes to 1 when performing multiply functions.
Related violations: <none>

DPOP-2#21 Warning
MREG Output pipelining  
DSP Top_i/eq_core_0/inst/eq_core_v1_0_S00_AXI_inst/Interim_R3__3 multiplier stage Top_i/eq_core_0/inst/eq_core_v1_0_S00_AXI_inst/Interim_R3__3/P[47:0] is not pipelined (MREG=0). Pipelining the multiplier function will improve performance and will save significant power so it is suggested whenever possible to fully pipeline this function.  If this multiplier was inferred, it is suggested to describe an additional register stage after this function.  If there is no registered adder/accumulator following the multiply function, two pipeline stages are suggested to allow both the MREG and PREG registers to be used.  If the DSP48 was instantiated in the design, it is suggested to set both the MREG and PREG attributes to 1 when performing multiply functions.
Related violations: <none>

DPOP-2#22 Warning
MREG Output pipelining  
DSP Top_i/eq_core_0/inst/eq_core_v1_0_S00_AXI_inst/Interim_R3__4 multiplier stage Top_i/eq_core_0/inst/eq_core_v1_0_S00_AXI_inst/Interim_R3__4/P[47:0] is not pipelined (MREG=0). Pipelining the multiplier function will improve performance and will save significant power so it is suggested whenever possible to fully pipeline this function.  If this multiplier was inferred, it is suggested to describe an additional register stage after this function.  If there is no registered adder/accumulator following the multiply function, two pipeline stages are suggested to allow both the MREG and PREG registers to be used.  If the DSP48 was instantiated in the design, it is suggested to set both the MREG and PREG attributes to 1 when performing multiply functions.
Related violations: <none>

DPOP-2#23 Warning
MREG Output pipelining  
DSP Top_i/eq_core_0/inst/eq_core_v1_0_S00_AXI_inst/Interim_R3__5 multiplier stage Top_i/eq_core_0/inst/eq_core_v1_0_S00_AXI_inst/Interim_R3__5/P[47:0] is not pipelined (MREG=0). Pipelining the multiplier function will improve performance and will save significant power so it is suggested whenever possible to fully pipeline this function.  If this multiplier was inferred, it is suggested to describe an additional register stage after this function.  If there is no registered adder/accumulator following the multiply function, two pipeline stages are suggested to allow both the MREG and PREG registers to be used.  If the DSP48 was instantiated in the design, it is suggested to set both the MREG and PREG attributes to 1 when performing multiply functions.
Related violations: <none>

DPOP-2#24 Warning
MREG Output pipelining  
DSP Top_i/eq_core_0/inst/eq_core_v1_0_S00_AXI_inst/Interim_R3__6 multiplier stage Top_i/eq_core_0/inst/eq_core_v1_0_S00_AXI_inst/Interim_R3__6/P[47:0] is not pipelined (MREG=0). Pipelining the multiplier function will improve performance and will save significant power so it is suggested whenever possible to fully pipeline this function.  If this multiplier was inferred, it is suggested to describe an additional register stage after this function.  If there is no registered adder/accumulator following the multiply function, two pipeline stages are suggested to allow both the MREG and PREG registers to be used.  If the DSP48 was instantiated in the design, it is suggested to set both the MREG and PREG attributes to 1 when performing multiply functions.
Related violations: <none>

DPOP-2#25 Warning
MREG Output pipelining  
DSP Top_i/eq_core_0/inst/eq_core_v1_0_S00_AXI_inst/Interim_R4 multiplier stage Top_i/eq_core_0/inst/eq_core_v1_0_S00_AXI_inst/Interim_R4/P[47:0] is not pipelined (MREG=0). Pipelining the multiplier function will improve performance and will save significant power so it is suggested whenever possible to fully pipeline this function.  If this multiplier was inferred, it is suggested to describe an additional register stage after this function.  If there is no registered adder/accumulator following the multiply function, two pipeline stages are suggested to allow both the MREG and PREG registers to be used.  If the DSP48 was instantiated in the design, it is suggested to set both the MREG and PREG attributes to 1 when performing multiply functions.
Related violations: <none>

DPOP-2#26 Warning
MREG Output pipelining  
DSP Top_i/eq_core_0/inst/eq_core_v1_0_S00_AXI_inst/Interim_R4__0 multiplier stage Top_i/eq_core_0/inst/eq_core_v1_0_S00_AXI_inst/Interim_R4__0/P[47:0] is not pipelined (MREG=0). Pipelining the multiplier function will improve performance and will save significant power so it is suggested whenever possible to fully pipeline this function.  If this multiplier was inferred, it is suggested to describe an additional register stage after this function.  If there is no registered adder/accumulator following the multiply function, two pipeline stages are suggested to allow both the MREG and PREG registers to be used.  If the DSP48 was instantiated in the design, it is suggested to set both the MREG and PREG attributes to 1 when performing multiply functions.
Related violations: <none>

DPOP-2#27 Warning
MREG Output pipelining  
DSP Top_i/eq_core_0/inst/eq_core_v1_0_S00_AXI_inst/Interim_R4__1 multiplier stage Top_i/eq_core_0/inst/eq_core_v1_0_S00_AXI_inst/Interim_R4__1/P[47:0] is not pipelined (MREG=0). Pipelining the multiplier function will improve performance and will save significant power so it is suggested whenever possible to fully pipeline this function.  If this multiplier was inferred, it is suggested to describe an additional register stage after this function.  If there is no registered adder/accumulator following the multiply function, two pipeline stages are suggested to allow both the MREG and PREG registers to be used.  If the DSP48 was instantiated in the design, it is suggested to set both the MREG and PREG attributes to 1 when performing multiply functions.
Related violations: <none>

DPOP-2#28 Warning
MREG Output pipelining  
DSP Top_i/eq_core_0/inst/eq_core_v1_0_S00_AXI_inst/Interim_R4__2 multiplier stage Top_i/eq_core_0/inst/eq_core_v1_0_S00_AXI_inst/Interim_R4__2/P[47:0] is not pipelined (MREG=0). Pipelining the multiplier function will improve performance and will save significant power so it is suggested whenever possible to fully pipeline this function.  If this multiplier was inferred, it is suggested to describe an additional register stage after this function.  If there is no registered adder/accumulator following the multiply function, two pipeline stages are suggested to allow both the MREG and PREG registers to be used.  If the DSP48 was instantiated in the design, it is suggested to set both the MREG and PREG attributes to 1 when performing multiply functions.
Related violations: <none>

DPOP-2#29 Warning
MREG Output pipelining  
DSP Top_i/eq_core_0/inst/eq_core_v1_0_S00_AXI_inst/Interim_R4__3 multiplier stage Top_i/eq_core_0/inst/eq_core_v1_0_S00_AXI_inst/Interim_R4__3/P[47:0] is not pipelined (MREG=0). Pipelining the multiplier function will improve performance and will save significant power so it is suggested whenever possible to fully pipeline this function.  If this multiplier was inferred, it is suggested to describe an additional register stage after this function.  If there is no registered adder/accumulator following the multiply function, two pipeline stages are suggested to allow both the MREG and PREG registers to be used.  If the DSP48 was instantiated in the design, it is suggested to set both the MREG and PREG attributes to 1 when performing multiply functions.
Related violations: <none>

DPOP-2#30 Warning
MREG Output pipelining  
DSP Top_i/eq_core_0/inst/eq_core_v1_0_S00_AXI_inst/Interim_R4__4 multiplier stage Top_i/eq_core_0/inst/eq_core_v1_0_S00_AXI_inst/Interim_R4__4/P[47:0] is not pipelined (MREG=0). Pipelining the multiplier function will improve performance and will save significant power so it is suggested whenever possible to fully pipeline this function.  If this multiplier was inferred, it is suggested to describe an additional register stage after this function.  If there is no registered adder/accumulator following the multiply function, two pipeline stages are suggested to allow both the MREG and PREG registers to be used.  If the DSP48 was instantiated in the design, it is suggested to set both the MREG and PREG attributes to 1 when performing multiply functions.
Related violations: <none>

DPOP-2#31 Warning
MREG Output pipelining  
DSP Top_i/eq_core_0/inst/eq_core_v1_0_S00_AXI_inst/Interim_R4__5 multiplier stage Top_i/eq_core_0/inst/eq_core_v1_0_S00_AXI_inst/Interim_R4__5/P[47:0] is not pipelined (MREG=0). Pipelining the multiplier function will improve performance and will save significant power so it is suggested whenever possible to fully pipeline this function.  If this multiplier was inferred, it is suggested to describe an additional register stage after this function.  If there is no registered adder/accumulator following the multiply function, two pipeline stages are suggested to allow both the MREG and PREG registers to be used.  If the DSP48 was instantiated in the design, it is suggested to set both the MREG and PREG attributes to 1 when performing multiply functions.
Related violations: <none>

DPOP-2#32 Warning
MREG Output pipelining  
DSP Top_i/eq_core_0/inst/eq_core_v1_0_S00_AXI_inst/Interim_R4__6 multiplier stage Top_i/eq_core_0/inst/eq_core_v1_0_S00_AXI_inst/Interim_R4__6/P[47:0] is not pipelined (MREG=0). Pipelining the multiplier function will improve performance and will save significant power so it is suggested whenever possible to fully pipeline this function.  If this multiplier was inferred, it is suggested to describe an additional register stage after this function.  If there is no registered adder/accumulator following the multiply function, two pipeline stages are suggested to allow both the MREG and PREG registers to be used.  If the DSP48 was instantiated in the design, it is suggested to set both the MREG and PREG attributes to 1 when performing multiply functions.
Related violations: <none>

RTSTAT-10#1 Warning
No routable loads  
30 net(s) have no routable loads. The problem bus(es) and/or net(s) are Top_i/axi_interconnect_0/m00_couplers/auto_ds/inst/gen_downsizer.gen_simple_downsizer.axi_downsizer_inst/USE_READ.read_addr_inst/cmd_queue/inst/fifo_gen_inst/inst_fifo_gen/gconvfifo.rf/grf.rf/gntv_or_sync_fifo.gl0.rd/gr1.gr1_int.rfwft/aempty_fwft_i, Top_i/axi_interconnect_0/m00_couplers/auto_ds/inst/gen_downsizer.gen_simple_downsizer.axi_downsizer_inst/USE_WRITE.write_addr_inst/USE_B_CHANNEL.cmd_b_queue/inst/fifo_gen_inst/inst_fifo_gen/gconvfifo.rf/grf.rf/gntv_or_sync_fifo.gl0.rd/gr1.gr1_int.rfwft/aempty_fwft_i, Top_i/axi_interconnect_0/m00_couplers/auto_ds/inst/gen_downsizer.gen_simple_downsizer.axi_downsizer_inst/USE_WRITE.write_addr_inst/cmd_queue/inst/fifo_gen_inst/inst_fifo_gen/gconvfifo.rf/grf.rf/gntv_or_sync_fifo.gl0.rd/gr1.gr1_int.rfwft/aempty_fwft_i, Top_i/axi_interconnect_0/m01_couplers/auto_ds/inst/gen_downsizer.gen_simple_downsizer.axi_downsizer_inst/USE_READ.read_addr_inst/cmd_queue/inst/fifo_gen_inst/inst_fifo_gen/gconvfifo.rf/grf.rf/gntv_or_sync_fifo.gl0.rd/gr1.gr1_int.rfwft/aempty_fwft_i, Top_i/axi_interconnect_0/m01_couplers/auto_ds/inst/gen_downsizer.gen_simple_downsizer.axi_downsizer_inst/USE_WRITE.write_addr_inst/USE_B_CHANNEL.cmd_b_queue/inst/fifo_gen_inst/inst_fifo_gen/gconvfifo.rf/grf.rf/gntv_or_sync_fifo.gl0.rd/gr1.gr1_int.rfwft/aempty_fwft_i, Top_i/axi_interconnect_0/m01_couplers/auto_ds/inst/gen_downsizer.gen_simple_downsizer.axi_downsizer_inst/USE_WRITE.write_addr_inst/cmd_queue/inst/fifo_gen_inst/inst_fifo_gen/gconvfifo.rf/grf.rf/gntv_or_sync_fifo.gl0.rd/gr1.gr1_int.rfwft/aempty_fwft_i, Top_i/axi_interconnect_0/m00_couplers/auto_ds/inst/gen_downsizer.gen_simple_downsizer.axi_downsizer_inst/USE_READ.read_addr_inst/cmd_queue/inst/fifo_gen_inst/inst_fifo_gen/gconvfifo.rf/grf.rf/gntv_or_sync_fifo.gl0.wr/gwss.wsts/ram_afull_fb, Top_i/axi_interconnect_0/m00_couplers/auto_ds/inst/gen_downsizer.gen_simple_downsizer.axi_downsizer_inst/USE_WRITE.write_addr_inst/USE_B_CHANNEL.cmd_b_queue/inst/fifo_gen_inst/inst_fifo_gen/gconvfifo.rf/grf.rf/gntv_or_sync_fifo.gl0.wr/gwss.wsts/ram_afull_fb, Top_i/axi_interconnect_0/m00_couplers/auto_ds/inst/gen_downsizer.gen_simple_downsizer.axi_downsizer_inst/USE_WRITE.write_addr_inst/cmd_queue/inst/fifo_gen_inst/inst_fifo_gen/gconvfifo.rf/grf.rf/gntv_or_sync_fifo.gl0.wr/gwss.wsts/ram_afull_fb, Top_i/axi_interconnect_0/m01_couplers/auto_ds/inst/gen_downsizer.gen_simple_downsizer.axi_downsizer_inst/USE_READ.read_addr_inst/cmd_queue/inst/fifo_gen_inst/inst_fifo_gen/gconvfifo.rf/grf.rf/gntv_or_sync_fifo.gl0.wr/gwss.wsts/ram_afull_fb, Top_i/axi_interconnect_0/m01_couplers/auto_ds/inst/gen_downsizer.gen_simple_downsizer.axi_downsizer_inst/USE_WRITE.write_addr_inst/USE_B_CHANNEL.cmd_b_queue/inst/fifo_gen_inst/inst_fifo_gen/gconvfifo.rf/grf.rf/gntv_or_sync_fifo.gl0.wr/gwss.wsts/ram_afull_fb, Top_i/axi_interconnect_0/m01_couplers/auto_ds/inst/gen_downsizer.gen_simple_downsizer.axi_downsizer_inst/USE_WRITE.write_addr_inst/cmd_queue/inst/fifo_gen_inst/inst_fifo_gen/gconvfifo.rf/grf.rf/gntv_or_sync_fifo.gl0.wr/gwss.wsts/ram_afull_fb, Top_i/axi_interconnect_0/m00_couplers/auto_ds/inst/gen_downsizer.gen_simple_downsizer.axi_downsizer_inst/USE_READ.read_addr_inst/cmd_queue/inst/fifo_gen_inst/inst_fifo_gen/gconvfifo.rf/grf.rf/gntv_or_sync_fifo.gl0.wr/gwss.wsts/ram_afull_i, Top_i/axi_interconnect_0/m00_couplers/auto_ds/inst/gen_downsizer.gen_simple_downsizer.axi_downsizer_inst/USE_WRITE.write_addr_inst/USE_B_CHANNEL.cmd_b_queue/inst/fifo_gen_inst/inst_fifo_gen/gconvfifo.rf/grf.rf/gntv_or_sync_fifo.gl0.wr/gwss.wsts/ram_afull_i, Top_i/axi_interconnect_0/m00_couplers/auto_ds/inst/gen_downsizer.gen_simple_downsizer.axi_downsizer_inst/USE_WRITE.write_addr_inst/cmd_queue/inst/fifo_gen_inst/inst_fifo_gen/gconvfifo.rf/grf.rf/gntv_or_sync_fifo.gl0.wr/gwss.wsts/ram_afull_i (the first 15 of 30 listed).
Related violations: <none>


