
*** Running vivado
    with args -log Top_axi_i2s_receiver_0_0.vds -m64 -product Vivado -mode batch -messageDb vivado.pb -notrace -source Top_axi_i2s_receiver_0_0.tcl


****** Vivado v2017.4 (64-bit)
  **** SW Build 2086221 on Fri Dec 15 20:55:39 MST 2017
  **** IP Build 2085800 on Fri Dec 15 22:25:07 MST 2017
    ** Copyright 1986-2017 Xilinx, Inc. All Rights Reserved.

source Top_axi_i2s_receiver_0_0.tcl -notrace
Command: synth_design -top Top_axi_i2s_receiver_0_0 -part xc7z020clg484-1 -mode out_of_context
Starting synth_design
Attempting to get a license for feature 'Synthesis' and/or device 'xc7z020'
INFO: [Common 17-349] Got license for feature 'Synthesis' and/or device 'xc7z020'
INFO: Launching helper process for spawning children vivado processes
INFO: Helper process launched with PID 5880 
WARNING: [Synth 8-2507] parameter declaration becomes local in axi_i2s_receiver_v1_0_M_AXIS with formal parameter declaration list [c:/Zynq_Book/EQ_27/EQ_27.srcs/sources_1/bd/Top/ipshared/98b9/hdl/axi_i2s_receiver_v1_0_M_AXIS.v:63]
---------------------------------------------------------------------------------
Starting RTL Elaboration : Time (s): cpu = 00:00:10 ; elapsed = 00:00:11 . Memory (MB): peak = 368.871 ; gain = 110.051
---------------------------------------------------------------------------------
INFO: [Synth 8-638] synthesizing module 'Top_axi_i2s_receiver_0_0' [c:/Zynq_Book/EQ_27/EQ_27.srcs/sources_1/bd/Top/ip/Top_axi_i2s_receiver_0_0/synth/Top_axi_i2s_receiver_0_0.v:57]
INFO: [Synth 8-638] synthesizing module 'axi_i2s_receiver_v1_0' [c:/Zynq_Book/EQ_27/EQ_27.srcs/sources_1/bd/Top/ipshared/98b9/hdl/axi_i2s_receiver_v1_0.v:4]
	Parameter C_M_AXIS_TDATA_WIDTH bound to: 32 - type: integer 
	Parameter C_M_AXIS_START_COUNT bound to: 32 - type: integer 
INFO: [Synth 8-638] synthesizing module 'axi_i2s_receiver_v1_0_M_AXIS' [c:/Zynq_Book/EQ_27/EQ_27.srcs/sources_1/bd/Top/ipshared/98b9/hdl/axi_i2s_receiver_v1_0_M_AXIS.v:3]
	Parameter C_M_AXIS_TDATA_WIDTH bound to: 32 - type: integer 
	Parameter C_M_START_COUNT bound to: 32 - type: integer 
	Parameter NUMBER_OF_OUTPUT_WORDS bound to: 2 - type: integer 
	Parameter WAIT_COUNT_BITS bound to: 5 - type: integer 
	Parameter bit_num bound to: 2 - type: integer 
	Parameter IDLE bound to: 2'b00 
	Parameter INIT_COUNTER bound to: 2'b01 
	Parameter SEND_STREAM bound to: 2'b10 
INFO: [Synth 8-155] case statement is not full and has no default [c:/Zynq_Book/EQ_27/EQ_27.srcs/sources_1/bd/Top/ipshared/98b9/hdl/axi_i2s_receiver_v1_0_M_AXIS.v:109]
INFO: [Synth 8-638] synthesizing module 'i2s_receiver' [c:/Zynq_Book/EQ_27/EQ_27.srcs/sources_1/bd/Top/ipshared/98b9/src/i2s_receiver.v:9]
	Parameter SR_WIDTH bound to: 32 - type: integer 
	Parameter RING_WIDTH bound to: 33 - type: integer 
INFO: [Synth 8-256] done synthesizing module 'i2s_receiver' (1#1) [c:/Zynq_Book/EQ_27/EQ_27.srcs/sources_1/bd/Top/ipshared/98b9/src/i2s_receiver.v:9]
INFO: [Synth 8-256] done synthesizing module 'axi_i2s_receiver_v1_0_M_AXIS' (2#1) [c:/Zynq_Book/EQ_27/EQ_27.srcs/sources_1/bd/Top/ipshared/98b9/hdl/axi_i2s_receiver_v1_0_M_AXIS.v:3]
INFO: [Synth 8-256] done synthesizing module 'axi_i2s_receiver_v1_0' (3#1) [c:/Zynq_Book/EQ_27/EQ_27.srcs/sources_1/bd/Top/ipshared/98b9/hdl/axi_i2s_receiver_v1_0.v:4]
INFO: [Synth 8-256] done synthesizing module 'Top_axi_i2s_receiver_0_0' (4#1) [c:/Zynq_Book/EQ_27/EQ_27.srcs/sources_1/bd/Top/ip/Top_axi_i2s_receiver_0_0/synth/Top_axi_i2s_receiver_0_0.v:57]
---------------------------------------------------------------------------------
Finished RTL Elaboration : Time (s): cpu = 00:00:12 ; elapsed = 00:00:13 . Memory (MB): peak = 397.441 ; gain = 138.621
---------------------------------------------------------------------------------

Report Check Netlist: 
+------+------------------+-------+---------+-------+------------------+
|      |Item              |Errors |Warnings |Status |Description       |
+------+------------------+-------+---------+-------+------------------+
|1     |multi_driven_nets |      0|        0|Passed |Multi driven nets |
+------+------------------+-------+---------+-------+------------------+
---------------------------------------------------------------------------------
Finished RTL Optimization Phase 1 : Time (s): cpu = 00:00:12 ; elapsed = 00:00:13 . Memory (MB): peak = 397.441 ; gain = 138.621
---------------------------------------------------------------------------------
INFO: [Device 21-403] Loading part xc7z020clg484-1
INFO: [Project 1-570] Preparing netlist for logic optimization

Processing XDC Constraints
Initializing timing engine
Completed Processing XDC Constraints

INFO: [Project 1-111] Unisim Transformation Summary:
No Unisim elements were transformed.

Constraint Validation Runtime : Time (s): cpu = 00:00:00 ; elapsed = 00:00:00.015 . Memory (MB): peak = 751.016 ; gain = 0.000
---------------------------------------------------------------------------------
Finished Constraint Validation : Time (s): cpu = 00:00:33 ; elapsed = 00:00:35 . Memory (MB): peak = 751.016 ; gain = 492.195
---------------------------------------------------------------------------------
---------------------------------------------------------------------------------
Start Loading Part and Timing Information
---------------------------------------------------------------------------------
Loading part: xc7z020clg484-1
---------------------------------------------------------------------------------
Finished Loading Part and Timing Information : Time (s): cpu = 00:00:33 ; elapsed = 00:00:35 . Memory (MB): peak = 751.016 ; gain = 492.195
---------------------------------------------------------------------------------
---------------------------------------------------------------------------------
Start Applying 'set_property' XDC Constraints
---------------------------------------------------------------------------------
---------------------------------------------------------------------------------
Finished applying 'set_property' XDC Constraints : Time (s): cpu = 00:00:33 ; elapsed = 00:00:35 . Memory (MB): peak = 751.016 ; gain = 492.195
---------------------------------------------------------------------------------
INFO: [Synth 8-5544] ROM "read_pointer" won't be mapped to Block RAM because address size (2) smaller than threshold (5)
---------------------------------------------------------------------------------
Finished RTL Optimization Phase 2 : Time (s): cpu = 00:00:33 ; elapsed = 00:00:35 . Memory (MB): peak = 751.016 ; gain = 492.195
---------------------------------------------------------------------------------

Report RTL Partitions: 
+-+--------------+------------+----------+
| |RTL Partition |Replication |Instances |
+-+--------------+------------+----------+
+-+--------------+------------+----------+
---------------------------------------------------------------------------------
Start RTL Component Statistics 
---------------------------------------------------------------------------------
Detailed RTL Component Info : 
+---XORs : 
	   2 Input      1 Bit         XORs := 1     
+---Registers : 
	               32 Bit    Registers := 3     
	                2 Bit    Registers := 1     
	                1 Bit    Registers := 6     
+---Muxes : 
	   2 Input     32 Bit        Muxes := 2     
	   7 Input      2 Bit        Muxes := 3     
	   2 Input      1 Bit        Muxes := 1     
	   3 Input      1 Bit        Muxes := 1     
---------------------------------------------------------------------------------
Finished RTL Component Statistics 
---------------------------------------------------------------------------------
---------------------------------------------------------------------------------
Start RTL Hierarchical Component Statistics 
---------------------------------------------------------------------------------
Hierarchical RTL Component report 
Module i2s_receiver 
Detailed RTL Component Info : 
+---XORs : 
	   2 Input      1 Bit         XORs := 1     
+---Registers : 
	               32 Bit    Registers := 3     
	                1 Bit    Registers := 2     
+---Muxes : 
	   2 Input     32 Bit        Muxes := 1     
Module axi_i2s_receiver_v1_0_M_AXIS 
Detailed RTL Component Info : 
+---Registers : 
	                2 Bit    Registers := 1     
	                1 Bit    Registers := 4     
+---Muxes : 
	   2 Input     32 Bit        Muxes := 1     
	   7 Input      2 Bit        Muxes := 3     
	   2 Input      1 Bit        Muxes := 1     
	   3 Input      1 Bit        Muxes := 1     
---------------------------------------------------------------------------------
Finished RTL Hierarchical Component Statistics
---------------------------------------------------------------------------------
---------------------------------------------------------------------------------
Start Part Resource Summary
---------------------------------------------------------------------------------
Part Resources:
DSPs: 220 (col length:60)
BRAMs: 280 (col length: RAMB18 60 RAMB36 30)
---------------------------------------------------------------------------------
Finished Part Resource Summary
---------------------------------------------------------------------------------
---------------------------------------------------------------------------------
Start Cross Boundary and Area Optimization
---------------------------------------------------------------------------------
INFO: [Synth 8-3917] design Top_axi_i2s_receiver_0_0 has port m_axis_tstrb[3] driven by constant 1
INFO: [Synth 8-3917] design Top_axi_i2s_receiver_0_0 has port m_axis_tstrb[2] driven by constant 1
INFO: [Synth 8-3917] design Top_axi_i2s_receiver_0_0 has port m_axis_tstrb[1] driven by constant 1
INFO: [Synth 8-3917] design Top_axi_i2s_receiver_0_0 has port m_axis_tstrb[0] driven by constant 1
INFO: [Synth 8-3917] design Top_axi_i2s_receiver_0_0 has port m_axis_tvalid driven by constant 1
---------------------------------------------------------------------------------
Finished Cross Boundary and Area Optimization : Time (s): cpu = 00:00:35 ; elapsed = 00:00:36 . Memory (MB): peak = 751.016 ; gain = 492.195
---------------------------------------------------------------------------------

Report RTL Partitions: 
+-+--------------+------------+----------+
| |RTL Partition |Replication |Instances |
+-+--------------+------------+----------+
+-+--------------+------------+----------+
---------------------------------------------------------------------------------
Start Applying XDC Timing Constraints
---------------------------------------------------------------------------------
---------------------------------------------------------------------------------
Finished Applying XDC Timing Constraints : Time (s): cpu = 00:00:55 ; elapsed = 00:00:57 . Memory (MB): peak = 762.125 ; gain = 503.305
---------------------------------------------------------------------------------
---------------------------------------------------------------------------------
Start Timing Optimization
---------------------------------------------------------------------------------
---------------------------------------------------------------------------------
Finished Timing Optimization : Time (s): cpu = 00:00:55 ; elapsed = 00:00:57 . Memory (MB): peak = 762.219 ; gain = 503.398
---------------------------------------------------------------------------------

Report RTL Partitions: 
+-+--------------+------------+----------+
| |RTL Partition |Replication |Instances |
+-+--------------+------------+----------+
+-+--------------+------------+----------+
---------------------------------------------------------------------------------
Start Technology Mapping
---------------------------------------------------------------------------------
---------------------------------------------------------------------------------
Finished Technology Mapping : Time (s): cpu = 00:00:55 ; elapsed = 00:00:57 . Memory (MB): peak = 781.992 ; gain = 523.172
---------------------------------------------------------------------------------

Report RTL Partitions: 
+-+--------------+------------+----------+
| |RTL Partition |Replication |Instances |
+-+--------------+------------+----------+
+-+--------------+------------+----------+
---------------------------------------------------------------------------------
Start IO Insertion
---------------------------------------------------------------------------------
---------------------------------------------------------------------------------
Start Flattening Before IO Insertion
---------------------------------------------------------------------------------
---------------------------------------------------------------------------------
Finished Flattening Before IO Insertion
---------------------------------------------------------------------------------
---------------------------------------------------------------------------------
Start Final Netlist Cleanup
---------------------------------------------------------------------------------
---------------------------------------------------------------------------------
Finished Final Netlist Cleanup
---------------------------------------------------------------------------------
---------------------------------------------------------------------------------
Finished IO Insertion : Time (s): cpu = 00:00:57 ; elapsed = 00:00:59 . Memory (MB): peak = 781.992 ; gain = 523.172
---------------------------------------------------------------------------------

Report Check Netlist: 
+------+------------------+-------+---------+-------+------------------+
|      |Item              |Errors |Warnings |Status |Description       |
+------+------------------+-------+---------+-------+------------------+
|1     |multi_driven_nets |      0|        0|Passed |Multi driven nets |
+------+------------------+-------+---------+-------+------------------+
---------------------------------------------------------------------------------
Start Renaming Generated Instances
---------------------------------------------------------------------------------
---------------------------------------------------------------------------------
Finished Renaming Generated Instances : Time (s): cpu = 00:00:57 ; elapsed = 00:00:59 . Memory (MB): peak = 781.992 ; gain = 523.172
---------------------------------------------------------------------------------

Report RTL Partitions: 
+-+--------------+------------+----------+
| |RTL Partition |Replication |Instances |
+-+--------------+------------+----------+
+-+--------------+------------+----------+
---------------------------------------------------------------------------------
Start Rebuilding User Hierarchy
---------------------------------------------------------------------------------
---------------------------------------------------------------------------------
Finished Rebuilding User Hierarchy : Time (s): cpu = 00:00:57 ; elapsed = 00:00:59 . Memory (MB): peak = 781.992 ; gain = 523.172
---------------------------------------------------------------------------------
---------------------------------------------------------------------------------
Start Renaming Generated Ports
---------------------------------------------------------------------------------
---------------------------------------------------------------------------------
Finished Renaming Generated Ports : Time (s): cpu = 00:00:57 ; elapsed = 00:00:59 . Memory (MB): peak = 781.992 ; gain = 523.172
---------------------------------------------------------------------------------
---------------------------------------------------------------------------------
Start Handling Custom Attributes
---------------------------------------------------------------------------------
---------------------------------------------------------------------------------
Finished Handling Custom Attributes : Time (s): cpu = 00:00:57 ; elapsed = 00:00:59 . Memory (MB): peak = 781.992 ; gain = 523.172
---------------------------------------------------------------------------------
---------------------------------------------------------------------------------
Start Renaming Generated Nets
---------------------------------------------------------------------------------
---------------------------------------------------------------------------------
Finished Renaming Generated Nets : Time (s): cpu = 00:00:57 ; elapsed = 00:00:59 . Memory (MB): peak = 781.992 ; gain = 523.172
---------------------------------------------------------------------------------
---------------------------------------------------------------------------------
Start Writing Synthesis Report
---------------------------------------------------------------------------------

Report BlackBoxes: 
+-+--------------+----------+
| |BlackBox name |Instances |
+-+--------------+----------+
+-+--------------+----------+

Report Cell Usage: 
+------+-----+------+
|      |Cell |Count |
+------+-----+------+
|1     |LUT1 |     2|
|2     |LUT2 |     3|
|3     |LUT3 |    33|
|4     |LUT4 |     1|
|5     |LUT5 |    35|
|6     |LUT6 |     1|
|7     |FDCE |    96|
|8     |FDPE |     1|
|9     |FDRE |    40|
+------+-----+------+

Report Instance Areas: 
+------+--------------------------------------+-----------------------------+------+
|      |Instance                              |Module                       |Cells |
+------+--------------------------------------+-----------------------------+------+
|1     |top                                   |                             |   212|
|2     |  inst                                |axi_i2s_receiver_v1_0        |   212|
|3     |    axi_i2s_receiver_v1_0_M_AXIS_inst |axi_i2s_receiver_v1_0_M_AXIS |   212|
|4     |      my_receiver                     |i2s_receiver                 |   200|
+------+--------------------------------------+-----------------------------+------+
---------------------------------------------------------------------------------
Finished Writing Synthesis Report : Time (s): cpu = 00:00:57 ; elapsed = 00:00:59 . Memory (MB): peak = 781.992 ; gain = 523.172
---------------------------------------------------------------------------------
Synthesis finished with 0 errors, 0 critical warnings and 0 warnings.
Synthesis Optimization Runtime : Time (s): cpu = 00:00:34 ; elapsed = 00:00:48 . Memory (MB): peak = 781.992 ; gain = 169.598
Synthesis Optimization Complete : Time (s): cpu = 00:00:57 ; elapsed = 00:00:59 . Memory (MB): peak = 781.992 ; gain = 523.172
INFO: [Project 1-571] Translating synthesized netlist
INFO: [Project 1-570] Preparing netlist for logic optimization
INFO: [Opt 31-138] Pushed 0 inverter(s) to 0 load pin(s).
INFO: [Project 1-111] Unisim Transformation Summary:
No Unisim elements were transformed.

INFO: [Common 17-83] Releasing license: Synthesis
24 Infos, 1 Warnings, 0 Critical Warnings and 0 Errors encountered.
synth_design completed successfully
synth_design: Time (s): cpu = 00:01:00 ; elapsed = 00:01:02 . Memory (MB): peak = 786.000 ; gain = 538.867
INFO: [Common 17-1381] The checkpoint 'C:/Zynq_Book/EQ_27/EQ_27.runs/Top_axi_i2s_receiver_0_0_synth_1/Top_axi_i2s_receiver_0_0.dcp' has been generated.
