
*** Running vivado
    with args -log Top_wrapper.vds -m64 -product Vivado -mode batch -messageDb vivado.pb -notrace -source Top_wrapper.tcl


****** Vivado v2017.4 (64-bit)
  **** SW Build 2086221 on Fri Dec 15 20:55:39 MST 2017
  **** IP Build 2085800 on Fri Dec 15 22:25:07 MST 2017
    ** Copyright 1986-2017 Xilinx, Inc. All Rights Reserved.

source Top_wrapper.tcl -notrace
INFO: [IP_Flow 19-234] Refreshing IP repositories
INFO: [IP_Flow 19-1700] Loaded user IP repository 'c:/Zynq_Book/ip_repo/axi_i2s_receiver_1.0'.
INFO: [IP_Flow 19-1700] Loaded user IP repository 'c:/Zynq_Book/ip_repo/axi_i2s_transmitter'.
INFO: [IP_Flow 19-1700] Loaded user IP repository 'c:/Zynq_Book/ip_repo/eq_core'.
INFO: [IP_Flow 19-2313] Loaded Vivado IP repository 'C:/Xilinx/Vivado/2017.4/data/ip'.
Command: synth_design -top Top_wrapper -part xc7z020clg484-1
Starting synth_design
Attempting to get a license for feature 'Synthesis' and/or device 'xc7z020'
INFO: [Common 17-349] Got license for feature 'Synthesis' and/or device 'xc7z020'
INFO: Launching helper process for spawning children vivado processes
INFO: Helper process launched with PID 9760 
---------------------------------------------------------------------------------
Starting RTL Elaboration : Time (s): cpu = 00:00:06 ; elapsed = 00:00:06 . Memory (MB): peak = 394.352 ; gain = 103.172
---------------------------------------------------------------------------------
INFO: [Synth 8-638] synthesizing module 'Top_wrapper' [C:/Zynq_Book/EQ_27/EQ_27.srcs/sources_1/bd/Top/hdl/Top_wrapper.v:12]
INFO: [Synth 8-638] synthesizing module 'Top' [C:/Zynq_Book/EQ_27/EQ_27.srcs/sources_1/bd/Top/synth/Top.v:14]
INFO: [Synth 8-638] synthesizing module 'Top_axi_bram_ctrl_0_0' [C:/Zynq_Book/EQ_27/EQ_27.runs/synth_1/.Xil/Vivado-4912-Del_Alienware/realtime/Top_axi_bram_ctrl_0_0_stub.v:6]
INFO: [Synth 8-256] done synthesizing module 'Top_axi_bram_ctrl_0_0' (1#1) [C:/Zynq_Book/EQ_27/EQ_27.runs/synth_1/.Xil/Vivado-4912-Del_Alienware/realtime/Top_axi_bram_ctrl_0_0_stub.v:6]
INFO: [Synth 8-638] synthesizing module 'Top_axi_gpio_0_0' [C:/Zynq_Book/EQ_27/EQ_27.runs/synth_1/.Xil/Vivado-4912-Del_Alienware/realtime/Top_axi_gpio_0_0_stub.v:6]
INFO: [Synth 8-256] done synthesizing module 'Top_axi_gpio_0_0' (2#1) [C:/Zynq_Book/EQ_27/EQ_27.runs/synth_1/.Xil/Vivado-4912-Del_Alienware/realtime/Top_axi_gpio_0_0_stub.v:6]
INFO: [Synth 8-638] synthesizing module 'Top_axi_i2s_receiver_0_0' [C:/Zynq_Book/EQ_27/EQ_27.runs/synth_1/.Xil/Vivado-4912-Del_Alienware/realtime/Top_axi_i2s_receiver_0_0_stub.v:6]
INFO: [Synth 8-256] done synthesizing module 'Top_axi_i2s_receiver_0_0' (3#1) [C:/Zynq_Book/EQ_27/EQ_27.runs/synth_1/.Xil/Vivado-4912-Del_Alienware/realtime/Top_axi_i2s_receiver_0_0_stub.v:6]
INFO: [Synth 8-638] synthesizing module 'Top_axi_i2s_transmitter_0_0' [C:/Zynq_Book/EQ_27/EQ_27.runs/synth_1/.Xil/Vivado-4912-Del_Alienware/realtime/Top_axi_i2s_transmitter_0_0_stub.v:6]
INFO: [Synth 8-256] done synthesizing module 'Top_axi_i2s_transmitter_0_0' (4#1) [C:/Zynq_Book/EQ_27/EQ_27.runs/synth_1/.Xil/Vivado-4912-Del_Alienware/realtime/Top_axi_i2s_transmitter_0_0_stub.v:6]
INFO: [Synth 8-638] synthesizing module 'Top_axi_interconnect_0_0' [C:/Zynq_Book/EQ_27/EQ_27.srcs/sources_1/bd/Top/synth/Top.v:606]
INFO: [Synth 8-638] synthesizing module 'm00_couplers_imp_JY9FDQ' [C:/Zynq_Book/EQ_27/EQ_27.srcs/sources_1/bd/Top/synth/Top.v:1535]
INFO: [Synth 8-638] synthesizing module 'Top_auto_ds_0' [C:/Zynq_Book/EQ_27/EQ_27.runs/synth_1/.Xil/Vivado-4912-Del_Alienware/realtime/Top_auto_ds_0_stub.v:6]
INFO: [Synth 8-256] done synthesizing module 'Top_auto_ds_0' (5#1) [C:/Zynq_Book/EQ_27/EQ_27.runs/synth_1/.Xil/Vivado-4912-Del_Alienware/realtime/Top_auto_ds_0_stub.v:6]
INFO: [Synth 8-638] synthesizing module 'Top_auto_pc_0' [C:/Zynq_Book/EQ_27/EQ_27.runs/synth_1/.Xil/Vivado-4912-Del_Alienware/realtime/Top_auto_pc_0_stub.v:6]
INFO: [Synth 8-256] done synthesizing module 'Top_auto_pc_0' (6#1) [C:/Zynq_Book/EQ_27/EQ_27.runs/synth_1/.Xil/Vivado-4912-Del_Alienware/realtime/Top_auto_pc_0_stub.v:6]
INFO: [Synth 8-256] done synthesizing module 'm00_couplers_imp_JY9FDQ' (7#1) [C:/Zynq_Book/EQ_27/EQ_27.srcs/sources_1/bd/Top/synth/Top.v:1535]
INFO: [Synth 8-638] synthesizing module 'm01_couplers_imp_16V7BMJ' [C:/Zynq_Book/EQ_27/EQ_27.srcs/sources_1/bd/Top/synth/Top.v:1933]
INFO: [Synth 8-638] synthesizing module 'Top_auto_ds_1' [C:/Zynq_Book/EQ_27/EQ_27.runs/synth_1/.Xil/Vivado-4912-Del_Alienware/realtime/Top_auto_ds_1_stub.v:6]
INFO: [Synth 8-256] done synthesizing module 'Top_auto_ds_1' (8#1) [C:/Zynq_Book/EQ_27/EQ_27.runs/synth_1/.Xil/Vivado-4912-Del_Alienware/realtime/Top_auto_ds_1_stub.v:6]
INFO: [Synth 8-638] synthesizing module 'Top_auto_pc_1' [C:/Zynq_Book/EQ_27/EQ_27.runs/synth_1/.Xil/Vivado-4912-Del_Alienware/realtime/Top_auto_pc_1_stub.v:6]
INFO: [Synth 8-256] done synthesizing module 'Top_auto_pc_1' (9#1) [C:/Zynq_Book/EQ_27/EQ_27.runs/synth_1/.Xil/Vivado-4912-Del_Alienware/realtime/Top_auto_pc_1_stub.v:6]
WARNING: [Synth 8-350] instance 'auto_pc' of module 'Top_auto_pc_1' requires 56 connections, but only 54 given [C:/Zynq_Book/EQ_27/EQ_27.srcs/sources_1/bd/Top/synth/Top.v:2264]
INFO: [Synth 8-256] done synthesizing module 'm01_couplers_imp_16V7BMJ' (10#1) [C:/Zynq_Book/EQ_27/EQ_27.srcs/sources_1/bd/Top/synth/Top.v:1933]
INFO: [Synth 8-638] synthesizing module 'm02_couplers_imp_B0MBTH' [C:/Zynq_Book/EQ_27/EQ_27.srcs/sources_1/bd/Top/synth/Top.v:2321]
INFO: [Synth 8-256] done synthesizing module 'm02_couplers_imp_B0MBTH' (11#1) [C:/Zynq_Book/EQ_27/EQ_27.srcs/sources_1/bd/Top/synth/Top.v:2321]
INFO: [Synth 8-638] synthesizing module 's00_couplers_imp_1UB271G' [C:/Zynq_Book/EQ_27/EQ_27.srcs/sources_1/bd/Top/synth/Top.v:2551]
INFO: [Synth 8-638] synthesizing module 'Top_auto_pc_2' [C:/Zynq_Book/EQ_27/EQ_27.runs/synth_1/.Xil/Vivado-4912-Del_Alienware/realtime/Top_auto_pc_2_stub.v:6]
INFO: [Synth 8-256] done synthesizing module 'Top_auto_pc_2' (12#1) [C:/Zynq_Book/EQ_27/EQ_27.runs/synth_1/.Xil/Vivado-4912-Del_Alienware/realtime/Top_auto_pc_2_stub.v:6]
INFO: [Synth 8-638] synthesizing module 'Top_auto_us_0' [C:/Zynq_Book/EQ_27/EQ_27.runs/synth_1/.Xil/Vivado-4912-Del_Alienware/realtime/Top_auto_us_0_stub.v:6]
INFO: [Synth 8-256] done synthesizing module 'Top_auto_us_0' (13#1) [C:/Zynq_Book/EQ_27/EQ_27.runs/synth_1/.Xil/Vivado-4912-Del_Alienware/realtime/Top_auto_us_0_stub.v:6]
WARNING: [Synth 8-350] instance 'auto_us' of module 'Top_auto_us_0' requires 76 connections, but only 74 given [C:/Zynq_Book/EQ_27/EQ_27.srcs/sources_1/bd/Top/synth/Top.v:2969]
INFO: [Synth 8-256] done synthesizing module 's00_couplers_imp_1UB271G' (14#1) [C:/Zynq_Book/EQ_27/EQ_27.srcs/sources_1/bd/Top/synth/Top.v:2551]
INFO: [Synth 8-638] synthesizing module 'Top_xbar_0' [C:/Zynq_Book/EQ_27/EQ_27.runs/synth_1/.Xil/Vivado-4912-Del_Alienware/realtime/Top_xbar_0_stub.v:6]
INFO: [Synth 8-256] done synthesizing module 'Top_xbar_0' (15#1) [C:/Zynq_Book/EQ_27/EQ_27.runs/synth_1/.Xil/Vivado-4912-Del_Alienware/realtime/Top_xbar_0_stub.v:6]
WARNING: [Synth 8-689] width (8) of port connection 'm_axi_arqos' does not match port width (12) of module 'Top_xbar_0' [C:/Zynq_Book/EQ_27/EQ_27.srcs/sources_1/bd/Top/synth/Top.v:1471]
WARNING: [Synth 8-689] width (8) of port connection 'm_axi_arregion' does not match port width (12) of module 'Top_xbar_0' [C:/Zynq_Book/EQ_27/EQ_27.srcs/sources_1/bd/Top/synth/Top.v:1473]
WARNING: [Synth 8-689] width (8) of port connection 'm_axi_awqos' does not match port width (12) of module 'Top_xbar_0' [C:/Zynq_Book/EQ_27/EQ_27.srcs/sources_1/bd/Top/synth/Top.v:1482]
WARNING: [Synth 8-689] width (8) of port connection 'm_axi_awregion' does not match port width (12) of module 'Top_xbar_0' [C:/Zynq_Book/EQ_27/EQ_27.srcs/sources_1/bd/Top/synth/Top.v:1484]
INFO: [Synth 8-256] done synthesizing module 'Top_axi_interconnect_0_0' (16#1) [C:/Zynq_Book/EQ_27/EQ_27.srcs/sources_1/bd/Top/synth/Top.v:606]
INFO: [Synth 8-638] synthesizing module 'Top_blk_mem_gen_0_1' [C:/Zynq_Book/EQ_27/EQ_27.runs/synth_1/.Xil/Vivado-4912-Del_Alienware/realtime/Top_blk_mem_gen_0_1_stub.v:6]
INFO: [Synth 8-256] done synthesizing module 'Top_blk_mem_gen_0_1' (17#1) [C:/Zynq_Book/EQ_27/EQ_27.runs/synth_1/.Xil/Vivado-4912-Del_Alienware/realtime/Top_blk_mem_gen_0_1_stub.v:6]
WARNING: [Synth 8-350] instance 'blk_mem_gen_0' of module 'Top_blk_mem_gen_0_1' requires 16 connections, but only 14 given [C:/Zynq_Book/EQ_27/EQ_27.srcs/sources_1/bd/Top/synth/Top.v:463]
INFO: [Synth 8-638] synthesizing module 'Top_eq_core_0_0' [C:/Zynq_Book/EQ_27/EQ_27.runs/synth_1/.Xil/Vivado-4912-Del_Alienware/realtime/Top_eq_core_0_0_stub.v:6]
INFO: [Synth 8-256] done synthesizing module 'Top_eq_core_0_0' (18#1) [C:/Zynq_Book/EQ_27/EQ_27.runs/synth_1/.Xil/Vivado-4912-Del_Alienware/realtime/Top_eq_core_0_0_stub.v:6]
INFO: [Synth 8-638] synthesizing module 'Top_processing_system7_0_0' [C:/Zynq_Book/EQ_27/EQ_27.runs/synth_1/.Xil/Vivado-4912-Del_Alienware/realtime/Top_processing_system7_0_0_stub.v:6]
INFO: [Synth 8-256] done synthesizing module 'Top_processing_system7_0_0' (19#1) [C:/Zynq_Book/EQ_27/EQ_27.runs/synth_1/.Xil/Vivado-4912-Del_Alienware/realtime/Top_processing_system7_0_0_stub.v:6]
WARNING: [Synth 8-350] instance 'processing_system7_0' of module 'Top_processing_system7_0_0' requires 76 connections, but only 71 given [C:/Zynq_Book/EQ_27/EQ_27.srcs/sources_1/bd/Top/synth/Top.v:524]
INFO: [Synth 8-638] synthesizing module 'Top_rst_ps7_0_100M_0' [C:/Zynq_Book/EQ_27/EQ_27.runs/synth_1/.Xil/Vivado-4912-Del_Alienware/realtime/Top_rst_ps7_0_100M_0_stub.v:6]
INFO: [Synth 8-256] done synthesizing module 'Top_rst_ps7_0_100M_0' (20#1) [C:/Zynq_Book/EQ_27/EQ_27.runs/synth_1/.Xil/Vivado-4912-Del_Alienware/realtime/Top_rst_ps7_0_100M_0_stub.v:6]
WARNING: [Synth 8-350] instance 'rst_ps7_0_100M' of module 'Top_rst_ps7_0_100M_0' requires 10 connections, but only 7 given [C:/Zynq_Book/EQ_27/EQ_27.srcs/sources_1/bd/Top/synth/Top.v:596]
INFO: [Synth 8-256] done synthesizing module 'Top' (21#1) [C:/Zynq_Book/EQ_27/EQ_27.srcs/sources_1/bd/Top/synth/Top.v:14]
INFO: [Synth 8-638] synthesizing module 'IOBUF' [C:/Xilinx/Vivado/2017.4/scripts/rt/data/unisim_comp.v:22655]
	Parameter DRIVE bound to: 12 - type: integer 
	Parameter IBUF_LOW_PWR bound to: TRUE - type: string 
	Parameter IOSTANDARD bound to: DEFAULT - type: string 
	Parameter SLEW bound to: SLOW - type: string 
INFO: [Synth 8-256] done synthesizing module 'IOBUF' (22#1) [C:/Xilinx/Vivado/2017.4/scripts/rt/data/unisim_comp.v:22655]
INFO: [Synth 8-256] done synthesizing module 'Top_wrapper' (23#1) [C:/Zynq_Book/EQ_27/EQ_27.srcs/sources_1/bd/Top/hdl/Top_wrapper.v:12]
WARNING: [Synth 8-3331] design s00_couplers_imp_1UB271G has unconnected port M_ACLK
WARNING: [Synth 8-3331] design s00_couplers_imp_1UB271G has unconnected port M_ARESETN
WARNING: [Synth 8-3331] design m02_couplers_imp_B0MBTH has unconnected port M_ACLK
WARNING: [Synth 8-3331] design m02_couplers_imp_B0MBTH has unconnected port M_ARESETN
WARNING: [Synth 8-3331] design m02_couplers_imp_B0MBTH has unconnected port S_ACLK
WARNING: [Synth 8-3331] design m02_couplers_imp_B0MBTH has unconnected port S_ARESETN
WARNING: [Synth 8-3331] design m01_couplers_imp_16V7BMJ has unconnected port M_ACLK
WARNING: [Synth 8-3331] design m01_couplers_imp_16V7BMJ has unconnected port M_ARESETN
WARNING: [Synth 8-3331] design m00_couplers_imp_JY9FDQ has unconnected port M_ACLK
WARNING: [Synth 8-3331] design m00_couplers_imp_JY9FDQ has unconnected port M_ARESETN
---------------------------------------------------------------------------------
Finished RTL Elaboration : Time (s): cpu = 00:00:07 ; elapsed = 00:00:07 . Memory (MB): peak = 442.434 ; gain = 151.254
---------------------------------------------------------------------------------

Report Check Netlist: 
+------+------------------+-------+---------+-------+------------------+
|      |Item              |Errors |Warnings |Status |Description       |
+------+------------------+-------+---------+-------+------------------+
|1     |multi_driven_nets |      0|        0|Passed |Multi driven nets |
+------+------------------+-------+---------+-------+------------------+
---------------------------------------------------------------------------------
Finished RTL Optimization Phase 1 : Time (s): cpu = 00:00:07 ; elapsed = 00:00:07 . Memory (MB): peak = 442.434 ; gain = 151.254
---------------------------------------------------------------------------------
INFO: [Netlist 29-17] Analyzing 2 Unisim elements for replacement
INFO: [Netlist 29-28] Unisim Transformation completed in 0 CPU seconds
INFO: [Device 21-403] Loading part xc7z020clg484-1
INFO: [Project 1-570] Preparing netlist for logic optimization

Processing XDC Constraints
Initializing timing engine
Parsing XDC File [C:/Zynq_Book/EQ_27/EQ_27.runs/synth_1/.Xil/Vivado-4912-Del_Alienware/dcp15/Top_eq_core_0_0_in_context.xdc] for cell 'Top_i/eq_core_0'
Finished Parsing XDC File [C:/Zynq_Book/EQ_27/EQ_27.runs/synth_1/.Xil/Vivado-4912-Del_Alienware/dcp15/Top_eq_core_0_0_in_context.xdc] for cell 'Top_i/eq_core_0'
Parsing XDC File [C:/Zynq_Book/EQ_27/EQ_27.runs/synth_1/.Xil/Vivado-4912-Del_Alienware/dcp16/Top_processing_system7_0_0_in_context.xdc] for cell 'Top_i/processing_system7_0'
Finished Parsing XDC File [C:/Zynq_Book/EQ_27/EQ_27.runs/synth_1/.Xil/Vivado-4912-Del_Alienware/dcp16/Top_processing_system7_0_0_in_context.xdc] for cell 'Top_i/processing_system7_0'
Parsing XDC File [C:/Zynq_Book/EQ_27/EQ_27.runs/synth_1/.Xil/Vivado-4912-Del_Alienware/dcp17/Top_axi_i2s_receiver_0_0_in_context.xdc] for cell 'Top_i/axi_i2s_receiver_0'
Finished Parsing XDC File [C:/Zynq_Book/EQ_27/EQ_27.runs/synth_1/.Xil/Vivado-4912-Del_Alienware/dcp17/Top_axi_i2s_receiver_0_0_in_context.xdc] for cell 'Top_i/axi_i2s_receiver_0'
Parsing XDC File [C:/Zynq_Book/EQ_27/EQ_27.runs/synth_1/.Xil/Vivado-4912-Del_Alienware/dcp18/Top_axi_i2s_transmitter_0_0_in_context.xdc] for cell 'Top_i/axi_i2s_transmitter_0'
Finished Parsing XDC File [C:/Zynq_Book/EQ_27/EQ_27.runs/synth_1/.Xil/Vivado-4912-Del_Alienware/dcp18/Top_axi_i2s_transmitter_0_0_in_context.xdc] for cell 'Top_i/axi_i2s_transmitter_0'
Parsing XDC File [C:/Zynq_Book/EQ_27/EQ_27.runs/synth_1/.Xil/Vivado-4912-Del_Alienware/dcp19/Top_axi_gpio_0_0_in_context.xdc] for cell 'Top_i/axi_gpio_0'
Finished Parsing XDC File [C:/Zynq_Book/EQ_27/EQ_27.runs/synth_1/.Xil/Vivado-4912-Del_Alienware/dcp19/Top_axi_gpio_0_0_in_context.xdc] for cell 'Top_i/axi_gpio_0'
Parsing XDC File [C:/Zynq_Book/EQ_27/EQ_27.runs/synth_1/.Xil/Vivado-4912-Del_Alienware/dcp20/Top_rst_ps7_0_100M_0_in_context.xdc] for cell 'Top_i/rst_ps7_0_100M'
Finished Parsing XDC File [C:/Zynq_Book/EQ_27/EQ_27.runs/synth_1/.Xil/Vivado-4912-Del_Alienware/dcp20/Top_rst_ps7_0_100M_0_in_context.xdc] for cell 'Top_i/rst_ps7_0_100M'
Parsing XDC File [C:/Zynq_Book/EQ_27/EQ_27.runs/synth_1/.Xil/Vivado-4912-Del_Alienware/dcp21/Top_xbar_0_in_context.xdc] for cell 'Top_i/axi_interconnect_0/xbar'
Finished Parsing XDC File [C:/Zynq_Book/EQ_27/EQ_27.runs/synth_1/.Xil/Vivado-4912-Del_Alienware/dcp21/Top_xbar_0_in_context.xdc] for cell 'Top_i/axi_interconnect_0/xbar'
Parsing XDC File [C:/Zynq_Book/EQ_27/EQ_27.runs/synth_1/.Xil/Vivado-4912-Del_Alienware/dcp22/Top_axi_bram_ctrl_0_0_in_context.xdc] for cell 'Top_i/axi_bram_ctrl_0'
Finished Parsing XDC File [C:/Zynq_Book/EQ_27/EQ_27.runs/synth_1/.Xil/Vivado-4912-Del_Alienware/dcp22/Top_axi_bram_ctrl_0_0_in_context.xdc] for cell 'Top_i/axi_bram_ctrl_0'
Parsing XDC File [C:/Zynq_Book/EQ_27/EQ_27.runs/synth_1/.Xil/Vivado-4912-Del_Alienware/dcp23/Top_blk_mem_gen_0_1_in_context.xdc] for cell 'Top_i/blk_mem_gen_0'
Finished Parsing XDC File [C:/Zynq_Book/EQ_27/EQ_27.runs/synth_1/.Xil/Vivado-4912-Del_Alienware/dcp23/Top_blk_mem_gen_0_1_in_context.xdc] for cell 'Top_i/blk_mem_gen_0'
Parsing XDC File [C:/Zynq_Book/EQ_27/EQ_27.runs/synth_1/.Xil/Vivado-4912-Del_Alienware/dcp24/Top_auto_ds_1_in_context.xdc] for cell 'Top_i/axi_interconnect_0/m01_couplers/auto_ds'
Finished Parsing XDC File [C:/Zynq_Book/EQ_27/EQ_27.runs/synth_1/.Xil/Vivado-4912-Del_Alienware/dcp24/Top_auto_ds_1_in_context.xdc] for cell 'Top_i/axi_interconnect_0/m01_couplers/auto_ds'
Parsing XDC File [C:/Zynq_Book/EQ_27/EQ_27.runs/synth_1/.Xil/Vivado-4912-Del_Alienware/dcp25/Top_auto_pc_0_in_context.xdc] for cell 'Top_i/axi_interconnect_0/m01_couplers/auto_pc'
Finished Parsing XDC File [C:/Zynq_Book/EQ_27/EQ_27.runs/synth_1/.Xil/Vivado-4912-Del_Alienware/dcp25/Top_auto_pc_0_in_context.xdc] for cell 'Top_i/axi_interconnect_0/m01_couplers/auto_pc'
Parsing XDC File [C:/Zynq_Book/EQ_27/EQ_27.runs/synth_1/.Xil/Vivado-4912-Del_Alienware/dcp26/Top_auto_ds_1_in_context.xdc] for cell 'Top_i/axi_interconnect_0/m00_couplers/auto_ds'
Finished Parsing XDC File [C:/Zynq_Book/EQ_27/EQ_27.runs/synth_1/.Xil/Vivado-4912-Del_Alienware/dcp26/Top_auto_ds_1_in_context.xdc] for cell 'Top_i/axi_interconnect_0/m00_couplers/auto_ds'
Parsing XDC File [C:/Zynq_Book/EQ_27/EQ_27.runs/synth_1/.Xil/Vivado-4912-Del_Alienware/dcp27/Top_auto_pc_0_in_context.xdc] for cell 'Top_i/axi_interconnect_0/m00_couplers/auto_pc'
Finished Parsing XDC File [C:/Zynq_Book/EQ_27/EQ_27.runs/synth_1/.Xil/Vivado-4912-Del_Alienware/dcp27/Top_auto_pc_0_in_context.xdc] for cell 'Top_i/axi_interconnect_0/m00_couplers/auto_pc'
Parsing XDC File [C:/Zynq_Book/EQ_27/EQ_27.runs/synth_1/.Xil/Vivado-4912-Del_Alienware/dcp28/Top_auto_pc_2_in_context.xdc] for cell 'Top_i/axi_interconnect_0/s00_couplers/auto_pc'
Finished Parsing XDC File [C:/Zynq_Book/EQ_27/EQ_27.runs/synth_1/.Xil/Vivado-4912-Del_Alienware/dcp28/Top_auto_pc_2_in_context.xdc] for cell 'Top_i/axi_interconnect_0/s00_couplers/auto_pc'
Parsing XDC File [C:/Zynq_Book/EQ_27/EQ_27.runs/synth_1/.Xil/Vivado-4912-Del_Alienware/dcp29/Top_auto_us_0_in_context.xdc] for cell 'Top_i/axi_interconnect_0/s00_couplers/auto_us'
Finished Parsing XDC File [C:/Zynq_Book/EQ_27/EQ_27.runs/synth_1/.Xil/Vivado-4912-Del_Alienware/dcp29/Top_auto_us_0_in_context.xdc] for cell 'Top_i/axi_interconnect_0/s00_couplers/auto_us'
Parsing XDC File [C:/Zynq_Book/EQ_27/eq_27_zedboard.xdc]
Finished Parsing XDC File [C:/Zynq_Book/EQ_27/eq_27_zedboard.xdc]
INFO: [Project 1-236] Implementation specific constraints were found while reading constraint file [C:/Zynq_Book/EQ_27/eq_27_zedboard.xdc]. These constraints will be ignored for synthesis but will be used in implementation. Impacted constraints are listed in the file [.Xil/Top_wrapper_propImpl.xdc].
Resolution: To avoid this warning, move constraints listed in [.Xil/Top_wrapper_propImpl.xdc] to another XDC file and exclude this new file from synthesis with the used_in_synthesis property (File Properties dialog in GUI) and re-run elaboration/synthesis.
Parsing XDC File [C:/Zynq_Book/EQ_27/EQ_27.runs/synth_1/dont_touch.xdc]
Finished Parsing XDC File [C:/Zynq_Book/EQ_27/EQ_27.runs/synth_1/dont_touch.xdc]
Completed Processing XDC Constraints

INFO: [Project 1-111] Unisim Transformation Summary:
  A total of 2 instances were transformed.
  IOBUF => IOBUF (IBUF, OBUFT): 2 instances

Constraint Validation Runtime : Time (s): cpu = 00:00:00 ; elapsed = 00:00:00.009 . Memory (MB): peak = 776.418 ; gain = 0.000
WARNING: [Timing 38-316] Clock period '20.000' specified during out-of-context synthesis of instance 'Top_i/blk_mem_gen_0' at clock pin 'clka' is different from the actual clock period '10.000', this can lead to different synthesis results.
---------------------------------------------------------------------------------
Finished Constraint Validation : Time (s): cpu = 00:00:21 ; elapsed = 00:00:22 . Memory (MB): peak = 776.418 ; gain = 485.238
---------------------------------------------------------------------------------
---------------------------------------------------------------------------------
Start Loading Part and Timing Information
---------------------------------------------------------------------------------
Loading part: xc7z020clg484-1
---------------------------------------------------------------------------------
Finished Loading Part and Timing Information : Time (s): cpu = 00:00:21 ; elapsed = 00:00:22 . Memory (MB): peak = 776.418 ; gain = 485.238
---------------------------------------------------------------------------------
---------------------------------------------------------------------------------
Start Applying 'set_property' XDC Constraints
---------------------------------------------------------------------------------
Applied set_property IO_BUFFER_TYPE = NONE for DDR_addr[0]. (constraint file  C:/Zynq_Book/EQ_27/EQ_27.runs/synth_1/.Xil/Vivado-4912-Del_Alienware/dcp16/Top_processing_system7_0_0_in_context.xdc, line 4).
Applied set_property CLOCK_BUFFER_TYPE = NONE for DDR_addr[0]. (constraint file  C:/Zynq_Book/EQ_27/EQ_27.runs/synth_1/.Xil/Vivado-4912-Del_Alienware/dcp16/Top_processing_system7_0_0_in_context.xdc, line 5).
Applied set_property IO_BUFFER_TYPE = NONE for DDR_addr[10]. (constraint file  C:/Zynq_Book/EQ_27/EQ_27.runs/synth_1/.Xil/Vivado-4912-Del_Alienware/dcp16/Top_processing_system7_0_0_in_context.xdc, line 6).
Applied set_property CLOCK_BUFFER_TYPE = NONE for DDR_addr[10]. (constraint file  C:/Zynq_Book/EQ_27/EQ_27.runs/synth_1/.Xil/Vivado-4912-Del_Alienware/dcp16/Top_processing_system7_0_0_in_context.xdc, line 7).
Applied set_property IO_BUFFER_TYPE = NONE for DDR_addr[11]. (constraint file  C:/Zynq_Book/EQ_27/EQ_27.runs/synth_1/.Xil/Vivado-4912-Del_Alienware/dcp16/Top_processing_system7_0_0_in_context.xdc, line 8).
Applied set_property CLOCK_BUFFER_TYPE = NONE for DDR_addr[11]. (constraint file  C:/Zynq_Book/EQ_27/EQ_27.runs/synth_1/.Xil/Vivado-4912-Del_Alienware/dcp16/Top_processing_system7_0_0_in_context.xdc, line 9).
Applied set_property IO_BUFFER_TYPE = NONE for DDR_addr[12]. (constraint file  C:/Zynq_Book/EQ_27/EQ_27.runs/synth_1/.Xil/Vivado-4912-Del_Alienware/dcp16/Top_processing_system7_0_0_in_context.xdc, line 10).
Applied set_property CLOCK_BUFFER_TYPE = NONE for DDR_addr[12]. (constraint file  C:/Zynq_Book/EQ_27/EQ_27.runs/synth_1/.Xil/Vivado-4912-Del_Alienware/dcp16/Top_processing_system7_0_0_in_context.xdc, line 11).
Applied set_property IO_BUFFER_TYPE = NONE for DDR_addr[13]. (constraint file  C:/Zynq_Book/EQ_27/EQ_27.runs/synth_1/.Xil/Vivado-4912-Del_Alienware/dcp16/Top_processing_system7_0_0_in_context.xdc, line 12).
Applied set_property CLOCK_BUFFER_TYPE = NONE for DDR_addr[13]. (constraint file  C:/Zynq_Book/EQ_27/EQ_27.runs/synth_1/.Xil/Vivado-4912-Del_Alienware/dcp16/Top_processing_system7_0_0_in_context.xdc, line 13).
Applied set_property IO_BUFFER_TYPE = NONE for DDR_addr[14]. (constraint file  C:/Zynq_Book/EQ_27/EQ_27.runs/synth_1/.Xil/Vivado-4912-Del_Alienware/dcp16/Top_processing_system7_0_0_in_context.xdc, line 14).
Applied set_property CLOCK_BUFFER_TYPE = NONE for DDR_addr[14]. (constraint file  C:/Zynq_Book/EQ_27/EQ_27.runs/synth_1/.Xil/Vivado-4912-Del_Alienware/dcp16/Top_processing_system7_0_0_in_context.xdc, line 15).
Applied set_property IO_BUFFER_TYPE = NONE for DDR_addr[1]. (constraint file  C:/Zynq_Book/EQ_27/EQ_27.runs/synth_1/.Xil/Vivado-4912-Del_Alienware/dcp16/Top_processing_system7_0_0_in_context.xdc, line 16).
Applied set_property CLOCK_BUFFER_TYPE = NONE for DDR_addr[1]. (constraint file  C:/Zynq_Book/EQ_27/EQ_27.runs/synth_1/.Xil/Vivado-4912-Del_Alienware/dcp16/Top_processing_system7_0_0_in_context.xdc, line 17).
Applied set_property IO_BUFFER_TYPE = NONE for DDR_addr[2]. (constraint file  C:/Zynq_Book/EQ_27/EQ_27.runs/synth_1/.Xil/Vivado-4912-Del_Alienware/dcp16/Top_processing_system7_0_0_in_context.xdc, line 18).
Applied set_property CLOCK_BUFFER_TYPE = NONE for DDR_addr[2]. (constraint file  C:/Zynq_Book/EQ_27/EQ_27.runs/synth_1/.Xil/Vivado-4912-Del_Alienware/dcp16/Top_processing_system7_0_0_in_context.xdc, line 19).
Applied set_property IO_BUFFER_TYPE = NONE for DDR_addr[3]. (constraint file  C:/Zynq_Book/EQ_27/EQ_27.runs/synth_1/.Xil/Vivado-4912-Del_Alienware/dcp16/Top_processing_system7_0_0_in_context.xdc, line 20).
Applied set_property CLOCK_BUFFER_TYPE = NONE for DDR_addr[3]. (constraint file  C:/Zynq_Book/EQ_27/EQ_27.runs/synth_1/.Xil/Vivado-4912-Del_Alienware/dcp16/Top_processing_system7_0_0_in_context.xdc, line 21).
Applied set_property IO_BUFFER_TYPE = NONE for DDR_addr[4]. (constraint file  C:/Zynq_Book/EQ_27/EQ_27.runs/synth_1/.Xil/Vivado-4912-Del_Alienware/dcp16/Top_processing_system7_0_0_in_context.xdc, line 22).
Applied set_property CLOCK_BUFFER_TYPE = NONE for DDR_addr[4]. (constraint file  C:/Zynq_Book/EQ_27/EQ_27.runs/synth_1/.Xil/Vivado-4912-Del_Alienware/dcp16/Top_processing_system7_0_0_in_context.xdc, line 23).
Applied set_property IO_BUFFER_TYPE = NONE for DDR_addr[5]. (constraint file  C:/Zynq_Book/EQ_27/EQ_27.runs/synth_1/.Xil/Vivado-4912-Del_Alienware/dcp16/Top_processing_system7_0_0_in_context.xdc, line 24).
Applied set_property CLOCK_BUFFER_TYPE = NONE for DDR_addr[5]. (constraint file  C:/Zynq_Book/EQ_27/EQ_27.runs/synth_1/.Xil/Vivado-4912-Del_Alienware/dcp16/Top_processing_system7_0_0_in_context.xdc, line 25).
Applied set_property IO_BUFFER_TYPE = NONE for DDR_addr[6]. (constraint file  C:/Zynq_Book/EQ_27/EQ_27.runs/synth_1/.Xil/Vivado-4912-Del_Alienware/dcp16/Top_processing_system7_0_0_in_context.xdc, line 26).
Applied set_property CLOCK_BUFFER_TYPE = NONE for DDR_addr[6]. (constraint file  C:/Zynq_Book/EQ_27/EQ_27.runs/synth_1/.Xil/Vivado-4912-Del_Alienware/dcp16/Top_processing_system7_0_0_in_context.xdc, line 27).
Applied set_property IO_BUFFER_TYPE = NONE for DDR_addr[7]. (constraint file  C:/Zynq_Book/EQ_27/EQ_27.runs/synth_1/.Xil/Vivado-4912-Del_Alienware/dcp16/Top_processing_system7_0_0_in_context.xdc, line 28).
Applied set_property CLOCK_BUFFER_TYPE = NONE for DDR_addr[7]. (constraint file  C:/Zynq_Book/EQ_27/EQ_27.runs/synth_1/.Xil/Vivado-4912-Del_Alienware/dcp16/Top_processing_system7_0_0_in_context.xdc, line 29).
Applied set_property IO_BUFFER_TYPE = NONE for DDR_addr[8]. (constraint file  C:/Zynq_Book/EQ_27/EQ_27.runs/synth_1/.Xil/Vivado-4912-Del_Alienware/dcp16/Top_processing_system7_0_0_in_context.xdc, line 30).
Applied set_property CLOCK_BUFFER_TYPE = NONE for DDR_addr[8]. (constraint file  C:/Zynq_Book/EQ_27/EQ_27.runs/synth_1/.Xil/Vivado-4912-Del_Alienware/dcp16/Top_processing_system7_0_0_in_context.xdc, line 31).
Applied set_property IO_BUFFER_TYPE = NONE for DDR_addr[9]. (constraint file  C:/Zynq_Book/EQ_27/EQ_27.runs/synth_1/.Xil/Vivado-4912-Del_Alienware/dcp16/Top_processing_system7_0_0_in_context.xdc, line 32).
Applied set_property CLOCK_BUFFER_TYPE = NONE for DDR_addr[9]. (constraint file  C:/Zynq_Book/EQ_27/EQ_27.runs/synth_1/.Xil/Vivado-4912-Del_Alienware/dcp16/Top_processing_system7_0_0_in_context.xdc, line 33).
Applied set_property IO_BUFFER_TYPE = NONE for DDR_ba[0]. (constraint file  C:/Zynq_Book/EQ_27/EQ_27.runs/synth_1/.Xil/Vivado-4912-Del_Alienware/dcp16/Top_processing_system7_0_0_in_context.xdc, line 34).
Applied set_property CLOCK_BUFFER_TYPE = NONE for DDR_ba[0]. (constraint file  C:/Zynq_Book/EQ_27/EQ_27.runs/synth_1/.Xil/Vivado-4912-Del_Alienware/dcp16/Top_processing_system7_0_0_in_context.xdc, line 35).
Applied set_property IO_BUFFER_TYPE = NONE for DDR_ba[1]. (constraint file  C:/Zynq_Book/EQ_27/EQ_27.runs/synth_1/.Xil/Vivado-4912-Del_Alienware/dcp16/Top_processing_system7_0_0_in_context.xdc, line 36).
Applied set_property CLOCK_BUFFER_TYPE = NONE for DDR_ba[1]. (constraint file  C:/Zynq_Book/EQ_27/EQ_27.runs/synth_1/.Xil/Vivado-4912-Del_Alienware/dcp16/Top_processing_system7_0_0_in_context.xdc, line 37).
Applied set_property IO_BUFFER_TYPE = NONE for DDR_ba[2]. (constraint file  C:/Zynq_Book/EQ_27/EQ_27.runs/synth_1/.Xil/Vivado-4912-Del_Alienware/dcp16/Top_processing_system7_0_0_in_context.xdc, line 38).
Applied set_property CLOCK_BUFFER_TYPE = NONE for DDR_ba[2]. (constraint file  C:/Zynq_Book/EQ_27/EQ_27.runs/synth_1/.Xil/Vivado-4912-Del_Alienware/dcp16/Top_processing_system7_0_0_in_context.xdc, line 39).
Applied set_property IO_BUFFER_TYPE = NONE for DDR_cas_n. (constraint file  C:/Zynq_Book/EQ_27/EQ_27.runs/synth_1/.Xil/Vivado-4912-Del_Alienware/dcp16/Top_processing_system7_0_0_in_context.xdc, line 40).
Applied set_property CLOCK_BUFFER_TYPE = NONE for DDR_cas_n. (constraint file  C:/Zynq_Book/EQ_27/EQ_27.runs/synth_1/.Xil/Vivado-4912-Del_Alienware/dcp16/Top_processing_system7_0_0_in_context.xdc, line 41).
Applied set_property IO_BUFFER_TYPE = NONE for DDR_cke. (constraint file  C:/Zynq_Book/EQ_27/EQ_27.runs/synth_1/.Xil/Vivado-4912-Del_Alienware/dcp16/Top_processing_system7_0_0_in_context.xdc, line 42).
Applied set_property CLOCK_BUFFER_TYPE = NONE for DDR_cke. (constraint file  C:/Zynq_Book/EQ_27/EQ_27.runs/synth_1/.Xil/Vivado-4912-Del_Alienware/dcp16/Top_processing_system7_0_0_in_context.xdc, line 43).
Applied set_property IO_BUFFER_TYPE = NONE for DDR_cs_n. (constraint file  C:/Zynq_Book/EQ_27/EQ_27.runs/synth_1/.Xil/Vivado-4912-Del_Alienware/dcp16/Top_processing_system7_0_0_in_context.xdc, line 44).
Applied set_property CLOCK_BUFFER_TYPE = NONE for DDR_cs_n. (constraint file  C:/Zynq_Book/EQ_27/EQ_27.runs/synth_1/.Xil/Vivado-4912-Del_Alienware/dcp16/Top_processing_system7_0_0_in_context.xdc, line 45).
Applied set_property IO_BUFFER_TYPE = NONE for DDR_ck_p. (constraint file  C:/Zynq_Book/EQ_27/EQ_27.runs/synth_1/.Xil/Vivado-4912-Del_Alienware/dcp16/Top_processing_system7_0_0_in_context.xdc, line 46).
Applied set_property CLOCK_BUFFER_TYPE = NONE for DDR_ck_p. (constraint file  C:/Zynq_Book/EQ_27/EQ_27.runs/synth_1/.Xil/Vivado-4912-Del_Alienware/dcp16/Top_processing_system7_0_0_in_context.xdc, line 47).
Applied set_property IO_BUFFER_TYPE = NONE for DDR_ck_n. (constraint file  C:/Zynq_Book/EQ_27/EQ_27.runs/synth_1/.Xil/Vivado-4912-Del_Alienware/dcp16/Top_processing_system7_0_0_in_context.xdc, line 48).
Applied set_property CLOCK_BUFFER_TYPE = NONE for DDR_ck_n. (constraint file  C:/Zynq_Book/EQ_27/EQ_27.runs/synth_1/.Xil/Vivado-4912-Del_Alienware/dcp16/Top_processing_system7_0_0_in_context.xdc, line 49).
Applied set_property IO_BUFFER_TYPE = NONE for DDR_dm[0]. (constraint file  C:/Zynq_Book/EQ_27/EQ_27.runs/synth_1/.Xil/Vivado-4912-Del_Alienware/dcp16/Top_processing_system7_0_0_in_context.xdc, line 50).
Applied set_property CLOCK_BUFFER_TYPE = NONE for DDR_dm[0]. (constraint file  C:/Zynq_Book/EQ_27/EQ_27.runs/synth_1/.Xil/Vivado-4912-Del_Alienware/dcp16/Top_processing_system7_0_0_in_context.xdc, line 51).
Applied set_property IO_BUFFER_TYPE = NONE for DDR_dm[1]. (constraint file  C:/Zynq_Book/EQ_27/EQ_27.runs/synth_1/.Xil/Vivado-4912-Del_Alienware/dcp16/Top_processing_system7_0_0_in_context.xdc, line 52).
Applied set_property CLOCK_BUFFER_TYPE = NONE for DDR_dm[1]. (constraint file  C:/Zynq_Book/EQ_27/EQ_27.runs/synth_1/.Xil/Vivado-4912-Del_Alienware/dcp16/Top_processing_system7_0_0_in_context.xdc, line 53).
Applied set_property IO_BUFFER_TYPE = NONE for DDR_dm[2]. (constraint file  C:/Zynq_Book/EQ_27/EQ_27.runs/synth_1/.Xil/Vivado-4912-Del_Alienware/dcp16/Top_processing_system7_0_0_in_context.xdc, line 54).
Applied set_property CLOCK_BUFFER_TYPE = NONE for DDR_dm[2]. (constraint file  C:/Zynq_Book/EQ_27/EQ_27.runs/synth_1/.Xil/Vivado-4912-Del_Alienware/dcp16/Top_processing_system7_0_0_in_context.xdc, line 55).
Applied set_property IO_BUFFER_TYPE = NONE for DDR_dm[3]. (constraint file  C:/Zynq_Book/EQ_27/EQ_27.runs/synth_1/.Xil/Vivado-4912-Del_Alienware/dcp16/Top_processing_system7_0_0_in_context.xdc, line 56).
Applied set_property CLOCK_BUFFER_TYPE = NONE for DDR_dm[3]. (constraint file  C:/Zynq_Book/EQ_27/EQ_27.runs/synth_1/.Xil/Vivado-4912-Del_Alienware/dcp16/Top_processing_system7_0_0_in_context.xdc, line 57).
Applied set_property IO_BUFFER_TYPE = NONE for DDR_dqs_p[0]. (constraint file  C:/Zynq_Book/EQ_27/EQ_27.runs/synth_1/.Xil/Vivado-4912-Del_Alienware/dcp16/Top_processing_system7_0_0_in_context.xdc, line 58).
Applied set_property CLOCK_BUFFER_TYPE = NONE for DDR_dqs_p[0]. (constraint file  C:/Zynq_Book/EQ_27/EQ_27.runs/synth_1/.Xil/Vivado-4912-Del_Alienware/dcp16/Top_processing_system7_0_0_in_context.xdc, line 59).
Applied set_property IO_BUFFER_TYPE = NONE for DDR_dqs_p[1]. (constraint file  C:/Zynq_Book/EQ_27/EQ_27.runs/synth_1/.Xil/Vivado-4912-Del_Alienware/dcp16/Top_processing_system7_0_0_in_context.xdc, line 60).
Applied set_property CLOCK_BUFFER_TYPE = NONE for DDR_dqs_p[1]. (constraint file  C:/Zynq_Book/EQ_27/EQ_27.runs/synth_1/.Xil/Vivado-4912-Del_Alienware/dcp16/Top_processing_system7_0_0_in_context.xdc, line 61).
Applied set_property IO_BUFFER_TYPE = NONE for DDR_dqs_p[2]. (constraint file  C:/Zynq_Book/EQ_27/EQ_27.runs/synth_1/.Xil/Vivado-4912-Del_Alienware/dcp16/Top_processing_system7_0_0_in_context.xdc, line 62).
Applied set_property CLOCK_BUFFER_TYPE = NONE for DDR_dqs_p[2]. (constraint file  C:/Zynq_Book/EQ_27/EQ_27.runs/synth_1/.Xil/Vivado-4912-Del_Alienware/dcp16/Top_processing_system7_0_0_in_context.xdc, line 63).
Applied set_property IO_BUFFER_TYPE = NONE for DDR_dqs_p[3]. (constraint file  C:/Zynq_Book/EQ_27/EQ_27.runs/synth_1/.Xil/Vivado-4912-Del_Alienware/dcp16/Top_processing_system7_0_0_in_context.xdc, line 64).
Applied set_property CLOCK_BUFFER_TYPE = NONE for DDR_dqs_p[3]. (constraint file  C:/Zynq_Book/EQ_27/EQ_27.runs/synth_1/.Xil/Vivado-4912-Del_Alienware/dcp16/Top_processing_system7_0_0_in_context.xdc, line 65).
Applied set_property IO_BUFFER_TYPE = NONE for DDR_dqs_n[0]. (constraint file  C:/Zynq_Book/EQ_27/EQ_27.runs/synth_1/.Xil/Vivado-4912-Del_Alienware/dcp16/Top_processing_system7_0_0_in_context.xdc, line 66).
Applied set_property CLOCK_BUFFER_TYPE = NONE for DDR_dqs_n[0]. (constraint file  C:/Zynq_Book/EQ_27/EQ_27.runs/synth_1/.Xil/Vivado-4912-Del_Alienware/dcp16/Top_processing_system7_0_0_in_context.xdc, line 67).
Applied set_property IO_BUFFER_TYPE = NONE for DDR_dqs_n[1]. (constraint file  C:/Zynq_Book/EQ_27/EQ_27.runs/synth_1/.Xil/Vivado-4912-Del_Alienware/dcp16/Top_processing_system7_0_0_in_context.xdc, line 68).
Applied set_property CLOCK_BUFFER_TYPE = NONE for DDR_dqs_n[1]. (constraint file  C:/Zynq_Book/EQ_27/EQ_27.runs/synth_1/.Xil/Vivado-4912-Del_Alienware/dcp16/Top_processing_system7_0_0_in_context.xdc, line 69).
Applied set_property IO_BUFFER_TYPE = NONE for DDR_dqs_n[2]. (constraint file  C:/Zynq_Book/EQ_27/EQ_27.runs/synth_1/.Xil/Vivado-4912-Del_Alienware/dcp16/Top_processing_system7_0_0_in_context.xdc, line 70).
Applied set_property CLOCK_BUFFER_TYPE = NONE for DDR_dqs_n[2]. (constraint file  C:/Zynq_Book/EQ_27/EQ_27.runs/synth_1/.Xil/Vivado-4912-Del_Alienware/dcp16/Top_processing_system7_0_0_in_context.xdc, line 71).
Applied set_property IO_BUFFER_TYPE = NONE for DDR_dqs_n[3]. (constraint file  C:/Zynq_Book/EQ_27/EQ_27.runs/synth_1/.Xil/Vivado-4912-Del_Alienware/dcp16/Top_processing_system7_0_0_in_context.xdc, line 72).
Applied set_property CLOCK_BUFFER_TYPE = NONE for DDR_dqs_n[3]. (constraint file  C:/Zynq_Book/EQ_27/EQ_27.runs/synth_1/.Xil/Vivado-4912-Del_Alienware/dcp16/Top_processing_system7_0_0_in_context.xdc, line 73).
Applied set_property IO_BUFFER_TYPE = NONE for DDR_dq[0]. (constraint file  C:/Zynq_Book/EQ_27/EQ_27.runs/synth_1/.Xil/Vivado-4912-Del_Alienware/dcp16/Top_processing_system7_0_0_in_context.xdc, line 74).
Applied set_property CLOCK_BUFFER_TYPE = NONE for DDR_dq[0]. (constraint file  C:/Zynq_Book/EQ_27/EQ_27.runs/synth_1/.Xil/Vivado-4912-Del_Alienware/dcp16/Top_processing_system7_0_0_in_context.xdc, line 75).
Applied set_property IO_BUFFER_TYPE = NONE for DDR_dq[10]. (constraint file  C:/Zynq_Book/EQ_27/EQ_27.runs/synth_1/.Xil/Vivado-4912-Del_Alienware/dcp16/Top_processing_system7_0_0_in_context.xdc, line 76).
Applied set_property CLOCK_BUFFER_TYPE = NONE for DDR_dq[10]. (constraint file  C:/Zynq_Book/EQ_27/EQ_27.runs/synth_1/.Xil/Vivado-4912-Del_Alienware/dcp16/Top_processing_system7_0_0_in_context.xdc, line 77).
Applied set_property IO_BUFFER_TYPE = NONE for DDR_dq[11]. (constraint file  C:/Zynq_Book/EQ_27/EQ_27.runs/synth_1/.Xil/Vivado-4912-Del_Alienware/dcp16/Top_processing_system7_0_0_in_context.xdc, line 78).
Applied set_property CLOCK_BUFFER_TYPE = NONE for DDR_dq[11]. (constraint file  C:/Zynq_Book/EQ_27/EQ_27.runs/synth_1/.Xil/Vivado-4912-Del_Alienware/dcp16/Top_processing_system7_0_0_in_context.xdc, line 79).
Applied set_property IO_BUFFER_TYPE = NONE for DDR_dq[12]. (constraint file  C:/Zynq_Book/EQ_27/EQ_27.runs/synth_1/.Xil/Vivado-4912-Del_Alienware/dcp16/Top_processing_system7_0_0_in_context.xdc, line 80).
Applied set_property CLOCK_BUFFER_TYPE = NONE for DDR_dq[12]. (constraint file  C:/Zynq_Book/EQ_27/EQ_27.runs/synth_1/.Xil/Vivado-4912-Del_Alienware/dcp16/Top_processing_system7_0_0_in_context.xdc, line 81).
Applied set_property IO_BUFFER_TYPE = NONE for DDR_dq[13]. (constraint file  C:/Zynq_Book/EQ_27/EQ_27.runs/synth_1/.Xil/Vivado-4912-Del_Alienware/dcp16/Top_processing_system7_0_0_in_context.xdc, line 82).
Applied set_property CLOCK_BUFFER_TYPE = NONE for DDR_dq[13]. (constraint file  C:/Zynq_Book/EQ_27/EQ_27.runs/synth_1/.Xil/Vivado-4912-Del_Alienware/dcp16/Top_processing_system7_0_0_in_context.xdc, line 83).
Applied set_property IO_BUFFER_TYPE = NONE for DDR_dq[14]. (constraint file  C:/Zynq_Book/EQ_27/EQ_27.runs/synth_1/.Xil/Vivado-4912-Del_Alienware/dcp16/Top_processing_system7_0_0_in_context.xdc, line 84).
Applied set_property CLOCK_BUFFER_TYPE = NONE for DDR_dq[14]. (constraint file  C:/Zynq_Book/EQ_27/EQ_27.runs/synth_1/.Xil/Vivado-4912-Del_Alienware/dcp16/Top_processing_system7_0_0_in_context.xdc, line 85).
Applied set_property IO_BUFFER_TYPE = NONE for DDR_dq[15]. (constraint file  C:/Zynq_Book/EQ_27/EQ_27.runs/synth_1/.Xil/Vivado-4912-Del_Alienware/dcp16/Top_processing_system7_0_0_in_context.xdc, line 86).
Applied set_property CLOCK_BUFFER_TYPE = NONE for DDR_dq[15]. (constraint file  C:/Zynq_Book/EQ_27/EQ_27.runs/synth_1/.Xil/Vivado-4912-Del_Alienware/dcp16/Top_processing_system7_0_0_in_context.xdc, line 87).
Applied set_property IO_BUFFER_TYPE = NONE for DDR_dq[16]. (constraint file  C:/Zynq_Book/EQ_27/EQ_27.runs/synth_1/.Xil/Vivado-4912-Del_Alienware/dcp16/Top_processing_system7_0_0_in_context.xdc, line 88).
Applied set_property CLOCK_BUFFER_TYPE = NONE for DDR_dq[16]. (constraint file  C:/Zynq_Book/EQ_27/EQ_27.runs/synth_1/.Xil/Vivado-4912-Del_Alienware/dcp16/Top_processing_system7_0_0_in_context.xdc, line 89).
Applied set_property IO_BUFFER_TYPE = NONE for DDR_dq[17]. (constraint file  C:/Zynq_Book/EQ_27/EQ_27.runs/synth_1/.Xil/Vivado-4912-Del_Alienware/dcp16/Top_processing_system7_0_0_in_context.xdc, line 90).
Applied set_property CLOCK_BUFFER_TYPE = NONE for DDR_dq[17]. (constraint file  C:/Zynq_Book/EQ_27/EQ_27.runs/synth_1/.Xil/Vivado-4912-Del_Alienware/dcp16/Top_processing_system7_0_0_in_context.xdc, line 91).
Applied set_property IO_BUFFER_TYPE = NONE for DDR_dq[18]. (constraint file  C:/Zynq_Book/EQ_27/EQ_27.runs/synth_1/.Xil/Vivado-4912-Del_Alienware/dcp16/Top_processing_system7_0_0_in_context.xdc, line 92).
Applied set_property CLOCK_BUFFER_TYPE = NONE for DDR_dq[18]. (constraint file  C:/Zynq_Book/EQ_27/EQ_27.runs/synth_1/.Xil/Vivado-4912-Del_Alienware/dcp16/Top_processing_system7_0_0_in_context.xdc, line 93).
Applied set_property IO_BUFFER_TYPE = NONE for DDR_dq[19]. (constraint file  C:/Zynq_Book/EQ_27/EQ_27.runs/synth_1/.Xil/Vivado-4912-Del_Alienware/dcp16/Top_processing_system7_0_0_in_context.xdc, line 94).
Applied set_property CLOCK_BUFFER_TYPE = NONE for DDR_dq[19]. (constraint file  C:/Zynq_Book/EQ_27/EQ_27.runs/synth_1/.Xil/Vivado-4912-Del_Alienware/dcp16/Top_processing_system7_0_0_in_context.xdc, line 95).
Applied set_property IO_BUFFER_TYPE = NONE for DDR_dq[1]. (constraint file  C:/Zynq_Book/EQ_27/EQ_27.runs/synth_1/.Xil/Vivado-4912-Del_Alienware/dcp16/Top_processing_system7_0_0_in_context.xdc, line 96).
Applied set_property CLOCK_BUFFER_TYPE = NONE for DDR_dq[1]. (constraint file  C:/Zynq_Book/EQ_27/EQ_27.runs/synth_1/.Xil/Vivado-4912-Del_Alienware/dcp16/Top_processing_system7_0_0_in_context.xdc, line 97).
Applied set_property IO_BUFFER_TYPE = NONE for DDR_dq[20]. (constraint file  C:/Zynq_Book/EQ_27/EQ_27.runs/synth_1/.Xil/Vivado-4912-Del_Alienware/dcp16/Top_processing_system7_0_0_in_context.xdc, line 98).
Applied set_property CLOCK_BUFFER_TYPE = NONE for DDR_dq[20]. (constraint file  C:/Zynq_Book/EQ_27/EQ_27.runs/synth_1/.Xil/Vivado-4912-Del_Alienware/dcp16/Top_processing_system7_0_0_in_context.xdc, line 99).
Applied set_property IO_BUFFER_TYPE = NONE for DDR_dq[21]. (constraint file  C:/Zynq_Book/EQ_27/EQ_27.runs/synth_1/.Xil/Vivado-4912-Del_Alienware/dcp16/Top_processing_system7_0_0_in_context.xdc, line 100).
Applied set_property CLOCK_BUFFER_TYPE = NONE for DDR_dq[21]. (constraint file  C:/Zynq_Book/EQ_27/EQ_27.runs/synth_1/.Xil/Vivado-4912-Del_Alienware/dcp16/Top_processing_system7_0_0_in_context.xdc, line 101).
Applied set_property IO_BUFFER_TYPE = NONE for DDR_dq[22]. (constraint file  C:/Zynq_Book/EQ_27/EQ_27.runs/synth_1/.Xil/Vivado-4912-Del_Alienware/dcp16/Top_processing_system7_0_0_in_context.xdc, line 102).
Applied set_property CLOCK_BUFFER_TYPE = NONE for DDR_dq[22]. (constraint file  C:/Zynq_Book/EQ_27/EQ_27.runs/synth_1/.Xil/Vivado-4912-Del_Alienware/dcp16/Top_processing_system7_0_0_in_context.xdc, line 103).
Applied set_property IO_BUFFER_TYPE = NONE for DDR_dq[23]. (constraint file  C:/Zynq_Book/EQ_27/EQ_27.runs/synth_1/.Xil/Vivado-4912-Del_Alienware/dcp16/Top_processing_system7_0_0_in_context.xdc, line 104).
Applied set_property CLOCK_BUFFER_TYPE = NONE for DDR_dq[23]. (constraint file  C:/Zynq_Book/EQ_27/EQ_27.runs/synth_1/.Xil/Vivado-4912-Del_Alienware/dcp16/Top_processing_system7_0_0_in_context.xdc, line 105).
Applied set_property IO_BUFFER_TYPE = NONE for DDR_dq[24]. (constraint file  C:/Zynq_Book/EQ_27/EQ_27.runs/synth_1/.Xil/Vivado-4912-Del_Alienware/dcp16/Top_processing_system7_0_0_in_context.xdc, line 106).
Applied set_property CLOCK_BUFFER_TYPE = NONE for DDR_dq[24]. (constraint file  C:/Zynq_Book/EQ_27/EQ_27.runs/synth_1/.Xil/Vivado-4912-Del_Alienware/dcp16/Top_processing_system7_0_0_in_context.xdc, line 107).
Applied set_property IO_BUFFER_TYPE = NONE for DDR_dq[25]. (constraint file  C:/Zynq_Book/EQ_27/EQ_27.runs/synth_1/.Xil/Vivado-4912-Del_Alienware/dcp16/Top_processing_system7_0_0_in_context.xdc, line 108).
Applied set_property CLOCK_BUFFER_TYPE = NONE for DDR_dq[25]. (constraint file  C:/Zynq_Book/EQ_27/EQ_27.runs/synth_1/.Xil/Vivado-4912-Del_Alienware/dcp16/Top_processing_system7_0_0_in_context.xdc, line 109).
Applied set_property IO_BUFFER_TYPE = NONE for DDR_dq[26]. (constraint file  C:/Zynq_Book/EQ_27/EQ_27.runs/synth_1/.Xil/Vivado-4912-Del_Alienware/dcp16/Top_processing_system7_0_0_in_context.xdc, line 110).
Applied set_property CLOCK_BUFFER_TYPE = NONE for DDR_dq[26]. (constraint file  C:/Zynq_Book/EQ_27/EQ_27.runs/synth_1/.Xil/Vivado-4912-Del_Alienware/dcp16/Top_processing_system7_0_0_in_context.xdc, line 111).
Applied set_property IO_BUFFER_TYPE = NONE for DDR_dq[27]. (constraint file  C:/Zynq_Book/EQ_27/EQ_27.runs/synth_1/.Xil/Vivado-4912-Del_Alienware/dcp16/Top_processing_system7_0_0_in_context.xdc, line 112).
Applied set_property CLOCK_BUFFER_TYPE = NONE for DDR_dq[27]. (constraint file  C:/Zynq_Book/EQ_27/EQ_27.runs/synth_1/.Xil/Vivado-4912-Del_Alienware/dcp16/Top_processing_system7_0_0_in_context.xdc, line 113).
Applied set_property IO_BUFFER_TYPE = NONE for DDR_dq[28]. (constraint file  C:/Zynq_Book/EQ_27/EQ_27.runs/synth_1/.Xil/Vivado-4912-Del_Alienware/dcp16/Top_processing_system7_0_0_in_context.xdc, line 114).
Applied set_property CLOCK_BUFFER_TYPE = NONE for DDR_dq[28]. (constraint file  C:/Zynq_Book/EQ_27/EQ_27.runs/synth_1/.Xil/Vivado-4912-Del_Alienware/dcp16/Top_processing_system7_0_0_in_context.xdc, line 115).
Applied set_property IO_BUFFER_TYPE = NONE for DDR_dq[29]. (constraint file  C:/Zynq_Book/EQ_27/EQ_27.runs/synth_1/.Xil/Vivado-4912-Del_Alienware/dcp16/Top_processing_system7_0_0_in_context.xdc, line 116).
Applied set_property CLOCK_BUFFER_TYPE = NONE for DDR_dq[29]. (constraint file  C:/Zynq_Book/EQ_27/EQ_27.runs/synth_1/.Xil/Vivado-4912-Del_Alienware/dcp16/Top_processing_system7_0_0_in_context.xdc, line 117).
Applied set_property IO_BUFFER_TYPE = NONE for DDR_dq[2]. (constraint file  C:/Zynq_Book/EQ_27/EQ_27.runs/synth_1/.Xil/Vivado-4912-Del_Alienware/dcp16/Top_processing_system7_0_0_in_context.xdc, line 118).
Applied set_property CLOCK_BUFFER_TYPE = NONE for DDR_dq[2]. (constraint file  C:/Zynq_Book/EQ_27/EQ_27.runs/synth_1/.Xil/Vivado-4912-Del_Alienware/dcp16/Top_processing_system7_0_0_in_context.xdc, line 119).
Applied set_property IO_BUFFER_TYPE = NONE for DDR_dq[30]. (constraint file  C:/Zynq_Book/EQ_27/EQ_27.runs/synth_1/.Xil/Vivado-4912-Del_Alienware/dcp16/Top_processing_system7_0_0_in_context.xdc, line 120).
Applied set_property CLOCK_BUFFER_TYPE = NONE for DDR_dq[30]. (constraint file  C:/Zynq_Book/EQ_27/EQ_27.runs/synth_1/.Xil/Vivado-4912-Del_Alienware/dcp16/Top_processing_system7_0_0_in_context.xdc, line 121).
Applied set_property IO_BUFFER_TYPE = NONE for DDR_dq[31]. (constraint file  C:/Zynq_Book/EQ_27/EQ_27.runs/synth_1/.Xil/Vivado-4912-Del_Alienware/dcp16/Top_processing_system7_0_0_in_context.xdc, line 122).
Applied set_property CLOCK_BUFFER_TYPE = NONE for DDR_dq[31]. (constraint file  C:/Zynq_Book/EQ_27/EQ_27.runs/synth_1/.Xil/Vivado-4912-Del_Alienware/dcp16/Top_processing_system7_0_0_in_context.xdc, line 123).
Applied set_property IO_BUFFER_TYPE = NONE for DDR_dq[3]. (constraint file  C:/Zynq_Book/EQ_27/EQ_27.runs/synth_1/.Xil/Vivado-4912-Del_Alienware/dcp16/Top_processing_system7_0_0_in_context.xdc, line 124).
Applied set_property CLOCK_BUFFER_TYPE = NONE for DDR_dq[3]. (constraint file  C:/Zynq_Book/EQ_27/EQ_27.runs/synth_1/.Xil/Vivado-4912-Del_Alienware/dcp16/Top_processing_system7_0_0_in_context.xdc, line 125).
Applied set_property IO_BUFFER_TYPE = NONE for DDR_dq[4]. (constraint file  C:/Zynq_Book/EQ_27/EQ_27.runs/synth_1/.Xil/Vivado-4912-Del_Alienware/dcp16/Top_processing_system7_0_0_in_context.xdc, line 126).
Applied set_property CLOCK_BUFFER_TYPE = NONE for DDR_dq[4]. (constraint file  C:/Zynq_Book/EQ_27/EQ_27.runs/synth_1/.Xil/Vivado-4912-Del_Alienware/dcp16/Top_processing_system7_0_0_in_context.xdc, line 127).
Applied set_property IO_BUFFER_TYPE = NONE for DDR_dq[5]. (constraint file  C:/Zynq_Book/EQ_27/EQ_27.runs/synth_1/.Xil/Vivado-4912-Del_Alienware/dcp16/Top_processing_system7_0_0_in_context.xdc, line 128).
Applied set_property CLOCK_BUFFER_TYPE = NONE for DDR_dq[5]. (constraint file  C:/Zynq_Book/EQ_27/EQ_27.runs/synth_1/.Xil/Vivado-4912-Del_Alienware/dcp16/Top_processing_system7_0_0_in_context.xdc, line 129).
Applied set_property IO_BUFFER_TYPE = NONE for DDR_dq[6]. (constraint file  C:/Zynq_Book/EQ_27/EQ_27.runs/synth_1/.Xil/Vivado-4912-Del_Alienware/dcp16/Top_processing_system7_0_0_in_context.xdc, line 130).
Applied set_property CLOCK_BUFFER_TYPE = NONE for DDR_dq[6]. (constraint file  C:/Zynq_Book/EQ_27/EQ_27.runs/synth_1/.Xil/Vivado-4912-Del_Alienware/dcp16/Top_processing_system7_0_0_in_context.xdc, line 131).
Applied set_property IO_BUFFER_TYPE = NONE for DDR_dq[7]. (constraint file  C:/Zynq_Book/EQ_27/EQ_27.runs/synth_1/.Xil/Vivado-4912-Del_Alienware/dcp16/Top_processing_system7_0_0_in_context.xdc, line 132).
Applied set_property CLOCK_BUFFER_TYPE = NONE for DDR_dq[7]. (constraint file  C:/Zynq_Book/EQ_27/EQ_27.runs/synth_1/.Xil/Vivado-4912-Del_Alienware/dcp16/Top_processing_system7_0_0_in_context.xdc, line 133).
Applied set_property IO_BUFFER_TYPE = NONE for DDR_dq[8]. (constraint file  C:/Zynq_Book/EQ_27/EQ_27.runs/synth_1/.Xil/Vivado-4912-Del_Alienware/dcp16/Top_processing_system7_0_0_in_context.xdc, line 134).
Applied set_property CLOCK_BUFFER_TYPE = NONE for DDR_dq[8]. (constraint file  C:/Zynq_Book/EQ_27/EQ_27.runs/synth_1/.Xil/Vivado-4912-Del_Alienware/dcp16/Top_processing_system7_0_0_in_context.xdc, line 135).
Applied set_property IO_BUFFER_TYPE = NONE for DDR_dq[9]. (constraint file  C:/Zynq_Book/EQ_27/EQ_27.runs/synth_1/.Xil/Vivado-4912-Del_Alienware/dcp16/Top_processing_system7_0_0_in_context.xdc, line 136).
Applied set_property CLOCK_BUFFER_TYPE = NONE for DDR_dq[9]. (constraint file  C:/Zynq_Book/EQ_27/EQ_27.runs/synth_1/.Xil/Vivado-4912-Del_Alienware/dcp16/Top_processing_system7_0_0_in_context.xdc, line 137).
Applied set_property IO_BUFFER_TYPE = NONE for DDR_reset_n. (constraint file  C:/Zynq_Book/EQ_27/EQ_27.runs/synth_1/.Xil/Vivado-4912-Del_Alienware/dcp16/Top_processing_system7_0_0_in_context.xdc, line 138).
Applied set_property CLOCK_BUFFER_TYPE = NONE for DDR_reset_n. (constraint file  C:/Zynq_Book/EQ_27/EQ_27.runs/synth_1/.Xil/Vivado-4912-Del_Alienware/dcp16/Top_processing_system7_0_0_in_context.xdc, line 139).
Applied set_property IO_BUFFER_TYPE = NONE for DDR_odt. (constraint file  C:/Zynq_Book/EQ_27/EQ_27.runs/synth_1/.Xil/Vivado-4912-Del_Alienware/dcp16/Top_processing_system7_0_0_in_context.xdc, line 140).
Applied set_property CLOCK_BUFFER_TYPE = NONE for DDR_odt. (constraint file  C:/Zynq_Book/EQ_27/EQ_27.runs/synth_1/.Xil/Vivado-4912-Del_Alienware/dcp16/Top_processing_system7_0_0_in_context.xdc, line 141).
Applied set_property IO_BUFFER_TYPE = NONE for DDR_ras_n. (constraint file  C:/Zynq_Book/EQ_27/EQ_27.runs/synth_1/.Xil/Vivado-4912-Del_Alienware/dcp16/Top_processing_system7_0_0_in_context.xdc, line 142).
Applied set_property CLOCK_BUFFER_TYPE = NONE for DDR_ras_n. (constraint file  C:/Zynq_Book/EQ_27/EQ_27.runs/synth_1/.Xil/Vivado-4912-Del_Alienware/dcp16/Top_processing_system7_0_0_in_context.xdc, line 143).
Applied set_property IO_BUFFER_TYPE = NONE for FIXED_IO_ddr_vrn. (constraint file  C:/Zynq_Book/EQ_27/EQ_27.runs/synth_1/.Xil/Vivado-4912-Del_Alienware/dcp16/Top_processing_system7_0_0_in_context.xdc, line 144).
Applied set_property CLOCK_BUFFER_TYPE = NONE for FIXED_IO_ddr_vrn. (constraint file  C:/Zynq_Book/EQ_27/EQ_27.runs/synth_1/.Xil/Vivado-4912-Del_Alienware/dcp16/Top_processing_system7_0_0_in_context.xdc, line 145).
Applied set_property IO_BUFFER_TYPE = NONE for FIXED_IO_ddr_vrp. (constraint file  C:/Zynq_Book/EQ_27/EQ_27.runs/synth_1/.Xil/Vivado-4912-Del_Alienware/dcp16/Top_processing_system7_0_0_in_context.xdc, line 146).
Applied set_property CLOCK_BUFFER_TYPE = NONE for FIXED_IO_ddr_vrp. (constraint file  C:/Zynq_Book/EQ_27/EQ_27.runs/synth_1/.Xil/Vivado-4912-Del_Alienware/dcp16/Top_processing_system7_0_0_in_context.xdc, line 147).
Applied set_property IO_BUFFER_TYPE = NONE for DDR_we_n. (constraint file  C:/Zynq_Book/EQ_27/EQ_27.runs/synth_1/.Xil/Vivado-4912-Del_Alienware/dcp16/Top_processing_system7_0_0_in_context.xdc, line 148).
Applied set_property CLOCK_BUFFER_TYPE = NONE for DDR_we_n. (constraint file  C:/Zynq_Book/EQ_27/EQ_27.runs/synth_1/.Xil/Vivado-4912-Del_Alienware/dcp16/Top_processing_system7_0_0_in_context.xdc, line 149).
Applied set_property IO_BUFFER_TYPE = NONE for FIXED_IO_mio[0]. (constraint file  C:/Zynq_Book/EQ_27/EQ_27.runs/synth_1/.Xil/Vivado-4912-Del_Alienware/dcp16/Top_processing_system7_0_0_in_context.xdc, line 150).
Applied set_property CLOCK_BUFFER_TYPE = NONE for FIXED_IO_mio[0]. (constraint file  C:/Zynq_Book/EQ_27/EQ_27.runs/synth_1/.Xil/Vivado-4912-Del_Alienware/dcp16/Top_processing_system7_0_0_in_context.xdc, line 151).
Applied set_property IO_BUFFER_TYPE = NONE for FIXED_IO_mio[10]. (constraint file  C:/Zynq_Book/EQ_27/EQ_27.runs/synth_1/.Xil/Vivado-4912-Del_Alienware/dcp16/Top_processing_system7_0_0_in_context.xdc, line 152).
Applied set_property CLOCK_BUFFER_TYPE = NONE for FIXED_IO_mio[10]. (constraint file  C:/Zynq_Book/EQ_27/EQ_27.runs/synth_1/.Xil/Vivado-4912-Del_Alienware/dcp16/Top_processing_system7_0_0_in_context.xdc, line 153).
Applied set_property IO_BUFFER_TYPE = NONE for FIXED_IO_mio[11]. (constraint file  C:/Zynq_Book/EQ_27/EQ_27.runs/synth_1/.Xil/Vivado-4912-Del_Alienware/dcp16/Top_processing_system7_0_0_in_context.xdc, line 154).
Applied set_property CLOCK_BUFFER_TYPE = NONE for FIXED_IO_mio[11]. (constraint file  C:/Zynq_Book/EQ_27/EQ_27.runs/synth_1/.Xil/Vivado-4912-Del_Alienware/dcp16/Top_processing_system7_0_0_in_context.xdc, line 155).
Applied set_property IO_BUFFER_TYPE = NONE for FIXED_IO_mio[12]. (constraint file  C:/Zynq_Book/EQ_27/EQ_27.runs/synth_1/.Xil/Vivado-4912-Del_Alienware/dcp16/Top_processing_system7_0_0_in_context.xdc, line 156).
Applied set_property CLOCK_BUFFER_TYPE = NONE for FIXED_IO_mio[12]. (constraint file  C:/Zynq_Book/EQ_27/EQ_27.runs/synth_1/.Xil/Vivado-4912-Del_Alienware/dcp16/Top_processing_system7_0_0_in_context.xdc, line 157).
Applied set_property IO_BUFFER_TYPE = NONE for FIXED_IO_mio[13]. (constraint file  C:/Zynq_Book/EQ_27/EQ_27.runs/synth_1/.Xil/Vivado-4912-Del_Alienware/dcp16/Top_processing_system7_0_0_in_context.xdc, line 158).
Applied set_property CLOCK_BUFFER_TYPE = NONE for FIXED_IO_mio[13]. (constraint file  C:/Zynq_Book/EQ_27/EQ_27.runs/synth_1/.Xil/Vivado-4912-Del_Alienware/dcp16/Top_processing_system7_0_0_in_context.xdc, line 159).
Applied set_property IO_BUFFER_TYPE = NONE for FIXED_IO_mio[14]. (constraint file  C:/Zynq_Book/EQ_27/EQ_27.runs/synth_1/.Xil/Vivado-4912-Del_Alienware/dcp16/Top_processing_system7_0_0_in_context.xdc, line 160).
Applied set_property CLOCK_BUFFER_TYPE = NONE for FIXED_IO_mio[14]. (constraint file  C:/Zynq_Book/EQ_27/EQ_27.runs/synth_1/.Xil/Vivado-4912-Del_Alienware/dcp16/Top_processing_system7_0_0_in_context.xdc, line 161).
Applied set_property IO_BUFFER_TYPE = NONE for FIXED_IO_mio[15]. (constraint file  C:/Zynq_Book/EQ_27/EQ_27.runs/synth_1/.Xil/Vivado-4912-Del_Alienware/dcp16/Top_processing_system7_0_0_in_context.xdc, line 162).
Applied set_property CLOCK_BUFFER_TYPE = NONE for FIXED_IO_mio[15]. (constraint file  C:/Zynq_Book/EQ_27/EQ_27.runs/synth_1/.Xil/Vivado-4912-Del_Alienware/dcp16/Top_processing_system7_0_0_in_context.xdc, line 163).
Applied set_property IO_BUFFER_TYPE = NONE for FIXED_IO_mio[16]. (constraint file  C:/Zynq_Book/EQ_27/EQ_27.runs/synth_1/.Xil/Vivado-4912-Del_Alienware/dcp16/Top_processing_system7_0_0_in_context.xdc, line 164).
Applied set_property CLOCK_BUFFER_TYPE = NONE for FIXED_IO_mio[16]. (constraint file  C:/Zynq_Book/EQ_27/EQ_27.runs/synth_1/.Xil/Vivado-4912-Del_Alienware/dcp16/Top_processing_system7_0_0_in_context.xdc, line 165).
Applied set_property IO_BUFFER_TYPE = NONE for FIXED_IO_mio[17]. (constraint file  C:/Zynq_Book/EQ_27/EQ_27.runs/synth_1/.Xil/Vivado-4912-Del_Alienware/dcp16/Top_processing_system7_0_0_in_context.xdc, line 166).
Applied set_property CLOCK_BUFFER_TYPE = NONE for FIXED_IO_mio[17]. (constraint file  C:/Zynq_Book/EQ_27/EQ_27.runs/synth_1/.Xil/Vivado-4912-Del_Alienware/dcp16/Top_processing_system7_0_0_in_context.xdc, line 167).
Applied set_property IO_BUFFER_TYPE = NONE for FIXED_IO_mio[18]. (constraint file  C:/Zynq_Book/EQ_27/EQ_27.runs/synth_1/.Xil/Vivado-4912-Del_Alienware/dcp16/Top_processing_system7_0_0_in_context.xdc, line 168).
Applied set_property CLOCK_BUFFER_TYPE = NONE for FIXED_IO_mio[18]. (constraint file  C:/Zynq_Book/EQ_27/EQ_27.runs/synth_1/.Xil/Vivado-4912-Del_Alienware/dcp16/Top_processing_system7_0_0_in_context.xdc, line 169).
Applied set_property IO_BUFFER_TYPE = NONE for FIXED_IO_mio[19]. (constraint file  C:/Zynq_Book/EQ_27/EQ_27.runs/synth_1/.Xil/Vivado-4912-Del_Alienware/dcp16/Top_processing_system7_0_0_in_context.xdc, line 170).
Applied set_property CLOCK_BUFFER_TYPE = NONE for FIXED_IO_mio[19]. (constraint file  C:/Zynq_Book/EQ_27/EQ_27.runs/synth_1/.Xil/Vivado-4912-Del_Alienware/dcp16/Top_processing_system7_0_0_in_context.xdc, line 171).
Applied set_property IO_BUFFER_TYPE = NONE for FIXED_IO_mio[1]. (constraint file  C:/Zynq_Book/EQ_27/EQ_27.runs/synth_1/.Xil/Vivado-4912-Del_Alienware/dcp16/Top_processing_system7_0_0_in_context.xdc, line 172).
Applied set_property CLOCK_BUFFER_TYPE = NONE for FIXED_IO_mio[1]. (constraint file  C:/Zynq_Book/EQ_27/EQ_27.runs/synth_1/.Xil/Vivado-4912-Del_Alienware/dcp16/Top_processing_system7_0_0_in_context.xdc, line 173).
Applied set_property IO_BUFFER_TYPE = NONE for FIXED_IO_mio[20]. (constraint file  C:/Zynq_Book/EQ_27/EQ_27.runs/synth_1/.Xil/Vivado-4912-Del_Alienware/dcp16/Top_processing_system7_0_0_in_context.xdc, line 174).
Applied set_property CLOCK_BUFFER_TYPE = NONE for FIXED_IO_mio[20]. (constraint file  C:/Zynq_Book/EQ_27/EQ_27.runs/synth_1/.Xil/Vivado-4912-Del_Alienware/dcp16/Top_processing_system7_0_0_in_context.xdc, line 175).
Applied set_property IO_BUFFER_TYPE = NONE for FIXED_IO_mio[21]. (constraint file  C:/Zynq_Book/EQ_27/EQ_27.runs/synth_1/.Xil/Vivado-4912-Del_Alienware/dcp16/Top_processing_system7_0_0_in_context.xdc, line 176).
Applied set_property CLOCK_BUFFER_TYPE = NONE for FIXED_IO_mio[21]. (constraint file  C:/Zynq_Book/EQ_27/EQ_27.runs/synth_1/.Xil/Vivado-4912-Del_Alienware/dcp16/Top_processing_system7_0_0_in_context.xdc, line 177).
Applied set_property IO_BUFFER_TYPE = NONE for FIXED_IO_mio[22]. (constraint file  C:/Zynq_Book/EQ_27/EQ_27.runs/synth_1/.Xil/Vivado-4912-Del_Alienware/dcp16/Top_processing_system7_0_0_in_context.xdc, line 178).
Applied set_property CLOCK_BUFFER_TYPE = NONE for FIXED_IO_mio[22]. (constraint file  C:/Zynq_Book/EQ_27/EQ_27.runs/synth_1/.Xil/Vivado-4912-Del_Alienware/dcp16/Top_processing_system7_0_0_in_context.xdc, line 179).
Applied set_property IO_BUFFER_TYPE = NONE for FIXED_IO_mio[23]. (constraint file  C:/Zynq_Book/EQ_27/EQ_27.runs/synth_1/.Xil/Vivado-4912-Del_Alienware/dcp16/Top_processing_system7_0_0_in_context.xdc, line 180).
Applied set_property CLOCK_BUFFER_TYPE = NONE for FIXED_IO_mio[23]. (constraint file  C:/Zynq_Book/EQ_27/EQ_27.runs/synth_1/.Xil/Vivado-4912-Del_Alienware/dcp16/Top_processing_system7_0_0_in_context.xdc, line 181).
Applied set_property IO_BUFFER_TYPE = NONE for FIXED_IO_mio[24]. (constraint file  C:/Zynq_Book/EQ_27/EQ_27.runs/synth_1/.Xil/Vivado-4912-Del_Alienware/dcp16/Top_processing_system7_0_0_in_context.xdc, line 182).
Applied set_property CLOCK_BUFFER_TYPE = NONE for FIXED_IO_mio[24]. (constraint file  C:/Zynq_Book/EQ_27/EQ_27.runs/synth_1/.Xil/Vivado-4912-Del_Alienware/dcp16/Top_processing_system7_0_0_in_context.xdc, line 183).
Applied set_property IO_BUFFER_TYPE = NONE for FIXED_IO_mio[25]. (constraint file  C:/Zynq_Book/EQ_27/EQ_27.runs/synth_1/.Xil/Vivado-4912-Del_Alienware/dcp16/Top_processing_system7_0_0_in_context.xdc, line 184).
Applied set_property CLOCK_BUFFER_TYPE = NONE for FIXED_IO_mio[25]. (constraint file  C:/Zynq_Book/EQ_27/EQ_27.runs/synth_1/.Xil/Vivado-4912-Del_Alienware/dcp16/Top_processing_system7_0_0_in_context.xdc, line 185).
Applied set_property IO_BUFFER_TYPE = NONE for FIXED_IO_mio[26]. (constraint file  C:/Zynq_Book/EQ_27/EQ_27.runs/synth_1/.Xil/Vivado-4912-Del_Alienware/dcp16/Top_processing_system7_0_0_in_context.xdc, line 186).
Applied set_property CLOCK_BUFFER_TYPE = NONE for FIXED_IO_mio[26]. (constraint file  C:/Zynq_Book/EQ_27/EQ_27.runs/synth_1/.Xil/Vivado-4912-Del_Alienware/dcp16/Top_processing_system7_0_0_in_context.xdc, line 187).
Applied set_property IO_BUFFER_TYPE = NONE for FIXED_IO_mio[27]. (constraint file  C:/Zynq_Book/EQ_27/EQ_27.runs/synth_1/.Xil/Vivado-4912-Del_Alienware/dcp16/Top_processing_system7_0_0_in_context.xdc, line 188).
Applied set_property CLOCK_BUFFER_TYPE = NONE for FIXED_IO_mio[27]. (constraint file  C:/Zynq_Book/EQ_27/EQ_27.runs/synth_1/.Xil/Vivado-4912-Del_Alienware/dcp16/Top_processing_system7_0_0_in_context.xdc, line 189).
Applied set_property IO_BUFFER_TYPE = NONE for FIXED_IO_mio[28]. (constraint file  C:/Zynq_Book/EQ_27/EQ_27.runs/synth_1/.Xil/Vivado-4912-Del_Alienware/dcp16/Top_processing_system7_0_0_in_context.xdc, line 190).
Applied set_property CLOCK_BUFFER_TYPE = NONE for FIXED_IO_mio[28]. (constraint file  C:/Zynq_Book/EQ_27/EQ_27.runs/synth_1/.Xil/Vivado-4912-Del_Alienware/dcp16/Top_processing_system7_0_0_in_context.xdc, line 191).
Applied set_property IO_BUFFER_TYPE = NONE for FIXED_IO_mio[29]. (constraint file  C:/Zynq_Book/EQ_27/EQ_27.runs/synth_1/.Xil/Vivado-4912-Del_Alienware/dcp16/Top_processing_system7_0_0_in_context.xdc, line 192).
Applied set_property CLOCK_BUFFER_TYPE = NONE for FIXED_IO_mio[29]. (constraint file  C:/Zynq_Book/EQ_27/EQ_27.runs/synth_1/.Xil/Vivado-4912-Del_Alienware/dcp16/Top_processing_system7_0_0_in_context.xdc, line 193).
Applied set_property IO_BUFFER_TYPE = NONE for FIXED_IO_mio[2]. (constraint file  C:/Zynq_Book/EQ_27/EQ_27.runs/synth_1/.Xil/Vivado-4912-Del_Alienware/dcp16/Top_processing_system7_0_0_in_context.xdc, line 194).
Applied set_property CLOCK_BUFFER_TYPE = NONE for FIXED_IO_mio[2]. (constraint file  C:/Zynq_Book/EQ_27/EQ_27.runs/synth_1/.Xil/Vivado-4912-Del_Alienware/dcp16/Top_processing_system7_0_0_in_context.xdc, line 195).
Applied set_property IO_BUFFER_TYPE = NONE for FIXED_IO_mio[30]. (constraint file  C:/Zynq_Book/EQ_27/EQ_27.runs/synth_1/.Xil/Vivado-4912-Del_Alienware/dcp16/Top_processing_system7_0_0_in_context.xdc, line 196).
Applied set_property CLOCK_BUFFER_TYPE = NONE for FIXED_IO_mio[30]. (constraint file  C:/Zynq_Book/EQ_27/EQ_27.runs/synth_1/.Xil/Vivado-4912-Del_Alienware/dcp16/Top_processing_system7_0_0_in_context.xdc, line 197).
Applied set_property IO_BUFFER_TYPE = NONE for FIXED_IO_mio[31]. (constraint file  C:/Zynq_Book/EQ_27/EQ_27.runs/synth_1/.Xil/Vivado-4912-Del_Alienware/dcp16/Top_processing_system7_0_0_in_context.xdc, line 198).
Applied set_property CLOCK_BUFFER_TYPE = NONE for FIXED_IO_mio[31]. (constraint file  C:/Zynq_Book/EQ_27/EQ_27.runs/synth_1/.Xil/Vivado-4912-Del_Alienware/dcp16/Top_processing_system7_0_0_in_context.xdc, line 199).
Applied set_property IO_BUFFER_TYPE = NONE for FIXED_IO_mio[32]. (constraint file  C:/Zynq_Book/EQ_27/EQ_27.runs/synth_1/.Xil/Vivado-4912-Del_Alienware/dcp16/Top_processing_system7_0_0_in_context.xdc, line 200).
Applied set_property CLOCK_BUFFER_TYPE = NONE for FIXED_IO_mio[32]. (constraint file  C:/Zynq_Book/EQ_27/EQ_27.runs/synth_1/.Xil/Vivado-4912-Del_Alienware/dcp16/Top_processing_system7_0_0_in_context.xdc, line 201).
Applied set_property IO_BUFFER_TYPE = NONE for FIXED_IO_mio[33]. (constraint file  C:/Zynq_Book/EQ_27/EQ_27.runs/synth_1/.Xil/Vivado-4912-Del_Alienware/dcp16/Top_processing_system7_0_0_in_context.xdc, line 202).
Applied set_property CLOCK_BUFFER_TYPE = NONE for FIXED_IO_mio[33]. (constraint file  C:/Zynq_Book/EQ_27/EQ_27.runs/synth_1/.Xil/Vivado-4912-Del_Alienware/dcp16/Top_processing_system7_0_0_in_context.xdc, line 203).
Applied set_property IO_BUFFER_TYPE = NONE for FIXED_IO_mio[34]. (constraint file  C:/Zynq_Book/EQ_27/EQ_27.runs/synth_1/.Xil/Vivado-4912-Del_Alienware/dcp16/Top_processing_system7_0_0_in_context.xdc, line 204).
Applied set_property CLOCK_BUFFER_TYPE = NONE for FIXED_IO_mio[34]. (constraint file  C:/Zynq_Book/EQ_27/EQ_27.runs/synth_1/.Xil/Vivado-4912-Del_Alienware/dcp16/Top_processing_system7_0_0_in_context.xdc, line 205).
Applied set_property IO_BUFFER_TYPE = NONE for FIXED_IO_mio[35]. (constraint file  C:/Zynq_Book/EQ_27/EQ_27.runs/synth_1/.Xil/Vivado-4912-Del_Alienware/dcp16/Top_processing_system7_0_0_in_context.xdc, line 206).
Applied set_property CLOCK_BUFFER_TYPE = NONE for FIXED_IO_mio[35]. (constraint file  C:/Zynq_Book/EQ_27/EQ_27.runs/synth_1/.Xil/Vivado-4912-Del_Alienware/dcp16/Top_processing_system7_0_0_in_context.xdc, line 207).
Applied set_property IO_BUFFER_TYPE = NONE for FIXED_IO_mio[36]. (constraint file  C:/Zynq_Book/EQ_27/EQ_27.runs/synth_1/.Xil/Vivado-4912-Del_Alienware/dcp16/Top_processing_system7_0_0_in_context.xdc, line 208).
Applied set_property CLOCK_BUFFER_TYPE = NONE for FIXED_IO_mio[36]. (constraint file  C:/Zynq_Book/EQ_27/EQ_27.runs/synth_1/.Xil/Vivado-4912-Del_Alienware/dcp16/Top_processing_system7_0_0_in_context.xdc, line 209).
Applied set_property IO_BUFFER_TYPE = NONE for FIXED_IO_mio[37]. (constraint file  C:/Zynq_Book/EQ_27/EQ_27.runs/synth_1/.Xil/Vivado-4912-Del_Alienware/dcp16/Top_processing_system7_0_0_in_context.xdc, line 210).
Applied set_property CLOCK_BUFFER_TYPE = NONE for FIXED_IO_mio[37]. (constraint file  C:/Zynq_Book/EQ_27/EQ_27.runs/synth_1/.Xil/Vivado-4912-Del_Alienware/dcp16/Top_processing_system7_0_0_in_context.xdc, line 211).
Applied set_property IO_BUFFER_TYPE = NONE for FIXED_IO_mio[38]. (constraint file  C:/Zynq_Book/EQ_27/EQ_27.runs/synth_1/.Xil/Vivado-4912-Del_Alienware/dcp16/Top_processing_system7_0_0_in_context.xdc, line 212).
Applied set_property CLOCK_BUFFER_TYPE = NONE for FIXED_IO_mio[38]. (constraint file  C:/Zynq_Book/EQ_27/EQ_27.runs/synth_1/.Xil/Vivado-4912-Del_Alienware/dcp16/Top_processing_system7_0_0_in_context.xdc, line 213).
Applied set_property IO_BUFFER_TYPE = NONE for FIXED_IO_mio[39]. (constraint file  C:/Zynq_Book/EQ_27/EQ_27.runs/synth_1/.Xil/Vivado-4912-Del_Alienware/dcp16/Top_processing_system7_0_0_in_context.xdc, line 214).
Applied set_property CLOCK_BUFFER_TYPE = NONE for FIXED_IO_mio[39]. (constraint file  C:/Zynq_Book/EQ_27/EQ_27.runs/synth_1/.Xil/Vivado-4912-Del_Alienware/dcp16/Top_processing_system7_0_0_in_context.xdc, line 215).
Applied set_property IO_BUFFER_TYPE = NONE for FIXED_IO_mio[3]. (constraint file  C:/Zynq_Book/EQ_27/EQ_27.runs/synth_1/.Xil/Vivado-4912-Del_Alienware/dcp16/Top_processing_system7_0_0_in_context.xdc, line 216).
Applied set_property CLOCK_BUFFER_TYPE = NONE for FIXED_IO_mio[3]. (constraint file  C:/Zynq_Book/EQ_27/EQ_27.runs/synth_1/.Xil/Vivado-4912-Del_Alienware/dcp16/Top_processing_system7_0_0_in_context.xdc, line 217).
Applied set_property IO_BUFFER_TYPE = NONE for FIXED_IO_mio[40]. (constraint file  C:/Zynq_Book/EQ_27/EQ_27.runs/synth_1/.Xil/Vivado-4912-Del_Alienware/dcp16/Top_processing_system7_0_0_in_context.xdc, line 218).
Applied set_property CLOCK_BUFFER_TYPE = NONE for FIXED_IO_mio[40]. (constraint file  C:/Zynq_Book/EQ_27/EQ_27.runs/synth_1/.Xil/Vivado-4912-Del_Alienware/dcp16/Top_processing_system7_0_0_in_context.xdc, line 219).
Applied set_property IO_BUFFER_TYPE = NONE for FIXED_IO_mio[41]. (constraint file  C:/Zynq_Book/EQ_27/EQ_27.runs/synth_1/.Xil/Vivado-4912-Del_Alienware/dcp16/Top_processing_system7_0_0_in_context.xdc, line 220).
Applied set_property CLOCK_BUFFER_TYPE = NONE for FIXED_IO_mio[41]. (constraint file  C:/Zynq_Book/EQ_27/EQ_27.runs/synth_1/.Xil/Vivado-4912-Del_Alienware/dcp16/Top_processing_system7_0_0_in_context.xdc, line 221).
Applied set_property IO_BUFFER_TYPE = NONE for FIXED_IO_mio[42]. (constraint file  C:/Zynq_Book/EQ_27/EQ_27.runs/synth_1/.Xil/Vivado-4912-Del_Alienware/dcp16/Top_processing_system7_0_0_in_context.xdc, line 222).
Applied set_property CLOCK_BUFFER_TYPE = NONE for FIXED_IO_mio[42]. (constraint file  C:/Zynq_Book/EQ_27/EQ_27.runs/synth_1/.Xil/Vivado-4912-Del_Alienware/dcp16/Top_processing_system7_0_0_in_context.xdc, line 223).
Applied set_property IO_BUFFER_TYPE = NONE for FIXED_IO_mio[43]. (constraint file  C:/Zynq_Book/EQ_27/EQ_27.runs/synth_1/.Xil/Vivado-4912-Del_Alienware/dcp16/Top_processing_system7_0_0_in_context.xdc, line 224).
Applied set_property CLOCK_BUFFER_TYPE = NONE for FIXED_IO_mio[43]. (constraint file  C:/Zynq_Book/EQ_27/EQ_27.runs/synth_1/.Xil/Vivado-4912-Del_Alienware/dcp16/Top_processing_system7_0_0_in_context.xdc, line 225).
Applied set_property IO_BUFFER_TYPE = NONE for FIXED_IO_mio[44]. (constraint file  C:/Zynq_Book/EQ_27/EQ_27.runs/synth_1/.Xil/Vivado-4912-Del_Alienware/dcp16/Top_processing_system7_0_0_in_context.xdc, line 226).
Applied set_property CLOCK_BUFFER_TYPE = NONE for FIXED_IO_mio[44]. (constraint file  C:/Zynq_Book/EQ_27/EQ_27.runs/synth_1/.Xil/Vivado-4912-Del_Alienware/dcp16/Top_processing_system7_0_0_in_context.xdc, line 227).
Applied set_property IO_BUFFER_TYPE = NONE for FIXED_IO_mio[45]. (constraint file  C:/Zynq_Book/EQ_27/EQ_27.runs/synth_1/.Xil/Vivado-4912-Del_Alienware/dcp16/Top_processing_system7_0_0_in_context.xdc, line 228).
Applied set_property CLOCK_BUFFER_TYPE = NONE for FIXED_IO_mio[45]. (constraint file  C:/Zynq_Book/EQ_27/EQ_27.runs/synth_1/.Xil/Vivado-4912-Del_Alienware/dcp16/Top_processing_system7_0_0_in_context.xdc, line 229).
Applied set_property IO_BUFFER_TYPE = NONE for FIXED_IO_mio[46]. (constraint file  C:/Zynq_Book/EQ_27/EQ_27.runs/synth_1/.Xil/Vivado-4912-Del_Alienware/dcp16/Top_processing_system7_0_0_in_context.xdc, line 230).
Applied set_property CLOCK_BUFFER_TYPE = NONE for FIXED_IO_mio[46]. (constraint file  C:/Zynq_Book/EQ_27/EQ_27.runs/synth_1/.Xil/Vivado-4912-Del_Alienware/dcp16/Top_processing_system7_0_0_in_context.xdc, line 231).
Applied set_property IO_BUFFER_TYPE = NONE for FIXED_IO_mio[47]. (constraint file  C:/Zynq_Book/EQ_27/EQ_27.runs/synth_1/.Xil/Vivado-4912-Del_Alienware/dcp16/Top_processing_system7_0_0_in_context.xdc, line 232).
Applied set_property CLOCK_BUFFER_TYPE = NONE for FIXED_IO_mio[47]. (constraint file  C:/Zynq_Book/EQ_27/EQ_27.runs/synth_1/.Xil/Vivado-4912-Del_Alienware/dcp16/Top_processing_system7_0_0_in_context.xdc, line 233).
Applied set_property IO_BUFFER_TYPE = NONE for FIXED_IO_mio[48]. (constraint file  C:/Zynq_Book/EQ_27/EQ_27.runs/synth_1/.Xil/Vivado-4912-Del_Alienware/dcp16/Top_processing_system7_0_0_in_context.xdc, line 234).
Applied set_property CLOCK_BUFFER_TYPE = NONE for FIXED_IO_mio[48]. (constraint file  C:/Zynq_Book/EQ_27/EQ_27.runs/synth_1/.Xil/Vivado-4912-Del_Alienware/dcp16/Top_processing_system7_0_0_in_context.xdc, line 235).
Applied set_property IO_BUFFER_TYPE = NONE for FIXED_IO_mio[49]. (constraint file  C:/Zynq_Book/EQ_27/EQ_27.runs/synth_1/.Xil/Vivado-4912-Del_Alienware/dcp16/Top_processing_system7_0_0_in_context.xdc, line 236).
Applied set_property CLOCK_BUFFER_TYPE = NONE for FIXED_IO_mio[49]. (constraint file  C:/Zynq_Book/EQ_27/EQ_27.runs/synth_1/.Xil/Vivado-4912-Del_Alienware/dcp16/Top_processing_system7_0_0_in_context.xdc, line 237).
Applied set_property IO_BUFFER_TYPE = NONE for FIXED_IO_mio[4]. (constraint file  C:/Zynq_Book/EQ_27/EQ_27.runs/synth_1/.Xil/Vivado-4912-Del_Alienware/dcp16/Top_processing_system7_0_0_in_context.xdc, line 238).
Applied set_property CLOCK_BUFFER_TYPE = NONE for FIXED_IO_mio[4]. (constraint file  C:/Zynq_Book/EQ_27/EQ_27.runs/synth_1/.Xil/Vivado-4912-Del_Alienware/dcp16/Top_processing_system7_0_0_in_context.xdc, line 239).
Applied set_property IO_BUFFER_TYPE = NONE for FIXED_IO_mio[50]. (constraint file  C:/Zynq_Book/EQ_27/EQ_27.runs/synth_1/.Xil/Vivado-4912-Del_Alienware/dcp16/Top_processing_system7_0_0_in_context.xdc, line 240).
Applied set_property CLOCK_BUFFER_TYPE = NONE for FIXED_IO_mio[50]. (constraint file  C:/Zynq_Book/EQ_27/EQ_27.runs/synth_1/.Xil/Vivado-4912-Del_Alienware/dcp16/Top_processing_system7_0_0_in_context.xdc, line 241).
Applied set_property IO_BUFFER_TYPE = NONE for FIXED_IO_mio[51]. (constraint file  C:/Zynq_Book/EQ_27/EQ_27.runs/synth_1/.Xil/Vivado-4912-Del_Alienware/dcp16/Top_processing_system7_0_0_in_context.xdc, line 242).
Applied set_property CLOCK_BUFFER_TYPE = NONE for FIXED_IO_mio[51]. (constraint file  C:/Zynq_Book/EQ_27/EQ_27.runs/synth_1/.Xil/Vivado-4912-Del_Alienware/dcp16/Top_processing_system7_0_0_in_context.xdc, line 243).
Applied set_property IO_BUFFER_TYPE = NONE for FIXED_IO_mio[52]. (constraint file  C:/Zynq_Book/EQ_27/EQ_27.runs/synth_1/.Xil/Vivado-4912-Del_Alienware/dcp16/Top_processing_system7_0_0_in_context.xdc, line 244).
Applied set_property CLOCK_BUFFER_TYPE = NONE for FIXED_IO_mio[52]. (constraint file  C:/Zynq_Book/EQ_27/EQ_27.runs/synth_1/.Xil/Vivado-4912-Del_Alienware/dcp16/Top_processing_system7_0_0_in_context.xdc, line 245).
Applied set_property IO_BUFFER_TYPE = NONE for FIXED_IO_mio[53]. (constraint file  C:/Zynq_Book/EQ_27/EQ_27.runs/synth_1/.Xil/Vivado-4912-Del_Alienware/dcp16/Top_processing_system7_0_0_in_context.xdc, line 246).
Applied set_property CLOCK_BUFFER_TYPE = NONE for FIXED_IO_mio[53]. (constraint file  C:/Zynq_Book/EQ_27/EQ_27.runs/synth_1/.Xil/Vivado-4912-Del_Alienware/dcp16/Top_processing_system7_0_0_in_context.xdc, line 247).
Applied set_property IO_BUFFER_TYPE = NONE for FIXED_IO_mio[5]. (constraint file  C:/Zynq_Book/EQ_27/EQ_27.runs/synth_1/.Xil/Vivado-4912-Del_Alienware/dcp16/Top_processing_system7_0_0_in_context.xdc, line 248).
Applied set_property CLOCK_BUFFER_TYPE = NONE for FIXED_IO_mio[5]. (constraint file  C:/Zynq_Book/EQ_27/EQ_27.runs/synth_1/.Xil/Vivado-4912-Del_Alienware/dcp16/Top_processing_system7_0_0_in_context.xdc, line 249).
Applied set_property IO_BUFFER_TYPE = NONE for FIXED_IO_mio[6]. (constraint file  C:/Zynq_Book/EQ_27/EQ_27.runs/synth_1/.Xil/Vivado-4912-Del_Alienware/dcp16/Top_processing_system7_0_0_in_context.xdc, line 250).
Applied set_property CLOCK_BUFFER_TYPE = NONE for FIXED_IO_mio[6]. (constraint file  C:/Zynq_Book/EQ_27/EQ_27.runs/synth_1/.Xil/Vivado-4912-Del_Alienware/dcp16/Top_processing_system7_0_0_in_context.xdc, line 251).
Applied set_property IO_BUFFER_TYPE = NONE for FIXED_IO_mio[7]. (constraint file  C:/Zynq_Book/EQ_27/EQ_27.runs/synth_1/.Xil/Vivado-4912-Del_Alienware/dcp16/Top_processing_system7_0_0_in_context.xdc, line 252).
Applied set_property CLOCK_BUFFER_TYPE = NONE for FIXED_IO_mio[7]. (constraint file  C:/Zynq_Book/EQ_27/EQ_27.runs/synth_1/.Xil/Vivado-4912-Del_Alienware/dcp16/Top_processing_system7_0_0_in_context.xdc, line 253).
Applied set_property IO_BUFFER_TYPE = NONE for FIXED_IO_mio[8]. (constraint file  C:/Zynq_Book/EQ_27/EQ_27.runs/synth_1/.Xil/Vivado-4912-Del_Alienware/dcp16/Top_processing_system7_0_0_in_context.xdc, line 254).
Applied set_property CLOCK_BUFFER_TYPE = NONE for FIXED_IO_mio[8]. (constraint file  C:/Zynq_Book/EQ_27/EQ_27.runs/synth_1/.Xil/Vivado-4912-Del_Alienware/dcp16/Top_processing_system7_0_0_in_context.xdc, line 255).
Applied set_property IO_BUFFER_TYPE = NONE for FIXED_IO_mio[9]. (constraint file  C:/Zynq_Book/EQ_27/EQ_27.runs/synth_1/.Xil/Vivado-4912-Del_Alienware/dcp16/Top_processing_system7_0_0_in_context.xdc, line 256).
Applied set_property CLOCK_BUFFER_TYPE = NONE for FIXED_IO_mio[9]. (constraint file  C:/Zynq_Book/EQ_27/EQ_27.runs/synth_1/.Xil/Vivado-4912-Del_Alienware/dcp16/Top_processing_system7_0_0_in_context.xdc, line 257).
Applied set_property IO_BUFFER_TYPE = NONE for FIXED_IO_ps_clk. (constraint file  C:/Zynq_Book/EQ_27/EQ_27.runs/synth_1/.Xil/Vivado-4912-Del_Alienware/dcp16/Top_processing_system7_0_0_in_context.xdc, line 258).
Applied set_property CLOCK_BUFFER_TYPE = NONE for FIXED_IO_ps_clk. (constraint file  C:/Zynq_Book/EQ_27/EQ_27.runs/synth_1/.Xil/Vivado-4912-Del_Alienware/dcp16/Top_processing_system7_0_0_in_context.xdc, line 259).
Applied set_property IO_BUFFER_TYPE = NONE for FIXED_IO_ps_porb. (constraint file  C:/Zynq_Book/EQ_27/EQ_27.runs/synth_1/.Xil/Vivado-4912-Del_Alienware/dcp16/Top_processing_system7_0_0_in_context.xdc, line 260).
Applied set_property CLOCK_BUFFER_TYPE = NONE for FIXED_IO_ps_porb. (constraint file  C:/Zynq_Book/EQ_27/EQ_27.runs/synth_1/.Xil/Vivado-4912-Del_Alienware/dcp16/Top_processing_system7_0_0_in_context.xdc, line 261).
Applied set_property IO_BUFFER_TYPE = NONE for FIXED_IO_ps_srstb. (constraint file  C:/Zynq_Book/EQ_27/EQ_27.runs/synth_1/.Xil/Vivado-4912-Del_Alienware/dcp16/Top_processing_system7_0_0_in_context.xdc, line 262).
Applied set_property CLOCK_BUFFER_TYPE = NONE for FIXED_IO_ps_srstb. (constraint file  C:/Zynq_Book/EQ_27/EQ_27.runs/synth_1/.Xil/Vivado-4912-Del_Alienware/dcp16/Top_processing_system7_0_0_in_context.xdc, line 263).
Applied set_property DONT_TOUCH = true for Top_i. (constraint file  auto generated constraint, line ).
Applied set_property DONT_TOUCH = true for Top_i/axi_bram_ctrl_0. (constraint file  auto generated constraint, line ).
Applied set_property DONT_TOUCH = true for Top_i/axi_gpio_0. (constraint file  auto generated constraint, line ).
Applied set_property DONT_TOUCH = true for Top_i/axi_i2s_receiver_0. (constraint file  auto generated constraint, line ).
Applied set_property DONT_TOUCH = true for Top_i/axi_i2s_transmitter_0. (constraint file  auto generated constraint, line ).
Applied set_property DONT_TOUCH = true for Top_i/axi_interconnect_0. (constraint file  auto generated constraint, line ).
Applied set_property DONT_TOUCH = true for Top_i/axi_interconnect_0/m00_couplers/auto_ds. (constraint file  auto generated constraint, line ).
Applied set_property DONT_TOUCH = true for Top_i/axi_interconnect_0/m00_couplers/auto_pc. (constraint file  auto generated constraint, line ).
Applied set_property DONT_TOUCH = true for Top_i/axi_interconnect_0/m01_couplers/auto_ds. (constraint file  auto generated constraint, line ).
Applied set_property DONT_TOUCH = true for Top_i/axi_interconnect_0/m01_couplers/auto_pc. (constraint file  auto generated constraint, line ).
Applied set_property DONT_TOUCH = true for Top_i/axi_interconnect_0/s00_couplers/auto_pc. (constraint file  auto generated constraint, line ).
Applied set_property DONT_TOUCH = true for Top_i/axi_interconnect_0/s00_couplers/auto_us. (constraint file  auto generated constraint, line ).
Applied set_property DONT_TOUCH = true for Top_i/axi_interconnect_0/xbar. (constraint file  auto generated constraint, line ).
Applied set_property DONT_TOUCH = true for Top_i/blk_mem_gen_0. (constraint file  auto generated constraint, line ).
Applied set_property DONT_TOUCH = true for Top_i/eq_core_0. (constraint file  auto generated constraint, line ).
Applied set_property DONT_TOUCH = true for Top_i/processing_system7_0. (constraint file  auto generated constraint, line ).
Applied set_property DONT_TOUCH = true for Top_i/rst_ps7_0_100M. (constraint file  auto generated constraint, line ).
---------------------------------------------------------------------------------
Finished applying 'set_property' XDC Constraints : Time (s): cpu = 00:00:22 ; elapsed = 00:00:22 . Memory (MB): peak = 776.418 ; gain = 485.238
---------------------------------------------------------------------------------
---------------------------------------------------------------------------------
Finished RTL Optimization Phase 2 : Time (s): cpu = 00:00:22 ; elapsed = 00:00:22 . Memory (MB): peak = 776.418 ; gain = 485.238
---------------------------------------------------------------------------------

Report RTL Partitions: 
+-+--------------+------------+----------+
| |RTL Partition |Replication |Instances |
+-+--------------+------------+----------+
+-+--------------+------------+----------+
---------------------------------------------------------------------------------
Start RTL Component Statistics 
---------------------------------------------------------------------------------
Detailed RTL Component Info : 
---------------------------------------------------------------------------------
Finished RTL Component Statistics 
---------------------------------------------------------------------------------
---------------------------------------------------------------------------------
Start RTL Hierarchical Component Statistics 
---------------------------------------------------------------------------------
Hierarchical RTL Component report 
---------------------------------------------------------------------------------
Finished RTL Hierarchical Component Statistics
---------------------------------------------------------------------------------
---------------------------------------------------------------------------------
Start Part Resource Summary
---------------------------------------------------------------------------------
Part Resources:
DSPs: 220 (col length:60)
BRAMs: 280 (col length: RAMB18 60 RAMB36 30)
---------------------------------------------------------------------------------
Finished Part Resource Summary
---------------------------------------------------------------------------------
---------------------------------------------------------------------------------
Start Cross Boundary and Area Optimization
---------------------------------------------------------------------------------
WARNING: [Synth 8-3331] design Top_axi_interconnect_0_0 has unconnected port M00_ACLK
WARNING: [Synth 8-3331] design Top_axi_interconnect_0_0 has unconnected port M00_ARESETN
WARNING: [Synth 8-3331] design Top_axi_interconnect_0_0 has unconnected port M01_ACLK
WARNING: [Synth 8-3331] design Top_axi_interconnect_0_0 has unconnected port M01_ARESETN
WARNING: [Synth 8-3331] design Top_axi_interconnect_0_0 has unconnected port M02_ACLK
WARNING: [Synth 8-3331] design Top_axi_interconnect_0_0 has unconnected port M02_ARESETN
---------------------------------------------------------------------------------
Finished Cross Boundary and Area Optimization : Time (s): cpu = 00:00:23 ; elapsed = 00:00:23 . Memory (MB): peak = 776.418 ; gain = 485.238
---------------------------------------------------------------------------------

Report RTL Partitions: 
+-+--------------+------------+----------+
| |RTL Partition |Replication |Instances |
+-+--------------+------------+----------+
+-+--------------+------------+----------+
---------------------------------------------------------------------------------
Start Applying XDC Timing Constraints
---------------------------------------------------------------------------------
INFO: [Synth 8-5578] Moved timing constraint from pin 'Top_i/processing_system7_0/FCLK_CLK0' to pin 'Top_i/processing_system7_0/bbstub_FCLK_CLK0/O'
INFO: [Synth 8-5578] Moved timing constraint from pin 'Top_i/processing_system7_0/FCLK_CLK1' to pin 'Top_i/processing_system7_0/bbstub_FCLK_CLK1/O'
INFO: [Synth 8-5578] Moved timing constraint from pin 'Top_i/processing_system7_0/FCLK_CLK2' to pin 'Top_i/processing_system7_0/bbstub_FCLK_CLK2/O'
INFO: [Synth 8-5578] Moved timing constraint from pin 'Top_i/axi_bram_ctrl_0/bram_clk_a' to pin 'Top_i/axi_bram_ctrl_0/bbstub_bram_clk_a/O'
INFO: [Synth 8-5819] Moved 4 constraints on hierarchical pins to their respective driving/loading pins
---------------------------------------------------------------------------------
Finished Applying XDC Timing Constraints : Time (s): cpu = 00:00:34 ; elapsed = 00:00:35 . Memory (MB): peak = 797.746 ; gain = 506.566
---------------------------------------------------------------------------------
---------------------------------------------------------------------------------
Start Timing Optimization
---------------------------------------------------------------------------------
---------------------------------------------------------------------------------
Finished Timing Optimization : Time (s): cpu = 00:00:34 ; elapsed = 00:00:35 . Memory (MB): peak = 798.199 ; gain = 507.020
---------------------------------------------------------------------------------

Report RTL Partitions: 
+-+--------------+------------+----------+
| |RTL Partition |Replication |Instances |
+-+--------------+------------+----------+
+-+--------------+------------+----------+
---------------------------------------------------------------------------------
Start Technology Mapping
---------------------------------------------------------------------------------
---------------------------------------------------------------------------------
Finished Technology Mapping : Time (s): cpu = 00:00:34 ; elapsed = 00:00:35 . Memory (MB): peak = 811.160 ; gain = 519.980
---------------------------------------------------------------------------------

Report RTL Partitions: 
+-+--------------+------------+----------+
| |RTL Partition |Replication |Instances |
+-+--------------+------------+----------+
+-+--------------+------------+----------+
---------------------------------------------------------------------------------
Start IO Insertion
---------------------------------------------------------------------------------
---------------------------------------------------------------------------------
Start Flattening Before IO Insertion
---------------------------------------------------------------------------------
---------------------------------------------------------------------------------
Finished Flattening Before IO Insertion
---------------------------------------------------------------------------------
---------------------------------------------------------------------------------
Start Final Netlist Cleanup
---------------------------------------------------------------------------------
---------------------------------------------------------------------------------
Finished Final Netlist Cleanup
---------------------------------------------------------------------------------
---------------------------------------------------------------------------------
Finished IO Insertion : Time (s): cpu = 00:00:35 ; elapsed = 00:00:36 . Memory (MB): peak = 811.160 ; gain = 519.980
---------------------------------------------------------------------------------

Report Check Netlist: 
+------+------------------+-------+---------+-------+------------------+
|      |Item              |Errors |Warnings |Status |Description       |
+------+------------------+-------+---------+-------+------------------+
|1     |multi_driven_nets |      0|        0|Passed |Multi driven nets |
+------+------------------+-------+---------+-------+------------------+
---------------------------------------------------------------------------------
Start Renaming Generated Instances
---------------------------------------------------------------------------------
---------------------------------------------------------------------------------
Finished Renaming Generated Instances : Time (s): cpu = 00:00:35 ; elapsed = 00:00:36 . Memory (MB): peak = 811.160 ; gain = 519.980
---------------------------------------------------------------------------------

Report RTL Partitions: 
+-+--------------+------------+----------+
| |RTL Partition |Replication |Instances |
+-+--------------+------------+----------+
+-+--------------+------------+----------+
---------------------------------------------------------------------------------
Start Rebuilding User Hierarchy
---------------------------------------------------------------------------------
---------------------------------------------------------------------------------
Finished Rebuilding User Hierarchy : Time (s): cpu = 00:00:35 ; elapsed = 00:00:36 . Memory (MB): peak = 811.160 ; gain = 519.980
---------------------------------------------------------------------------------
---------------------------------------------------------------------------------
Start Renaming Generated Ports
---------------------------------------------------------------------------------
---------------------------------------------------------------------------------
Finished Renaming Generated Ports : Time (s): cpu = 00:00:35 ; elapsed = 00:00:36 . Memory (MB): peak = 811.160 ; gain = 519.980
---------------------------------------------------------------------------------
---------------------------------------------------------------------------------
Start Handling Custom Attributes
---------------------------------------------------------------------------------
---------------------------------------------------------------------------------
Finished Handling Custom Attributes : Time (s): cpu = 00:00:35 ; elapsed = 00:00:36 . Memory (MB): peak = 811.160 ; gain = 519.980
---------------------------------------------------------------------------------
---------------------------------------------------------------------------------
Start Renaming Generated Nets
---------------------------------------------------------------------------------
---------------------------------------------------------------------------------
Finished Renaming Generated Nets : Time (s): cpu = 00:00:35 ; elapsed = 00:00:36 . Memory (MB): peak = 811.160 ; gain = 519.980
---------------------------------------------------------------------------------
---------------------------------------------------------------------------------
Start Writing Synthesis Report
---------------------------------------------------------------------------------

Report BlackBoxes: 
+------+----------------------------+----------+
|      |BlackBox name               |Instances |
+------+----------------------------+----------+
|1     |Top_xbar_0                  |         1|
|2     |Top_auto_ds_0               |         1|
|3     |Top_auto_pc_0               |         1|
|4     |Top_auto_ds_1               |         1|
|5     |Top_auto_pc_1               |         1|
|6     |Top_auto_pc_2               |         1|
|7     |Top_auto_us_0               |         1|
|8     |Top_axi_bram_ctrl_0_0       |         1|
|9     |Top_axi_gpio_0_0            |         1|
|10    |Top_axi_i2s_receiver_0_0    |         1|
|11    |Top_axi_i2s_transmitter_0_0 |         1|
|12    |Top_blk_mem_gen_0_1         |         1|
|13    |Top_eq_core_0_0             |         1|
|14    |Top_processing_system7_0_0  |         1|
|15    |Top_rst_ps7_0_100M_0        |         1|
+------+----------------------------+----------+

Report Cell Usage: 
+------+----------------------------+------+
|      |Cell                        |Count |
+------+----------------------------+------+
|1     |Top_auto_ds_0               |     1|
|2     |Top_auto_ds_1               |     1|
|3     |Top_auto_pc_0               |     1|
|4     |Top_auto_pc_1               |     1|
|5     |Top_auto_pc_2               |     1|
|6     |Top_auto_us_0               |     1|
|7     |Top_axi_bram_ctrl_0_0       |     1|
|8     |Top_axi_gpio_0_0            |     1|
|9     |Top_axi_i2s_receiver_0_0    |     1|
|10    |Top_axi_i2s_transmitter_0_0 |     1|
|11    |Top_blk_mem_gen_0_1         |     1|
|12    |Top_eq_core_0_0             |     1|
|13    |Top_processing_system7_0_0  |     1|
|14    |Top_rst_ps7_0_100M_0        |     1|
|15    |Top_xbar_0                  |     1|
|16    |IBUF                        |     1|
|17    |IOBUF                       |     2|
|18    |OBUF                        |    12|
+------+----------------------------+------+

Report Instance Areas: 
+------+-----------------------+-------------------------+------+
|      |Instance               |Module                   |Cells |
+------+-----------------------+-------------------------+------+
|1     |top                    |                         |  3431|
|2     |  Top_i                |Top                      |  3416|
|3     |    axi_interconnect_0 |Top_axi_interconnect_0_0 |  2456|
|4     |      m00_couplers     |m00_couplers_imp_JY9FDQ  |   455|
|5     |      m01_couplers     |m01_couplers_imp_16V7BMJ |   455|
|6     |      s00_couplers     |s00_couplers_imp_1UB271G |   592|
+------+-----------------------+-------------------------+------+
---------------------------------------------------------------------------------
Finished Writing Synthesis Report : Time (s): cpu = 00:00:35 ; elapsed = 00:00:36 . Memory (MB): peak = 811.160 ; gain = 519.980
---------------------------------------------------------------------------------
Synthesis finished with 0 errors, 0 critical warnings and 6 warnings.
Synthesis Optimization Runtime : Time (s): cpu = 00:00:20 ; elapsed = 00:00:27 . Memory (MB): peak = 811.160 ; gain = 185.996
Synthesis Optimization Complete : Time (s): cpu = 00:00:36 ; elapsed = 00:00:36 . Memory (MB): peak = 811.160 ; gain = 519.980
INFO: [Project 1-571] Translating synthesized netlist
INFO: [Netlist 29-17] Analyzing 3 Unisim elements for replacement
INFO: [Netlist 29-28] Unisim Transformation completed in 0 CPU seconds
INFO: [Project 1-570] Preparing netlist for logic optimization
INFO: [Opt 31-138] Pushed 0 inverter(s) to 0 load pin(s).
INFO: [Project 1-111] Unisim Transformation Summary:
  A total of 2 instances were transformed.
  IOBUF => IOBUF (IBUF, OBUFT): 2 instances

INFO: [Common 17-83] Releasing license: Synthesis
70 Infos, 26 Warnings, 0 Critical Warnings and 0 Errors encountered.
synth_design completed successfully
synth_design: Time (s): cpu = 00:00:38 ; elapsed = 00:00:41 . Memory (MB): peak = 825.438 ; gain = 541.172
INFO: [Common 17-600] The following parameters have non-default value.
tcl.collectionResultDisplayLimit
INFO: [Common 17-1381] The checkpoint 'C:/Zynq_Book/EQ_27/EQ_27.runs/synth_1/Top_wrapper.dcp' has been generated.
INFO: [runtcl-4] Executing : report_utilization -file Top_wrapper_utilization_synth.rpt -pb Top_wrapper_utilization_synth.pb
report_utilization: Time (s): cpu = 00:00:00 ; elapsed = 00:00:00.036 . Memory (MB): peak = 825.809 ; gain = 0.000
INFO: [Common 17-206] Exiting Vivado at Thu Feb  8 15:00:22 2018...
